[0.007s] Invoking command in '/home/uas/Documents/blue/git_repos/xplane_ros2/build/xplane_interfaces': CMAKE_PREFIX_PATH=${CMAKE_PREFIX_PATH}:/home/uas/Documents/blue/git_repos/xplane_ros2/install/xplaneros2_main:/opt/ros/humble /usr/bin/cmake --build /home/uas/Documents/blue/git_repos/xplane_ros2/build/xplane_interfaces -- -j24 -l24
[0.025s] -- Found ament_cmake: 1.3.8 (/opt/ros/humble/share/ament_cmake/cmake)
[0.106s] -- Found rclcpp: 16.0.8 (/opt/ros/humble/share/rclcpp/cmake)
[0.124s] -- Found rosidl_generator_c: 3.1.5 (/opt/ros/humble/share/rosidl_generator_c/cmake)
[0.126s] -- Found rosidl_adapter: 3.1.5 (/opt/ros/humble/share/rosidl_adapter/cmake)
[0.130s] -- Found rosidl_generator_cpp: 3.1.5 (/opt/ros/humble/share/rosidl_generator_cpp/cmake)
[0.137s] -- Using all available rosidl_typesupport_c: rosidl_typesupport_fastrtps_c;rosidl_typesupport_introspection_c
[0.147s] -- Using all available rosidl_typesupport_cpp: rosidl_typesupport_fastrtps_cpp;rosidl_typesupport_introspection_cpp
[0.183s] -- Found rmw_implementation_cmake: 6.1.1 (/opt/ros/humble/share/rmw_implementation_cmake/cmake)
[0.184s] -- Found rmw_fastrtps_cpp: 6.2.6 (/opt/ros/humble/share/rmw_fastrtps_cpp/cmake)
[0.258s] -- Using RMW implementation 'rmw_fastrtps_cpp' as default
[0.359s] -- Found rosidl_default_generators: 1.2.0 (/opt/ros/humble/share/rosidl_default_generators/cmake)
[0.363s] -- Found ament_lint_auto: 0.12.10 (/opt/ros/humble/share/ament_lint_auto/cmake)
[0.560s] -- Found ament_cmake_ros: 0.10.0 (/opt/ros/humble/share/ament_cmake_ros/cmake)
[0.809s] -- Using all available rosidl_typesupport_c: rosidl_typesupport_fastrtps_c;rosidl_typesupport_introspection_c
[0.908s] -- Using all available rosidl_typesupport_cpp: rosidl_typesupport_fastrtps_cpp;rosidl_typesupport_introspection_cpp
[0.923s] -- Found python_cmake_module: 0.10.0 (/opt/ros/humble/share/python_cmake_module/cmake)
[0.940s] -- Using PYTHON_EXECUTABLE: /usr/bin/python3
[0.940s] -- Using PYTHON_INCLUDE_DIRS: /usr/include/python3.10
[0.940s] -- Using PYTHON_LIBRARIES: /usr/lib/x86_64-linux-gnu/libpython3.10.so
[0.962s] -- Added test 'lint_cmake' to check CMake code style
[0.963s] -- Added test 'xmllint' to check XML markup files
[0.964s] -- Configuring done
[0.991s] -- Generating done
[0.992s] -- Build files have been written to: /home/uas/Documents/blue/git_repos/xplane_ros2/build/xplane_interfaces
[1.010s] [  1%] [34m[1mGenerating C code for ROS interfaces[0m
[1.016s] [  2%] [34m[1mGenerating C++ code for ROS interfaces[0m
[1.021s] [  2%] Built target ament_cmake_python_copy_xplane_interfaces
[1.163s] running egg_info
[1.164s] writing xplane_interfaces.egg-info/PKG-INFO
[1.164s] writing dependency_links to xplane_interfaces.egg-info/dependency_links.txt
[1.164s] writing top-level names to xplane_interfaces.egg-info/top_level.txt
[1.165s] reading manifest file 'xplane_interfaces.egg-info/SOURCES.txt'
[1.166s] writing manifest file 'xplane_interfaces.egg-info/SOURCES.txt'
[1.182s] [  2%] Built target ament_cmake_python_build_xplane_interfaces_egg
[1.398s] [  2%] Built target xplane_interfaces__cpp
[1.406s] [  3%] [34m[1mGenerating C++ type support dispatch for ROS interfaces[0m
[1.406s] [  4%] [34m[1mGenerating C++ type support for eProsima Fast-RTPS[0m
[1.407s] [  5%] [34m[1mGenerating C++ introspection for ROS interfaces[0m
[1.410s] [35m[1mConsolidate compiler generated dependencies of target xplane_interfaces__rosidl_generator_c[0m
[1.421s] [  8%] [32mBuilding C object CMakeFiles/xplane_interfaces__rosidl_generator_c.dir/rosidl_generator_c/xplane_interfaces/msg/detail/uav_state__functions.c.o[0m
[1.421s] [  8%] [32mBuilding C object CMakeFiles/xplane_interfaces__rosidl_generator_c.dir/rosidl_generator_c/xplane_interfaces/msg/detail/uav_global_state__functions.c.o[0m
[1.421s] [  9%] [32mBuilding C object CMakeFiles/xplane_interfaces__rosidl_generator_c.dir/rosidl_generator_c/xplane_interfaces/msg/detail/uav_local_state__functions.c.o[0m
[1.422s] [ 10%] [32mBuilding C object CMakeFiles/xplane_interfaces__rosidl_generator_c.dir/rosidl_generator_c/xplane_interfaces/msg/detail/uav_type__functions.c.o[0m
[1.423s] [ 11%] [32mBuilding C object CMakeFiles/xplane_interfaces__rosidl_generator_c.dir/rosidl_generator_c/xplane_interfaces/srv/detail/parking_brake__functions.c.o[0m
[1.425s] [ 12%] [32mBuilding C object CMakeFiles/xplane_interfaces__rosidl_generator_c.dir/rosidl_generator_c/xplane_interfaces/msg/detail/uav_control__functions.c.o[0m
[1.426s] [ 13%] [32mBuilding C object CMakeFiles/xplane_interfaces__rosidl_generator_c.dir/rosidl_generator_c/xplane_interfaces/msg/detail/uav_auto_pilot__functions.c.o[0m
[1.427s] [ 14%] [32mBuilding C object CMakeFiles/xplane_interfaces__rosidl_generator_c.dir/rosidl_generator_c/xplane_interfaces/srv/detail/landing_gear__functions.c.o[0m
[1.491s] [ 16%] [32m[1mLinking C shared library libxplane_interfaces__rosidl_generator_c.so[0m
[1.516s] [ 16%] Built target xplane_interfaces__rosidl_generator_c
[1.524s] [ 17%] [34m[1mGenerating C type support for eProsima Fast-RTPS[0m
[1.524s] [ 19%] [34m[1mGenerating C introspection for ROS interfaces[0m
[1.524s] [ 19%] [34m[1mGenerating C type support dispatch for ROS interfaces[0m
[1.706s] [35m[1mConsolidate compiler generated dependencies of target xplane_interfaces__rosidl_typesupport_cpp[0m
[1.719s] [ 20%] [32mBuilding CXX object CMakeFiles/xplane_interfaces__rosidl_typesupport_cpp.dir/rosidl_typesupport_cpp/xplane_interfaces/msg/uav_global_state__type_support.cpp.o[0m
[1.720s] [ 21%] [32mBuilding CXX object CMakeFiles/xplane_interfaces__rosidl_typesupport_cpp.dir/rosidl_typesupport_cpp/xplane_interfaces/msg/uav_state__type_support.cpp.o[0m
[1.721s] [ 22%] [32mBuilding CXX object CMakeFiles/xplane_interfaces__rosidl_typesupport_cpp.dir/rosidl_typesupport_cpp/xplane_interfaces/srv/parking_brake__type_support.cpp.o[0m
[1.723s] [ 25%] [32mBuilding CXX object CMakeFiles/xplane_interfaces__rosidl_typesupport_cpp.dir/rosidl_typesupport_cpp/xplane_interfaces/msg/uav_local_state__type_support.cpp.o[0m
[1.723s] [ 25%] [32mBuilding CXX object CMakeFiles/xplane_interfaces__rosidl_typesupport_cpp.dir/rosidl_typesupport_cpp/xplane_interfaces/srv/landing_gear__type_support.cpp.o[0m
[1.724s] [ 27%] [32mBuilding CXX object CMakeFiles/xplane_interfaces__rosidl_typesupport_cpp.dir/rosidl_typesupport_cpp/xplane_interfaces/msg/uav_control__type_support.cpp.o[0m
[1.724s] [ 27%] [32mBuilding CXX object CMakeFiles/xplane_interfaces__rosidl_typesupport_cpp.dir/rosidl_typesupport_cpp/xplane_interfaces/msg/uav_type__type_support.cpp.o[0m
[1.724s] [ 28%] [32mBuilding CXX object CMakeFiles/xplane_interfaces__rosidl_typesupport_cpp.dir/rosidl_typesupport_cpp/xplane_interfaces/msg/uav_auto_pilot__type_support.cpp.o[0m
[1.782s] [35m[1mConsolidate compiler generated dependencies of target xplane_interfaces__rosidl_typesupport_introspection_cpp[0m
[1.800s] [ 29%] [32mBuilding CXX object CMakeFiles/xplane_interfaces__rosidl_typesupport_introspection_cpp.dir/rosidl_typesupport_introspection_cpp/xplane_interfaces/srv/detail/parking_brake__type_support.cpp.o[0m
[1.801s] [ 31%] [32mBuilding CXX object CMakeFiles/xplane_interfaces__rosidl_typesupport_introspection_cpp.dir/rosidl_typesupport_introspection_cpp/xplane_interfaces/msg/detail/uav_global_state__type_support.cpp.o[0m
[1.801s] [ 33%] [32mBuilding CXX object CMakeFiles/xplane_interfaces__rosidl_typesupport_introspection_cpp.dir/rosidl_typesupport_introspection_cpp/xplane_interfaces/msg/detail/uav_local_state__type_support.cpp.o[0m
[1.801s] [ 33%] [32mBuilding CXX object CMakeFiles/xplane_interfaces__rosidl_typesupport_introspection_cpp.dir/rosidl_typesupport_introspection_cpp/xplane_interfaces/msg/detail/uav_state__type_support.cpp.o[0m
[1.802s] [ 35%] [32mBuilding CXX object CMakeFiles/xplane_interfaces__rosidl_typesupport_introspection_cpp.dir/rosidl_typesupport_introspection_cpp/xplane_interfaces/msg/detail/uav_control__type_support.cpp.o[0m
[1.802s] [ 35%] [32mBuilding CXX object CMakeFiles/xplane_interfaces__rosidl_typesupport_introspection_cpp.dir/rosidl_typesupport_introspection_cpp/xplane_interfaces/msg/detail/uav_type__type_support.cpp.o[0m
[1.802s] [ 36%] [32mBuilding CXX object CMakeFiles/xplane_interfaces__rosidl_typesupport_introspection_cpp.dir/rosidl_typesupport_introspection_cpp/xplane_interfaces/msg/detail/uav_auto_pilot__type_support.cpp.o[0m
[1.804s] [ 37%] [32mBuilding CXX object CMakeFiles/xplane_interfaces__rosidl_typesupport_introspection_cpp.dir/rosidl_typesupport_introspection_cpp/xplane_interfaces/srv/detail/landing_gear__type_support.cpp.o[0m
[1.869s] [35m[1mConsolidate compiler generated dependencies of target xplane_interfaces__rosidl_typesupport_c[0m
[1.885s] [ 39%] [32mBuilding CXX object CMakeFiles/xplane_interfaces__rosidl_typesupport_c.dir/rosidl_typesupport_c/xplane_interfaces/msg/uav_state__type_support.cpp.o[0m
[1.890s] [ 40%] [32mBuilding CXX object CMakeFiles/xplane_interfaces__rosidl_typesupport_c.dir/rosidl_typesupport_c/xplane_interfaces/msg/uav_global_state__type_support.cpp.o[0m
[1.912s] [ 41%] [32mBuilding CXX object CMakeFiles/xplane_interfaces__rosidl_typesupport_c.dir/rosidl_typesupport_c/xplane_interfaces/msg/uav_local_state__type_support.cpp.o[0m
[1.922s] [ 42%] [32mBuilding CXX object CMakeFiles/xplane_interfaces__rosidl_typesupport_c.dir/rosidl_typesupport_c/xplane_interfaces/msg/uav_type__type_support.cpp.o[0m
[1.924s] [ 43%] [32mBuilding CXX object CMakeFiles/xplane_interfaces__rosidl_typesupport_c.dir/rosidl_typesupport_c/xplane_interfaces/msg/uav_control__type_support.cpp.o[0m
[1.934s] [ 44%] [32mBuilding CXX object CMakeFiles/xplane_interfaces__rosidl_typesupport_c.dir/rosidl_typesupport_c/xplane_interfaces/srv/parking_brake__type_support.cpp.o[0m
[1.937s] [35m[1mConsolidate compiler generated dependencies of target xplane_interfaces__rosidl_typesupport_fastrtps_cpp[0m
[1.939s] [ 45%] [32mBuilding CXX object CMakeFiles/xplane_interfaces__rosidl_typesupport_c.dir/rosidl_typesupport_c/xplane_interfaces/msg/uav_auto_pilot__type_support.cpp.o[0m
[1.965s] [ 47%] [32mBuilding CXX object CMakeFiles/xplane_interfaces__rosidl_typesupport_fastrtps_cpp.dir/rosidl_typesupport_fastrtps_cpp/xplane_interfaces/msg/detail/dds_fastrtps/uav_state__type_support.cpp.o[0m
[1.969s] [ 48%] [32mBuilding CXX object CMakeFiles/xplane_interfaces__rosidl_typesupport_c.dir/rosidl_typesupport_c/xplane_interfaces/srv/landing_gear__type_support.cpp.o[0m
[1.972s] [ 49%] [32mBuilding CXX object CMakeFiles/xplane_interfaces__rosidl_typesupport_fastrtps_cpp.dir/rosidl_typesupport_fastrtps_cpp/xplane_interfaces/msg/detail/dds_fastrtps/uav_global_state__type_support.cpp.o[0m
[1.973s] [ 50%] [32mBuilding CXX object CMakeFiles/xplane_interfaces__rosidl_typesupport_fastrtps_cpp.dir/rosidl_typesupport_fastrtps_cpp/xplane_interfaces/msg/detail/dds_fastrtps/uav_local_state__type_support.cpp.o[0m
[1.982s] [ 51%] [32mBuilding CXX object CMakeFiles/xplane_interfaces__rosidl_typesupport_fastrtps_cpp.dir/rosidl_typesupport_fastrtps_cpp/xplane_interfaces/msg/detail/dds_fastrtps/uav_type__type_support.cpp.o[0m
[1.997s] [ 52%] [32mBuilding CXX object CMakeFiles/xplane_interfaces__rosidl_typesupport_fastrtps_cpp.dir/rosidl_typesupport_fastrtps_cpp/xplane_interfaces/msg/detail/dds_fastrtps/uav_control__type_support.cpp.o[0m
[2.016s] [ 54%] [32m[1mLinking CXX shared library libxplane_interfaces__rosidl_typesupport_c.so[0m
[2.022s] [ 55%] [32mBuilding CXX object CMakeFiles/xplane_interfaces__rosidl_typesupport_fastrtps_cpp.dir/rosidl_typesupport_fastrtps_cpp/xplane_interfaces/msg/detail/dds_fastrtps/uav_auto_pilot__type_support.cpp.o[0m
[2.039s] [ 56%] [32mBuilding CXX object CMakeFiles/xplane_interfaces__rosidl_typesupport_fastrtps_cpp.dir/rosidl_typesupport_fastrtps_cpp/xplane_interfaces/srv/detail/dds_fastrtps/parking_brake__type_support.cpp.o[0m
[2.081s] [ 57%] [32mBuilding CXX object CMakeFiles/xplane_interfaces__rosidl_typesupport_fastrtps_cpp.dir/rosidl_typesupport_fastrtps_cpp/xplane_interfaces/srv/detail/dds_fastrtps/landing_gear__type_support.cpp.o[0m
[2.088s] [ 57%] Built target xplane_interfaces__rosidl_typesupport_c
[2.190s] [ 58%] [32m[1mLinking CXX shared library libxplane_interfaces__rosidl_typesupport_cpp.so[0m
[2.197s] [35m[1mConsolidate compiler generated dependencies of target xplane_interfaces__rosidl_typesupport_introspection_c[0m
[2.209s] [35m[1mConsolidate compiler generated dependencies of target xplane_interfaces__rosidl_typesupport_fastrtps_c[0m
[2.217s] [ 59%] [32mBuilding C object CMakeFiles/xplane_interfaces__rosidl_typesupport_introspection_c.dir/rosidl_typesupport_introspection_c/xplane_interfaces/msg/detail/uav_state__type_support.c.o[0m
[2.218s] [ 60%] [32mBuilding C object CMakeFiles/xplane_interfaces__rosidl_typesupport_introspection_c.dir/rosidl_typesupport_introspection_c/xplane_interfaces/msg/detail/uav_global_state__type_support.c.o[0m
[2.218s] [ 62%] [32mBuilding C object CMakeFiles/xplane_interfaces__rosidl_typesupport_introspection_c.dir/rosidl_typesupport_introspection_c/xplane_interfaces/msg/detail/uav_local_state__type_support.c.o[0m
[2.219s] [ 63%] [32mBuilding C object CMakeFiles/xplane_interfaces__rosidl_typesupport_introspection_c.dir/rosidl_typesupport_introspection_c/xplane_interfaces/msg/detail/uav_control__type_support.c.o[0m
[2.219s] [ 64%] [32mBuilding C object CMakeFiles/xplane_interfaces__rosidl_typesupport_introspection_c.dir/rosidl_typesupport_introspection_c/xplane_interfaces/msg/detail/uav_auto_pilot__type_support.c.o[0m
[2.230s] [ 65%] [32mBuilding C object CMakeFiles/xplane_interfaces__rosidl_typesupport_introspection_c.dir/rosidl_typesupport_introspection_c/xplane_interfaces/msg/detail/uav_type__type_support.c.o[0m
[2.238s] [ 66%] [32mBuilding CXX object CMakeFiles/xplane_interfaces__rosidl_typesupport_fastrtps_c.dir/rosidl_typesupport_fastrtps_c/xplane_interfaces/msg/detail/uav_state__type_support_c.cpp.o[0m
[2.267s] [ 66%] Built target xplane_interfaces__rosidl_typesupport_cpp
[2.270s] [ 67%] [32mBuilding C object CMakeFiles/xplane_interfaces__rosidl_typesupport_introspection_c.dir/rosidl_typesupport_introspection_c/xplane_interfaces/srv/detail/parking_brake__type_support.c.o[0m
[2.270s] [ 68%] [32mBuilding C object CMakeFiles/xplane_interfaces__rosidl_typesupport_introspection_c.dir/rosidl_typesupport_introspection_c/xplane_interfaces/srv/detail/landing_gear__type_support.c.o[0m
[2.271s] [ 70%] [32mBuilding CXX object CMakeFiles/xplane_interfaces__rosidl_typesupport_fastrtps_c.dir/rosidl_typesupport_fastrtps_c/xplane_interfaces/msg/detail/uav_global_state__type_support_c.cpp.o[0m
[2.272s] [ 71%] [32mBuilding CXX object CMakeFiles/xplane_interfaces__rosidl_typesupport_fastrtps_c.dir/rosidl_typesupport_fastrtps_c/xplane_interfaces/msg/detail/uav_type__type_support_c.cpp.o[0m
[2.282s] [ 72%] [32mBuilding CXX object CMakeFiles/xplane_interfaces__rosidl_typesupport_fastrtps_c.dir/rosidl_typesupport_fastrtps_c/xplane_interfaces/msg/detail/uav_control__type_support_c.cpp.o[0m
[2.284s] [ 73%] [32mBuilding CXX object CMakeFiles/xplane_interfaces__rosidl_typesupport_fastrtps_c.dir/rosidl_typesupport_fastrtps_c/xplane_interfaces/msg/detail/uav_local_state__type_support_c.cpp.o[0m
[2.293s] [ 74%] [32mBuilding CXX object CMakeFiles/xplane_interfaces__rosidl_typesupport_fastrtps_c.dir/rosidl_typesupport_fastrtps_c/xplane_interfaces/msg/detail/uav_auto_pilot__type_support_c.cpp.o[0m
[2.329s] [ 75%] [32mBuilding CXX object CMakeFiles/xplane_interfaces__rosidl_typesupport_fastrtps_c.dir/rosidl_typesupport_fastrtps_c/xplane_interfaces/srv/detail/parking_brake__type_support_c.cpp.o[0m
[2.341s] [ 77%] [32m[1mLinking C shared library libxplane_interfaces__rosidl_typesupport_introspection_c.so[0m
[2.373s] [ 78%] [32mBuilding CXX object CMakeFiles/xplane_interfaces__rosidl_typesupport_fastrtps_c.dir/rosidl_typesupport_fastrtps_c/xplane_interfaces/srv/detail/landing_gear__type_support_c.cpp.o[0m
[2.419s] [ 78%] Built target xplane_interfaces__rosidl_typesupport_introspection_c
[2.480s] [ 79%] [32m[1mLinking CXX shared library libxplane_interfaces__rosidl_typesupport_introspection_cpp.so[0m
[2.549s] [ 79%] Built target xplane_interfaces__rosidl_typesupport_introspection_cpp
[2.580s] [ 80%] [32m[1mLinking CXX shared library libxplane_interfaces__rosidl_typesupport_fastrtps_cpp.so[0m
[2.642s] [ 80%] Built target xplane_interfaces__rosidl_typesupport_fastrtps_cpp
[2.760s] [ 81%] [32m[1mLinking CXX shared library libxplane_interfaces__rosidl_typesupport_fastrtps_c.so[0m
[2.807s] [ 81%] Built target xplane_interfaces__rosidl_typesupport_fastrtps_c
[2.820s] [ 81%] Built target xplane_interfaces
[2.836s] [ 82%] [34m[1mGenerating Python code for ROS interfaces[0m
[3.461s] [ 82%] Built target xplane_interfaces__py
[3.468s] [35m[1mConsolidate compiler generated dependencies of target xplane_interfaces__rosidl_generator_py[0m
[3.485s] [ 83%] [32mBuilding C object CMakeFiles/xplane_interfaces__rosidl_generator_py.dir/rosidl_generator_py/xplane_interfaces/msg/_uav_state_s.c.o[0m
[3.485s] [ 85%] [32mBuilding C object CMakeFiles/xplane_interfaces__rosidl_generator_py.dir/rosidl_generator_py/xplane_interfaces/msg/_uav_global_state_s.c.o[0m
[3.487s] [ 86%] [32mBuilding C object CMakeFiles/xplane_interfaces__rosidl_generator_py.dir/rosidl_generator_py/xplane_interfaces/msg/_uav_local_state_s.c.o[0m
[3.487s] [ 87%] [32mBuilding C object CMakeFiles/xplane_interfaces__rosidl_generator_py.dir/rosidl_generator_py/xplane_interfaces/msg/_uav_type_s.c.o[0m
[3.488s] [ 88%] [32mBuilding C object CMakeFiles/xplane_interfaces__rosidl_generator_py.dir/rosidl_generator_py/xplane_interfaces/msg/_uav_control_s.c.o[0m
[3.488s] [ 89%] [32mBuilding C object CMakeFiles/xplane_interfaces__rosidl_generator_py.dir/rosidl_generator_py/xplane_interfaces/msg/_uav_auto_pilot_s.c.o[0m
[3.489s] [ 90%] [32mBuilding C object CMakeFiles/xplane_interfaces__rosidl_generator_py.dir/rosidl_generator_py/xplane_interfaces/srv/_parking_brake_s.c.o[0m
[3.489s] [ 91%] [32mBuilding C object CMakeFiles/xplane_interfaces__rosidl_generator_py.dir/rosidl_generator_py/xplane_interfaces/srv/_landing_gear_s.c.o[0m
[3.585s] [ 93%] [32m[1mLinking C shared library rosidl_generator_py/xplane_interfaces/libxplane_interfaces__rosidl_generator_py.so[0m
[3.612s] [ 93%] Built target xplane_interfaces__rosidl_generator_py
[3.620s] [35m[1mConsolidate compiler generated dependencies of target xplane_interfaces__rosidl_typesupport_fastrtps_c__pyext[0m
[3.620s] [35m[1mConsolidate compiler generated dependencies of target xplane_interfaces__rosidl_typesupport_introspection_c__pyext[0m
[3.620s] [35m[1mConsolidate compiler generated dependencies of target xplane_interfaces__rosidl_typesupport_c__pyext[0m
[3.631s] [ 94%] [32mBuilding C object CMakeFiles/xplane_interfaces__rosidl_typesupport_fastrtps_c__pyext.dir/rosidl_generator_py/xplane_interfaces/_xplane_interfaces_s.ep.rosidl_typesupport_fastrtps_c.c.o[0m
[3.631s] [ 95%] [32mBuilding C object CMakeFiles/xplane_interfaces__rosidl_typesupport_c__pyext.dir/rosidl_generator_py/xplane_interfaces/_xplane_interfaces_s.ep.rosidl_typesupport_c.c.o[0m
[3.632s] [ 96%] [32mBuilding C object CMakeFiles/xplane_interfaces__rosidl_typesupport_introspection_c__pyext.dir/rosidl_generator_py/xplane_interfaces/_xplane_interfaces_s.ep.rosidl_typesupport_introspection_c.c.o[0m
[3.709s] [100%] [32m[1mLinking C shared library rosidl_generator_py/xplane_interfaces/xplane_interfaces_s__rosidl_typesupport_introspection_c.cpython-310-x86_64-linux-gnu.so[0m
[3.709s] [100%] [32m[1mLinking C shared library rosidl_generator_py/xplane_interfaces/xplane_interfaces_s__rosidl_typesupport_fastrtps_c.cpython-310-x86_64-linux-gnu.so[0m
[3.709s] [100%] [32m[1mLinking C shared library rosidl_generator_py/xplane_interfaces/xplane_interfaces_s__rosidl_typesupport_c.cpython-310-x86_64-linux-gnu.so[0m
[3.733s] [100%] Built target xplane_interfaces__rosidl_typesupport_introspection_c__pyext
[3.733s] [100%] Built target xplane_interfaces__rosidl_typesupport_fastrtps_c__pyext
[3.733s] [100%] Built target xplane_interfaces__rosidl_typesupport_c__pyext
[3.741s] Invoked command in '/home/uas/Documents/blue/git_repos/xplane_ros2/build/xplane_interfaces' returned '0': CMAKE_PREFIX_PATH=${CMAKE_PREFIX_PATH}:/home/uas/Documents/blue/git_repos/xplane_ros2/install/xplaneros2_main:/opt/ros/humble /usr/bin/cmake --build /home/uas/Documents/blue/git_repos/xplane_ros2/build/xplane_interfaces -- -j24 -l24
[3.978s] Invoking command in '/home/uas/Documents/blue/git_repos/xplane_ros2/build/xplane_interfaces': CMAKE_PREFIX_PATH=${CMAKE_PREFIX_PATH}:/home/uas/Documents/blue/git_repos/xplane_ros2/install/xplaneros2_main:/opt/ros/humble /usr/bin/cmake --install /home/uas/Documents/blue/git_repos/xplane_ros2/build/xplane_interfaces
[3.985s] -- Install configuration: ""
[3.986s] -- Installing: /home/uas/Documents/blue/git_repos/xplane_ros2/install/xplane_interfaces/share/ament_index/resource_index/rosidl_interfaces/xplane_interfaces
[3.986s] -- Up-to-date: /home/uas/Documents/blue/git_repos/xplane_ros2/install/xplane_interfaces/include/xplane_interfaces/xplane_interfaces
[3.986s] -- Up-to-date: /home/uas/Documents/blue/git_repos/xplane_ros2/install/xplane_interfaces/include/xplane_interfaces/xplane_interfaces/srv
[3.986s] -- Installing: /home/uas/Documents/blue/git_repos/xplane_ros2/install/xplane_interfaces/include/xplane_interfaces/xplane_interfaces/srv/parking_brake.h
[3.986s] -- Installing: /home/uas/Documents/blue/git_repos/xplane_ros2/install/xplane_interfaces/include/xplane_interfaces/xplane_interfaces/srv/landing_gear.h
[3.986s] -- Up-to-date: /home/uas/Documents/blue/git_repos/xplane_ros2/install/xplane_interfaces/include/xplane_interfaces/xplane_interfaces/srv/detail
[3.987s] -- Installing: /home/uas/Documents/blue/git_repos/xplane_ros2/install/xplane_interfaces/include/xplane_interfaces/xplane_interfaces/srv/detail/landing_gear__type_support.h
[3.987s] -- Installing: /home/uas/Documents/blue/git_repos/xplane_ros2/install/xplane_interfaces/include/xplane_interfaces/xplane_interfaces/srv/detail/parking_brake__functions.h
[3.987s] -- Installing: /home/uas/Documents/blue/git_repos/xplane_ros2/install/xplane_interfaces/include/xplane_interfaces/xplane_interfaces/srv/detail/parking_brake__struct.h
[3.987s] -- Installing: /home/uas/Documents/blue/git_repos/xplane_ros2/install/xplane_interfaces/include/xplane_interfaces/xplane_interfaces/srv/detail/landing_gear__struct.h
[3.987s] -- Installing: /home/uas/Documents/blue/git_repos/xplane_ros2/install/xplane_interfaces/include/xplane_interfaces/xplane_interfaces/srv/detail/parking_brake__type_support.h
[3.987s] -- Installing: /home/uas/Documents/blue/git_repos/xplane_ros2/install/xplane_interfaces/include/xplane_interfaces/xplane_interfaces/srv/detail/landing_gear__functions.c
[3.987s] -- Installing: /home/uas/Documents/blue/git_repos/xplane_ros2/install/xplane_interfaces/include/xplane_interfaces/xplane_interfaces/srv/detail/parking_brake__functions.c
[3.987s] -- Installing: /home/uas/Documents/blue/git_repos/xplane_ros2/install/xplane_interfaces/include/xplane_interfaces/xplane_interfaces/srv/detail/landing_gear__functions.h
[3.987s] -- Up-to-date: /home/uas/Documents/blue/git_repos/xplane_ros2/install/xplane_interfaces/include/xplane_interfaces/xplane_interfaces/msg
[3.987s] -- Installing: /home/uas/Documents/blue/git_repos/xplane_ros2/install/xplane_interfaces/include/xplane_interfaces/xplane_interfaces/msg/uav_state.h
[3.988s] -- Installing: /home/uas/Documents/blue/git_repos/xplane_ros2/install/xplane_interfaces/include/xplane_interfaces/xplane_interfaces/msg/uav_local_state.h
[3.988s] -- Installing: /home/uas/Documents/blue/git_repos/xplane_ros2/install/xplane_interfaces/include/xplane_interfaces/xplane_interfaces/msg/uav_global_state.h
[3.988s] -- Installing: /home/uas/Documents/blue/git_repos/xplane_ros2/install/xplane_interfaces/include/xplane_interfaces/xplane_interfaces/msg/uav_type.h
[3.988s] -- Up-to-date: /home/uas/Documents/blue/git_repos/xplane_ros2/install/xplane_interfaces/include/xplane_interfaces/xplane_interfaces/msg/detail
[3.988s] -- Installing: /home/uas/Documents/blue/git_repos/xplane_ros2/install/xplane_interfaces/include/xplane_interfaces/xplane_interfaces/msg/detail/uav_control__struct.h
[3.988s] -- Installing: /home/uas/Documents/blue/git_repos/xplane_ros2/install/xplane_interfaces/include/xplane_interfaces/xplane_interfaces/msg/detail/uav_state__struct.h
[3.988s] -- Installing: /home/uas/Documents/blue/git_repos/xplane_ros2/install/xplane_interfaces/include/xplane_interfaces/xplane_interfaces/msg/detail/uav_state__functions.c
[3.988s] -- Installing: /home/uas/Documents/blue/git_repos/xplane_ros2/install/xplane_interfaces/include/xplane_interfaces/xplane_interfaces/msg/detail/uav_state__type_support.h
[3.989s] -- Installing: /home/uas/Documents/blue/git_repos/xplane_ros2/install/xplane_interfaces/include/xplane_interfaces/xplane_interfaces/msg/detail/uav_local_state__struct.h
[3.989s] -- Installing: /home/uas/Documents/blue/git_repos/xplane_ros2/install/xplane_interfaces/include/xplane_interfaces/xplane_interfaces/msg/detail/uav_type__type_support.h
[3.989s] -- Installing: /home/uas/Documents/blue/git_repos/xplane_ros2/install/xplane_interfaces/include/xplane_interfaces/xplane_interfaces/msg/detail/uav_global_state__struct.h
[3.989s] -- Installing: /home/uas/Documents/blue/git_repos/xplane_ros2/install/xplane_interfaces/include/xplane_interfaces/xplane_interfaces/msg/detail/uav_auto_pilot__functions.c
[3.989s] -- Installing: /home/uas/Documents/blue/git_repos/xplane_ros2/install/xplane_interfaces/include/xplane_interfaces/xplane_interfaces/msg/detail/uav_global_state__type_support.h
[3.989s] -- Installing: /home/uas/Documents/blue/git_repos/xplane_ros2/install/xplane_interfaces/include/xplane_interfaces/xplane_interfaces/msg/detail/uav_control__functions.h
[3.989s] -- Installing: /home/uas/Documents/blue/git_repos/xplane_ros2/install/xplane_interfaces/include/xplane_interfaces/xplane_interfaces/msg/detail/uav_global_state__functions.h
[3.989s] -- Installing: /home/uas/Documents/blue/git_repos/xplane_ros2/install/xplane_interfaces/include/xplane_interfaces/xplane_interfaces/msg/detail/uav_auto_pilot__struct.h
[3.989s] -- Installing: /home/uas/Documents/blue/git_repos/xplane_ros2/install/xplane_interfaces/include/xplane_interfaces/xplane_interfaces/msg/detail/uav_state__functions.h
[3.989s] -- Installing: /home/uas/Documents/blue/git_repos/xplane_ros2/install/xplane_interfaces/include/xplane_interfaces/xplane_interfaces/msg/detail/uav_type__functions.h
[3.990s] -- Installing: /home/uas/Documents/blue/git_repos/xplane_ros2/install/xplane_interfaces/include/xplane_interfaces/xplane_interfaces/msg/detail/uav_local_state__type_support.h
[3.990s] -- Installing: /home/uas/Documents/blue/git_repos/xplane_ros2/install/xplane_interfaces/include/xplane_interfaces/xplane_interfaces/msg/detail/uav_auto_pilot__functions.h
[3.990s] -- Installing: /home/uas/Documents/blue/git_repos/xplane_ros2/install/xplane_interfaces/include/xplane_interfaces/xplane_interfaces/msg/detail/uav_type__struct.h
[3.990s] -- Installing: /home/uas/Documents/blue/git_repos/xplane_ros2/install/xplane_interfaces/include/xplane_interfaces/xplane_interfaces/msg/detail/uav_control__functions.c
[3.990s] -- Installing: /home/uas/Documents/blue/git_repos/xplane_ros2/install/xplane_interfaces/include/xplane_interfaces/xplane_interfaces/msg/detail/uav_local_state__functions.h
[3.990s] -- Installing: /home/uas/Documents/blue/git_repos/xplane_ros2/install/xplane_interfaces/include/xplane_interfaces/xplane_interfaces/msg/detail/uav_control__type_support.h
[3.990s] -- Installing: /home/uas/Documents/blue/git_repos/xplane_ros2/install/xplane_interfaces/include/xplane_interfaces/xplane_interfaces/msg/detail/uav_local_state__functions.c
[3.990s] -- Installing: /home/uas/Documents/blue/git_repos/xplane_ros2/install/xplane_interfaces/include/xplane_interfaces/xplane_interfaces/msg/detail/uav_type__functions.c
[3.990s] -- Installing: /home/uas/Documents/blue/git_repos/xplane_ros2/install/xplane_interfaces/include/xplane_interfaces/xplane_interfaces/msg/detail/uav_auto_pilot__type_support.h
[3.990s] -- Installing: /home/uas/Documents/blue/git_repos/xplane_ros2/install/xplane_interfaces/include/xplane_interfaces/xplane_interfaces/msg/detail/uav_global_state__functions.c
[3.990s] -- Up-to-date: /home/uas/Documents/blue/git_repos/xplane_ros2/install/xplane_interfaces/include/xplane_interfaces/xplane_interfaces/msg/rosidl_generator_c__visibility_control.h
[3.991s] -- Installing: /home/uas/Documents/blue/git_repos/xplane_ros2/install/xplane_interfaces/include/xplane_interfaces/xplane_interfaces/msg/uav_control.h
[3.991s] -- Installing: /home/uas/Documents/blue/git_repos/xplane_ros2/install/xplane_interfaces/include/xplane_interfaces/xplane_interfaces/msg/uav_auto_pilot.h
[3.991s] -- Up-to-date: /home/uas/Documents/blue/git_repos/xplane_ros2/install/xplane_interfaces/share/xplane_interfaces/environment/library_path.sh
[3.991s] -- Installing: /home/uas/Documents/blue/git_repos/xplane_ros2/install/xplane_interfaces/share/xplane_interfaces/environment/library_path.dsv
[3.991s] -- Installing: /home/uas/Documents/blue/git_repos/xplane_ros2/install/xplane_interfaces/lib/libxplane_interfaces__rosidl_generator_c.so
[3.991s] -- Set runtime path of "/home/uas/Documents/blue/git_repos/xplane_ros2/install/xplane_interfaces/lib/libxplane_interfaces__rosidl_generator_c.so" to ""
[3.991s] -- Up-to-date: /home/uas/Documents/blue/git_repos/xplane_ros2/install/xplane_interfaces/include/xplane_interfaces/xplane_interfaces
[3.991s] -- Up-to-date: /home/uas/Documents/blue/git_repos/xplane_ros2/install/xplane_interfaces/include/xplane_interfaces/xplane_interfaces/srv
[3.991s] -- Up-to-date: /home/uas/Documents/blue/git_repos/xplane_ros2/install/xplane_interfaces/include/xplane_interfaces/xplane_interfaces/srv/detail
[3.991s] -- Installing: /home/uas/Documents/blue/git_repos/xplane_ros2/install/xplane_interfaces/include/xplane_interfaces/xplane_interfaces/srv/detail/parking_brake__rosidl_typesupport_fastrtps_c.h
[3.992s] -- Installing: /home/uas/Documents/blue/git_repos/xplane_ros2/install/xplane_interfaces/include/xplane_interfaces/xplane_interfaces/srv/detail/landing_gear__rosidl_typesupport_fastrtps_c.h
[3.992s] -- Up-to-date: /home/uas/Documents/blue/git_repos/xplane_ros2/install/xplane_interfaces/include/xplane_interfaces/xplane_interfaces/msg
[3.992s] -- Up-to-date: /home/uas/Documents/blue/git_repos/xplane_ros2/install/xplane_interfaces/include/xplane_interfaces/xplane_interfaces/msg/rosidl_typesupport_fastrtps_c__visibility_control.h
[3.992s] -- Up-to-date: /home/uas/Documents/blue/git_repos/xplane_ros2/install/xplane_interfaces/include/xplane_interfaces/xplane_interfaces/msg/detail
[3.992s] -- Installing: /home/uas/Documents/blue/git_repos/xplane_ros2/install/xplane_interfaces/include/xplane_interfaces/xplane_interfaces/msg/detail/uav_state__rosidl_typesupport_fastrtps_c.h
[3.992s] -- Installing: /home/uas/Documents/blue/git_repos/xplane_ros2/install/xplane_interfaces/include/xplane_interfaces/xplane_interfaces/msg/detail/uav_auto_pilot__rosidl_typesupport_fastrtps_c.h
[3.992s] -- Installing: /home/uas/Documents/blue/git_repos/xplane_ros2/install/xplane_interfaces/include/xplane_interfaces/xplane_interfaces/msg/detail/uav_type__rosidl_typesupport_fastrtps_c.h
[3.992s] -- Installing: /home/uas/Documents/blue/git_repos/xplane_ros2/install/xplane_interfaces/include/xplane_interfaces/xplane_interfaces/msg/detail/uav_control__rosidl_typesupport_fastrtps_c.h
[3.992s] -- Installing: /home/uas/Documents/blue/git_repos/xplane_ros2/install/xplane_interfaces/include/xplane_interfaces/xplane_interfaces/msg/detail/uav_global_state__rosidl_typesupport_fastrtps_c.h
[3.992s] -- Installing: /home/uas/Documents/blue/git_repos/xplane_ros2/install/xplane_interfaces/include/xplane_interfaces/xplane_interfaces/msg/detail/uav_local_state__rosidl_typesupport_fastrtps_c.h
[3.992s] -- Installing: /home/uas/Documents/blue/git_repos/xplane_ros2/install/xplane_interfaces/lib/libxplane_interfaces__rosidl_typesupport_fastrtps_c.so
[3.992s] -- Set runtime path of "/home/uas/Documents/blue/git_repos/xplane_ros2/install/xplane_interfaces/lib/libxplane_interfaces__rosidl_typesupport_fastrtps_c.so" to ""
[3.993s] -- Up-to-date: /home/uas/Documents/blue/git_repos/xplane_ros2/install/xplane_interfaces/include/xplane_interfaces/xplane_interfaces
[3.993s] -- Up-to-date: /home/uas/Documents/blue/git_repos/xplane_ros2/install/xplane_interfaces/include/xplane_interfaces/xplane_interfaces/srv
[3.993s] -- Installing: /home/uas/Documents/blue/git_repos/xplane_ros2/install/xplane_interfaces/include/xplane_interfaces/xplane_interfaces/srv/landing_gear.hpp
[3.993s] -- Installing: /home/uas/Documents/blue/git_repos/xplane_ros2/install/xplane_interfaces/include/xplane_interfaces/xplane_interfaces/srv/parking_brake.hpp
[3.993s] -- Up-to-date: /home/uas/Documents/blue/git_repos/xplane_ros2/install/xplane_interfaces/include/xplane_interfaces/xplane_interfaces/srv/detail
[3.993s] -- Installing: /home/uas/Documents/blue/git_repos/xplane_ros2/install/xplane_interfaces/include/xplane_interfaces/xplane_interfaces/srv/detail/parking_brake__builder.hpp
[3.993s] -- Installing: /home/uas/Documents/blue/git_repos/xplane_ros2/install/xplane_interfaces/include/xplane_interfaces/xplane_interfaces/srv/detail/landing_gear__traits.hpp
[3.993s] -- Installing: /home/uas/Documents/blue/git_repos/xplane_ros2/install/xplane_interfaces/include/xplane_interfaces/xplane_interfaces/srv/detail/parking_brake__traits.hpp
[3.993s] -- Installing: /home/uas/Documents/blue/git_repos/xplane_ros2/install/xplane_interfaces/include/xplane_interfaces/xplane_interfaces/srv/detail/landing_gear__builder.hpp
[3.993s] -- Installing: /home/uas/Documents/blue/git_repos/xplane_ros2/install/xplane_interfaces/include/xplane_interfaces/xplane_interfaces/srv/detail/parking_brake__struct.hpp
[3.993s] -- Installing: /home/uas/Documents/blue/git_repos/xplane_ros2/install/xplane_interfaces/include/xplane_interfaces/xplane_interfaces/srv/detail/landing_gear__struct.hpp
[3.994s] -- Up-to-date: /home/uas/Documents/blue/git_repos/xplane_ros2/install/xplane_interfaces/include/xplane_interfaces/xplane_interfaces/msg
[3.994s] -- Installing: /home/uas/Documents/blue/git_repos/xplane_ros2/install/xplane_interfaces/include/xplane_interfaces/xplane_interfaces/msg/uav_state.hpp
[3.994s] -- Installing: /home/uas/Documents/blue/git_repos/xplane_ros2/install/xplane_interfaces/include/xplane_interfaces/xplane_interfaces/msg/uav_auto_pilot.hpp
[3.994s] -- Installing: /home/uas/Documents/blue/git_repos/xplane_ros2/install/xplane_interfaces/include/xplane_interfaces/xplane_interfaces/msg/uav_global_state.hpp
[3.994s] -- Installing: /home/uas/Documents/blue/git_repos/xplane_ros2/install/xplane_interfaces/include/xplane_interfaces/xplane_interfaces/msg/uav_local_state.hpp
[3.994s] -- Installing: /home/uas/Documents/blue/git_repos/xplane_ros2/install/xplane_interfaces/include/xplane_interfaces/xplane_interfaces/msg/uav_control.hpp
[3.994s] -- Installing: /home/uas/Documents/blue/git_repos/xplane_ros2/install/xplane_interfaces/include/xplane_interfaces/xplane_interfaces/msg/uav_type.hpp
[3.994s] -- Up-to-date: /home/uas/Documents/blue/git_repos/xplane_ros2/install/xplane_interfaces/include/xplane_interfaces/xplane_interfaces/msg/detail
[3.994s] -- Installing: /home/uas/Documents/blue/git_repos/xplane_ros2/install/xplane_interfaces/include/xplane_interfaces/xplane_interfaces/msg/detail/uav_state__traits.hpp
[3.994s] -- Installing: /home/uas/Documents/blue/git_repos/xplane_ros2/install/xplane_interfaces/include/xplane_interfaces/xplane_interfaces/msg/detail/uav_control__struct.hpp
[3.994s] -- Installing: /home/uas/Documents/blue/git_repos/xplane_ros2/install/xplane_interfaces/include/xplane_interfaces/xplane_interfaces/msg/detail/uav_state__struct.hpp
[3.995s] -- Installing: /home/uas/Documents/blue/git_repos/xplane_ros2/install/xplane_interfaces/include/xplane_interfaces/xplane_interfaces/msg/detail/uav_type__builder.hpp
[3.995s] -- Installing: /home/uas/Documents/blue/git_repos/xplane_ros2/install/xplane_interfaces/include/xplane_interfaces/xplane_interfaces/msg/detail/uav_local_state__builder.hpp
[3.995s] -- Installing: /home/uas/Documents/blue/git_repos/xplane_ros2/install/xplane_interfaces/include/xplane_interfaces/xplane_interfaces/msg/detail/uav_local_state__struct.hpp
[3.995s] -- Installing: /home/uas/Documents/blue/git_repos/xplane_ros2/install/xplane_interfaces/include/xplane_interfaces/xplane_interfaces/msg/detail/uav_global_state__traits.hpp
[3.995s] -- Installing: /home/uas/Documents/blue/git_repos/xplane_ros2/install/xplane_interfaces/include/xplane_interfaces/xplane_interfaces/msg/detail/uav_type__struct.hpp
[3.995s] -- Installing: /home/uas/Documents/blue/git_repos/xplane_ros2/install/xplane_interfaces/include/xplane_interfaces/xplane_interfaces/msg/detail/uav_control__builder.hpp
[3.995s] -- Installing: /home/uas/Documents/blue/git_repos/xplane_ros2/install/xplane_interfaces/include/xplane_interfaces/xplane_interfaces/msg/detail/uav_local_state__traits.hpp
[3.995s] -- Installing: /home/uas/Documents/blue/git_repos/xplane_ros2/install/xplane_interfaces/include/xplane_interfaces/xplane_interfaces/msg/detail/uav_global_state__builder.hpp
[3.995s] -- Installing: /home/uas/Documents/blue/git_repos/xplane_ros2/install/xplane_interfaces/include/xplane_interfaces/xplane_interfaces/msg/detail/uav_global_state__struct.hpp
[3.995s] -- Installing: /home/uas/Documents/blue/git_repos/xplane_ros2/install/xplane_interfaces/include/xplane_interfaces/xplane_interfaces/msg/detail/uav_auto_pilot__traits.hpp
[3.995s] -- Installing: /home/uas/Documents/blue/git_repos/xplane_ros2/install/xplane_interfaces/include/xplane_interfaces/xplane_interfaces/msg/detail/uav_type__traits.hpp
[3.995s] -- Installing: /home/uas/Documents/blue/git_repos/xplane_ros2/install/xplane_interfaces/include/xplane_interfaces/xplane_interfaces/msg/detail/uav_auto_pilot__struct.hpp
[3.996s] -- Installing: /home/uas/Documents/blue/git_repos/xplane_ros2/install/xplane_interfaces/include/xplane_interfaces/xplane_interfaces/msg/detail/uav_control__traits.hpp
[3.996s] -- Installing: /home/uas/Documents/blue/git_repos/xplane_ros2/install/xplane_interfaces/include/xplane_interfaces/xplane_interfaces/msg/detail/uav_auto_pilot__builder.hpp
[3.996s] -- Installing: /home/uas/Documents/blue/git_repos/xplane_ros2/install/xplane_interfaces/include/xplane_interfaces/xplane_interfaces/msg/detail/uav_state__builder.hpp
[3.996s] -- Up-to-date: /home/uas/Documents/blue/git_repos/xplane_ros2/install/xplane_interfaces/include/xplane_interfaces/xplane_interfaces
[3.996s] -- Up-to-date: /home/uas/Documents/blue/git_repos/xplane_ros2/install/xplane_interfaces/include/xplane_interfaces/xplane_interfaces/srv
[3.996s] -- Up-to-date: /home/uas/Documents/blue/git_repos/xplane_ros2/install/xplane_interfaces/include/xplane_interfaces/xplane_interfaces/srv/detail
[3.996s] -- Installing: /home/uas/Documents/blue/git_repos/xplane_ros2/install/xplane_interfaces/include/xplane_interfaces/xplane_interfaces/srv/detail/landing_gear__rosidl_typesupport_fastrtps_cpp.hpp
[3.996s] -- Installing: /home/uas/Documents/blue/git_repos/xplane_ros2/install/xplane_interfaces/include/xplane_interfaces/xplane_interfaces/srv/detail/parking_brake__rosidl_typesupport_fastrtps_cpp.hpp
[3.996s] -- Up-to-date: /home/uas/Documents/blue/git_repos/xplane_ros2/install/xplane_interfaces/include/xplane_interfaces/xplane_interfaces/srv/detail/dds_fastrtps
[3.996s] -- Up-to-date: /home/uas/Documents/blue/git_repos/xplane_ros2/install/xplane_interfaces/include/xplane_interfaces/xplane_interfaces/msg
[3.996s] -- Up-to-date: /home/uas/Documents/blue/git_repos/xplane_ros2/install/xplane_interfaces/include/xplane_interfaces/xplane_interfaces/msg/rosidl_typesupport_fastrtps_cpp__visibility_control.h
[3.996s] -- Up-to-date: /home/uas/Documents/blue/git_repos/xplane_ros2/install/xplane_interfaces/include/xplane_interfaces/xplane_interfaces/msg/detail
[3.996s] -- Installing: /home/uas/Documents/blue/git_repos/xplane_ros2/install/xplane_interfaces/include/xplane_interfaces/xplane_interfaces/msg/detail/uav_type__rosidl_typesupport_fastrtps_cpp.hpp
[3.996s] -- Installing: /home/uas/Documents/blue/git_repos/xplane_ros2/install/xplane_interfaces/include/xplane_interfaces/xplane_interfaces/msg/detail/uav_control__rosidl_typesupport_fastrtps_cpp.hpp
[3.997s] -- Installing: /home/uas/Documents/blue/git_repos/xplane_ros2/install/xplane_interfaces/include/xplane_interfaces/xplane_interfaces/msg/detail/uav_global_state__rosidl_typesupport_fastrtps_cpp.hpp
[3.997s] -- Installing: /home/uas/Documents/blue/git_repos/xplane_ros2/install/xplane_interfaces/include/xplane_interfaces/xplane_interfaces/msg/detail/uav_local_state__rosidl_typesupport_fastrtps_cpp.hpp
[3.997s] -- Installing: /home/uas/Documents/blue/git_repos/xplane_ros2/install/xplane_interfaces/include/xplane_interfaces/xplane_interfaces/msg/detail/uav_auto_pilot__rosidl_typesupport_fastrtps_cpp.hpp
[3.997s] -- Up-to-date: /home/uas/Documents/blue/git_repos/xplane_ros2/install/xplane_interfaces/include/xplane_interfaces/xplane_interfaces/msg/detail/dds_fastrtps
[3.997s] -- Installing: /home/uas/Documents/blue/git_repos/xplane_ros2/install/xplane_interfaces/include/xplane_interfaces/xplane_interfaces/msg/detail/uav_state__rosidl_typesupport_fastrtps_cpp.hpp
[3.997s] -- Installing: /home/uas/Documents/blue/git_repos/xplane_ros2/install/xplane_interfaces/lib/libxplane_interfaces__rosidl_typesupport_fastrtps_cpp.so
[3.997s] -- Set runtime path of "/home/uas/Documents/blue/git_repos/xplane_ros2/install/xplane_interfaces/lib/libxplane_interfaces__rosidl_typesupport_fastrtps_cpp.so" to ""
[3.997s] -- Up-to-date: /home/uas/Documents/blue/git_repos/xplane_ros2/install/xplane_interfaces/include/xplane_interfaces/xplane_interfaces
[3.997s] -- Up-to-date: /home/uas/Documents/blue/git_repos/xplane_ros2/install/xplane_interfaces/include/xplane_interfaces/xplane_interfaces/srv
[3.997s] -- Up-to-date: /home/uas/Documents/blue/git_repos/xplane_ros2/install/xplane_interfaces/include/xplane_interfaces/xplane_interfaces/srv/detail
[3.997s] -- Installing: /home/uas/Documents/blue/git_repos/xplane_ros2/install/xplane_interfaces/include/xplane_interfaces/xplane_interfaces/srv/detail/parking_brake__rosidl_typesupport_introspection_c.h
[3.997s] -- Installing: /home/uas/Documents/blue/git_repos/xplane_ros2/install/xplane_interfaces/include/xplane_interfaces/xplane_interfaces/srv/detail/landing_gear__rosidl_typesupport_introspection_c.h
[3.997s] -- Installing: /home/uas/Documents/blue/git_repos/xplane_ros2/install/xplane_interfaces/include/xplane_interfaces/xplane_interfaces/srv/detail/parking_brake__type_support.c
[3.997s] -- Installing: /home/uas/Documents/blue/git_repos/xplane_ros2/install/xplane_interfaces/include/xplane_interfaces/xplane_interfaces/srv/detail/landing_gear__type_support.c
[3.997s] -- Up-to-date: /home/uas/Documents/blue/git_repos/xplane_ros2/install/xplane_interfaces/include/xplane_interfaces/xplane_interfaces/msg
[3.998s] -- Up-to-date: /home/uas/Documents/blue/git_repos/xplane_ros2/install/xplane_interfaces/include/xplane_interfaces/xplane_interfaces/msg/rosidl_typesupport_introspection_c__visibility_control.h
[3.998s] -- Up-to-date: /home/uas/Documents/blue/git_repos/xplane_ros2/install/xplane_interfaces/include/xplane_interfaces/xplane_interfaces/msg/detail
[3.998s] -- Installing: /home/uas/Documents/blue/git_repos/xplane_ros2/install/xplane_interfaces/include/xplane_interfaces/xplane_interfaces/msg/detail/uav_local_state__type_support.c
[3.998s] -- Installing: /home/uas/Documents/blue/git_repos/xplane_ros2/install/xplane_interfaces/include/xplane_interfaces/xplane_interfaces/msg/detail/uav_auto_pilot__type_support.c
[3.998s] -- Installing: /home/uas/Documents/blue/git_repos/xplane_ros2/install/xplane_interfaces/include/xplane_interfaces/xplane_interfaces/msg/detail/uav_type__rosidl_typesupport_introspection_c.h
[3.998s] -- Installing: /home/uas/Documents/blue/git_repos/xplane_ros2/install/xplane_interfaces/include/xplane_interfaces/xplane_interfaces/msg/detail/uav_control__rosidl_typesupport_introspection_c.h
[3.998s] -- Installing: /home/uas/Documents/blue/git_repos/xplane_ros2/install/xplane_interfaces/include/xplane_interfaces/xplane_interfaces/msg/detail/uav_auto_pilot__rosidl_typesupport_introspection_c.h
[3.998s] -- Installing: /home/uas/Documents/blue/git_repos/xplane_ros2/install/xplane_interfaces/include/xplane_interfaces/xplane_interfaces/msg/detail/uav_global_state__type_support.c
[3.998s] -- Installing: /home/uas/Documents/blue/git_repos/xplane_ros2/install/xplane_interfaces/include/xplane_interfaces/xplane_interfaces/msg/detail/uav_state__type_support.c
[3.998s] -- Installing: /home/uas/Documents/blue/git_repos/xplane_ros2/install/xplane_interfaces/include/xplane_interfaces/xplane_interfaces/msg/detail/uav_control__type_support.c
[3.998s] -- Installing: /home/uas/Documents/blue/git_repos/xplane_ros2/install/xplane_interfaces/include/xplane_interfaces/xplane_interfaces/msg/detail/uav_global_state__rosidl_typesupport_introspection_c.h
[3.998s] -- Installing: /home/uas/Documents/blue/git_repos/xplane_ros2/install/xplane_interfaces/include/xplane_interfaces/xplane_interfaces/msg/detail/uav_state__rosidl_typesupport_introspection_c.h
[3.998s] -- Installing: /home/uas/Documents/blue/git_repos/xplane_ros2/install/xplane_interfaces/include/xplane_interfaces/xplane_interfaces/msg/detail/uav_type__type_support.c
[3.998s] -- Installing: /home/uas/Documents/blue/git_repos/xplane_ros2/install/xplane_interfaces/include/xplane_interfaces/xplane_interfaces/msg/detail/uav_local_state__rosidl_typesupport_introspection_c.h
[3.998s] -- Installing: /home/uas/Documents/blue/git_repos/xplane_ros2/install/xplane_interfaces/lib/libxplane_interfaces__rosidl_typesupport_introspection_c.so
[3.999s] -- Set runtime path of "/home/uas/Documents/blue/git_repos/xplane_ros2/install/xplane_interfaces/lib/libxplane_interfaces__rosidl_typesupport_introspection_c.so" to ""
[3.999s] -- Installing: /home/uas/Documents/blue/git_repos/xplane_ros2/install/xplane_interfaces/lib/libxplane_interfaces__rosidl_typesupport_c.so
[3.999s] -- Set runtime path of "/home/uas/Documents/blue/git_repos/xplane_ros2/install/xplane_interfaces/lib/libxplane_interfaces__rosidl_typesupport_c.so" to ""
[3.999s] -- Up-to-date: /home/uas/Documents/blue/git_repos/xplane_ros2/install/xplane_interfaces/include/xplane_interfaces/xplane_interfaces
[3.999s] -- Up-to-date: /home/uas/Documents/blue/git_repos/xplane_ros2/install/xplane_interfaces/include/xplane_interfaces/xplane_interfaces/srv
[3.999s] -- Up-to-date: /home/uas/Documents/blue/git_repos/xplane_ros2/install/xplane_interfaces/include/xplane_interfaces/xplane_interfaces/srv/detail
[3.999s] -- Installing: /home/uas/Documents/blue/git_repos/xplane_ros2/install/xplane_interfaces/include/xplane_interfaces/xplane_interfaces/srv/detail/parking_brake__type_support.cpp
[3.999s] -- Installing: /home/uas/Documents/blue/git_repos/xplane_ros2/install/xplane_interfaces/include/xplane_interfaces/xplane_interfaces/srv/detail/landing_gear__type_support.cpp
[3.999s] -- Installing: /home/uas/Documents/blue/git_repos/xplane_ros2/install/xplane_interfaces/include/xplane_interfaces/xplane_interfaces/srv/detail/landing_gear__rosidl_typesupport_introspection_cpp.hpp
[3.999s] -- Installing: /home/uas/Documents/blue/git_repos/xplane_ros2/install/xplane_interfaces/include/xplane_interfaces/xplane_interfaces/srv/detail/parking_brake__rosidl_typesupport_introspection_cpp.hpp
[3.999s] -- Up-to-date: /home/uas/Documents/blue/git_repos/xplane_ros2/install/xplane_interfaces/include/xplane_interfaces/xplane_interfaces/msg
[3.999s] -- Up-to-date: /home/uas/Documents/blue/git_repos/xplane_ros2/install/xplane_interfaces/include/xplane_interfaces/xplane_interfaces/msg/detail
[3.999s] -- Installing: /home/uas/Documents/blue/git_repos/xplane_ros2/install/xplane_interfaces/include/xplane_interfaces/xplane_interfaces/msg/detail/uav_type__rosidl_typesupport_introspection_cpp.hpp
[3.999s] -- Installing: /home/uas/Documents/blue/git_repos/xplane_ros2/install/xplane_interfaces/include/xplane_interfaces/xplane_interfaces/msg/detail/uav_state__type_support.cpp
[3.999s] -- Installing: /home/uas/Documents/blue/git_repos/xplane_ros2/install/xplane_interfaces/include/xplane_interfaces/xplane_interfaces/msg/detail/uav_control__type_support.cpp
[4.000s] -- Installing: /home/uas/Documents/blue/git_repos/xplane_ros2/install/xplane_interfaces/include/xplane_interfaces/xplane_interfaces/msg/detail/uav_local_state__type_support.cpp
[4.000s] -- Installing: /home/uas/Documents/blue/git_repos/xplane_ros2/install/xplane_interfaces/include/xplane_interfaces/xplane_interfaces/msg/detail/uav_auto_pilot__type_support.cpp
[4.000s] -- Installing: /home/uas/Documents/blue/git_repos/xplane_ros2/install/xplane_interfaces/include/xplane_interfaces/xplane_interfaces/msg/detail/uav_global_state__type_support.cpp
[4.000s] -- Installing: /home/uas/Documents/blue/git_repos/xplane_ros2/install/xplane_interfaces/include/xplane_interfaces/xplane_interfaces/msg/detail/uav_local_state__rosidl_typesupport_introspection_cpp.hpp
[4.000s] -- Installing: /home/uas/Documents/blue/git_repos/xplane_ros2/install/xplane_interfaces/include/xplane_interfaces/xplane_interfaces/msg/detail/uav_global_state__rosidl_typesupport_introspection_cpp.hpp
[4.000s] -- Installing: /home/uas/Documents/blue/git_repos/xplane_ros2/install/xplane_interfaces/include/xplane_interfaces/xplane_interfaces/msg/detail/uav_control__rosidl_typesupport_introspection_cpp.hpp
[4.000s] -- Installing: /home/uas/Documents/blue/git_repos/xplane_ros2/install/xplane_interfaces/include/xplane_interfaces/xplane_interfaces/msg/detail/uav_auto_pilot__rosidl_typesupport_introspection_cpp.hpp
[4.000s] -- Installing: /home/uas/Documents/blue/git_repos/xplane_ros2/install/xplane_interfaces/include/xplane_interfaces/xplane_interfaces/msg/detail/uav_state__rosidl_typesupport_introspection_cpp.hpp
[4.000s] -- Installing: /home/uas/Documents/blue/git_repos/xplane_ros2/install/xplane_interfaces/include/xplane_interfaces/xplane_interfaces/msg/detail/uav_type__type_support.cpp
[4.000s] -- Installing: /home/uas/Documents/blue/git_repos/xplane_ros2/install/xplane_interfaces/lib/libxplane_interfaces__rosidl_typesupport_introspection_cpp.so
[4.000s] -- Set runtime path of "/home/uas/Documents/blue/git_repos/xplane_ros2/install/xplane_interfaces/lib/libxplane_interfaces__rosidl_typesupport_introspection_cpp.so" to ""
[4.000s] -- Installing: /home/uas/Documents/blue/git_repos/xplane_ros2/install/xplane_interfaces/lib/libxplane_interfaces__rosidl_typesupport_cpp.so
[4.000s] -- Set runtime path of "/home/uas/Documents/blue/git_repos/xplane_ros2/install/xplane_interfaces/lib/libxplane_interfaces__rosidl_typesupport_cpp.so" to ""
[4.000s] -- Up-to-date: /home/uas/Documents/blue/git_repos/xplane_ros2/install/xplane_interfaces/share/xplane_interfaces/environment/pythonpath.sh
[4.000s] -- Installing: /home/uas/Documents/blue/git_repos/xplane_ros2/install/xplane_interfaces/share/xplane_interfaces/environment/pythonpath.dsv
[4.001s] -- Up-to-date: /home/uas/Documents/blue/git_repos/xplane_ros2/install/xplane_interfaces/local/lib/python3.10/dist-packages/xplane_interfaces-0.0.0-py3.10.egg-info
[4.001s] -- Installing: /home/uas/Documents/blue/git_repos/xplane_ros2/install/xplane_interfaces/local/lib/python3.10/dist-packages/xplane_interfaces-0.0.0-py3.10.egg-info/dependency_links.txt
[4.001s] -- Installing: /home/uas/Documents/blue/git_repos/xplane_ros2/install/xplane_interfaces/local/lib/python3.10/dist-packages/xplane_interfaces-0.0.0-py3.10.egg-info/SOURCES.txt
[4.001s] -- Installing: /home/uas/Documents/blue/git_repos/xplane_ros2/install/xplane_interfaces/local/lib/python3.10/dist-packages/xplane_interfaces-0.0.0-py3.10.egg-info/top_level.txt
[4.001s] -- Installing: /home/uas/Documents/blue/git_repos/xplane_ros2/install/xplane_interfaces/local/lib/python3.10/dist-packages/xplane_interfaces-0.0.0-py3.10.egg-info/PKG-INFO
[4.001s] -- Up-to-date: /home/uas/Documents/blue/git_repos/xplane_ros2/install/xplane_interfaces/local/lib/python3.10/dist-packages/xplane_interfaces
[4.001s] -- Installing: /home/uas/Documents/blue/git_repos/xplane_ros2/install/xplane_interfaces/local/lib/python3.10/dist-packages/xplane_interfaces/xplane_interfaces_s__rosidl_typesupport_fastrtps_c.cpython-310-x86_64-linux-gnu.so
[4.001s] -- Up-to-date: /home/uas/Documents/blue/git_repos/xplane_ros2/install/xplane_interfaces/local/lib/python3.10/dist-packages/xplane_interfaces/srv
[4.001s] -- Installing: /home/uas/Documents/blue/git_repos/xplane_ros2/install/xplane_interfaces/local/lib/python3.10/dist-packages/xplane_interfaces/srv/_landing_gear_s.c
[4.001s] -- Installing: /home/uas/Documents/blue/git_repos/xplane_ros2/install/xplane_interfaces/local/lib/python3.10/dist-packages/xplane_interfaces/srv/_parking_brake.py
[4.001s] -- Installing: /home/uas/Documents/blue/git_repos/xplane_ros2/install/xplane_interfaces/local/lib/python3.10/dist-packages/xplane_interfaces/srv/_parking_brake_s.c
[4.001s] -- Installing: /home/uas/Documents/blue/git_repos/xplane_ros2/install/xplane_interfaces/local/lib/python3.10/dist-packages/xplane_interfaces/srv/_landing_gear.py
[4.001s] -- Installing: /home/uas/Documents/blue/git_repos/xplane_ros2/install/xplane_interfaces/local/lib/python3.10/dist-packages/xplane_interfaces/srv/__init__.py
[4.001s] -- Installing: /home/uas/Documents/blue/git_repos/xplane_ros2/install/xplane_interfaces/local/lib/python3.10/dist-packages/xplane_interfaces/_xplane_interfaces_s.ep.rosidl_typesupport_fastrtps_c.c
[4.001s] -- Installing: /home/uas/Documents/blue/git_repos/xplane_ros2/install/xplane_interfaces/local/lib/python3.10/dist-packages/xplane_interfaces/xplane_interfaces_s__rosidl_typesupport_introspection_c.cpython-310-x86_64-linux-gnu.so
[4.002s] -- Up-to-date: /home/uas/Documents/blue/git_repos/xplane_ros2/install/xplane_interfaces/local/lib/python3.10/dist-packages/xplane_interfaces/msg
[4.002s] -- Installing: /home/uas/Documents/blue/git_repos/xplane_ros2/install/xplane_interfaces/local/lib/python3.10/dist-packages/xplane_interfaces/msg/_uav_global_state.py
[4.002s] -- Installing: /home/uas/Documents/blue/git_repos/xplane_ros2/install/xplane_interfaces/local/lib/python3.10/dist-packages/xplane_interfaces/msg/_uav_control_s.c
[4.002s] -- Installing: /home/uas/Documents/blue/git_repos/xplane_ros2/install/xplane_interfaces/local/lib/python3.10/dist-packages/xplane_interfaces/msg/_uav_auto_pilot_s.c
[4.002s] -- Installing: /home/uas/Documents/blue/git_repos/xplane_ros2/install/xplane_interfaces/local/lib/python3.10/dist-packages/xplane_interfaces/msg/_uav_type_s.c
[4.002s] -- Installing: /home/uas/Documents/blue/git_repos/xplane_ros2/install/xplane_interfaces/local/lib/python3.10/dist-packages/xplane_interfaces/msg/_uav_type.py
[4.002s] -- Installing: /home/uas/Documents/blue/git_repos/xplane_ros2/install/xplane_interfaces/local/lib/python3.10/dist-packages/xplane_interfaces/msg/_uav_local_state.py
[4.002s] -- Installing: /home/uas/Documents/blue/git_repos/xplane_ros2/install/xplane_interfaces/local/lib/python3.10/dist-packages/xplane_interfaces/msg/_uav_state_s.c
[4.002s] -- Installing: /home/uas/Documents/blue/git_repos/xplane_ros2/install/xplane_interfaces/local/lib/python3.10/dist-packages/xplane_interfaces/msg/_uav_state.py
[4.002s] -- Installing: /home/uas/Documents/blue/git_repos/xplane_ros2/install/xplane_interfaces/local/lib/python3.10/dist-packages/xplane_interfaces/msg/_uav_global_state_s.c
[4.002s] -- Installing: /home/uas/Documents/blue/git_repos/xplane_ros2/install/xplane_interfaces/local/lib/python3.10/dist-packages/xplane_interfaces/msg/_uav_local_state_s.c
[4.002s] -- Installing: /home/uas/Documents/blue/git_repos/xplane_ros2/install/xplane_interfaces/local/lib/python3.10/dist-packages/xplane_interfaces/msg/_uav_auto_pilot.py
[4.002s] -- Installing: /home/uas/Documents/blue/git_repos/xplane_ros2/install/xplane_interfaces/local/lib/python3.10/dist-packages/xplane_interfaces/msg/__init__.py
[4.002s] -- Installing: /home/uas/Documents/blue/git_repos/xplane_ros2/install/xplane_interfaces/local/lib/python3.10/dist-packages/xplane_interfaces/msg/_uav_control.py
[4.002s] -- Installing: /home/uas/Documents/blue/git_repos/xplane_ros2/install/xplane_interfaces/local/lib/python3.10/dist-packages/xplane_interfaces/_xplane_interfaces_s.ep.rosidl_typesupport_c.c
[4.003s] -- Installing: /home/uas/Documents/blue/git_repos/xplane_ros2/install/xplane_interfaces/local/lib/python3.10/dist-packages/xplane_interfaces/xplane_interfaces_s__rosidl_typesupport_c.cpython-310-x86_64-linux-gnu.so
[4.003s] -- Installing: /home/uas/Documents/blue/git_repos/xplane_ros2/install/xplane_interfaces/local/lib/python3.10/dist-packages/xplane_interfaces/_xplane_interfaces_s.ep.rosidl_typesupport_introspection_c.c
[4.003s] -- Installing: /home/uas/Documents/blue/git_repos/xplane_ros2/install/xplane_interfaces/local/lib/python3.10/dist-packages/xplane_interfaces/libxplane_interfaces__rosidl_generator_py.so
[4.003s] -- Installing: /home/uas/Documents/blue/git_repos/xplane_ros2/install/xplane_interfaces/local/lib/python3.10/dist-packages/xplane_interfaces/__init__.py
[4.025s] Listing '/home/uas/Documents/blue/git_repos/xplane_ros2/install/xplane_interfaces/local/lib/python3.10/dist-packages/xplane_interfaces'...
[4.025s] Compiling '/home/uas/Documents/blue/git_repos/xplane_ros2/install/xplane_interfaces/local/lib/python3.10/dist-packages/xplane_interfaces/__init__.py'...
[4.025s] Listing '/home/uas/Documents/blue/git_repos/xplane_ros2/install/xplane_interfaces/local/lib/python3.10/dist-packages/xplane_interfaces/msg'...
[4.025s] Compiling '/home/uas/Documents/blue/git_repos/xplane_ros2/install/xplane_interfaces/local/lib/python3.10/dist-packages/xplane_interfaces/msg/__init__.py'...
[4.025s] Compiling '/home/uas/Documents/blue/git_repos/xplane_ros2/install/xplane_interfaces/local/lib/python3.10/dist-packages/xplane_interfaces/msg/_uav_auto_pilot.py'...
[4.025s] Compiling '/home/uas/Documents/blue/git_repos/xplane_ros2/install/xplane_interfaces/local/lib/python3.10/dist-packages/xplane_interfaces/msg/_uav_control.py'...
[4.025s] Compiling '/home/uas/Documents/blue/git_repos/xplane_ros2/install/xplane_interfaces/local/lib/python3.10/dist-packages/xplane_interfaces/msg/_uav_global_state.py'...
[4.025s] Compiling '/home/uas/Documents/blue/git_repos/xplane_ros2/install/xplane_interfaces/local/lib/python3.10/dist-packages/xplane_interfaces/msg/_uav_local_state.py'...
[4.025s] Compiling '/home/uas/Documents/blue/git_repos/xplane_ros2/install/xplane_interfaces/local/lib/python3.10/dist-packages/xplane_interfaces/msg/_uav_state.py'...
[4.025s] Compiling '/home/uas/Documents/blue/git_repos/xplane_ros2/install/xplane_interfaces/local/lib/python3.10/dist-packages/xplane_interfaces/msg/_uav_type.py'...
[4.025s] Listing '/home/uas/Documents/blue/git_repos/xplane_ros2/install/xplane_interfaces/local/lib/python3.10/dist-packages/xplane_interfaces/srv'...
[4.025s] Compiling '/home/uas/Documents/blue/git_repos/xplane_ros2/install/xplane_interfaces/local/lib/python3.10/dist-packages/xplane_interfaces/srv/__init__.py'...
[4.025s] Compiling '/home/uas/Documents/blue/git_repos/xplane_ros2/install/xplane_interfaces/local/lib/python3.10/dist-packages/xplane_interfaces/srv/_landing_gear.py'...
[4.026s] Compiling '/home/uas/Documents/blue/git_repos/xplane_ros2/install/xplane_interfaces/local/lib/python3.10/dist-packages/xplane_interfaces/srv/_parking_brake.py'...
[4.028s] -- Installing: /home/uas/Documents/blue/git_repos/xplane_ros2/install/xplane_interfaces/local/lib/python3.10/dist-packages/xplane_interfaces/xplane_interfaces_s__rosidl_typesupport_fastrtps_c.cpython-310-x86_64-linux-gnu.so
[4.028s] -- Set runtime path of "/home/uas/Documents/blue/git_repos/xplane_ros2/install/xplane_interfaces/local/lib/python3.10/dist-packages/xplane_interfaces/xplane_interfaces_s__rosidl_typesupport_fastrtps_c.cpython-310-x86_64-linux-gnu.so" to ""
[4.028s] -- Installing: /home/uas/Documents/blue/git_repos/xplane_ros2/install/xplane_interfaces/local/lib/python3.10/dist-packages/xplane_interfaces/xplane_interfaces_s__rosidl_typesupport_introspection_c.cpython-310-x86_64-linux-gnu.so
[4.028s] -- Set runtime path of "/home/uas/Documents/blue/git_repos/xplane_ros2/install/xplane_interfaces/local/lib/python3.10/dist-packages/xplane_interfaces/xplane_interfaces_s__rosidl_typesupport_introspection_c.cpython-310-x86_64-linux-gnu.so" to ""
[4.029s] -- Installing: /home/uas/Documents/blue/git_repos/xplane_ros2/install/xplane_interfaces/local/lib/python3.10/dist-packages/xplane_interfaces/xplane_interfaces_s__rosidl_typesupport_c.cpython-310-x86_64-linux-gnu.so
[4.029s] -- Set runtime path of "/home/uas/Documents/blue/git_repos/xplane_ros2/install/xplane_interfaces/local/lib/python3.10/dist-packages/xplane_interfaces/xplane_interfaces_s__rosidl_typesupport_c.cpython-310-x86_64-linux-gnu.so" to ""
[4.029s] -- Installing: /home/uas/Documents/blue/git_repos/xplane_ros2/install/xplane_interfaces/lib/libxplane_interfaces__rosidl_generator_py.so
[4.029s] -- Set runtime path of "/home/uas/Documents/blue/git_repos/xplane_ros2/install/xplane_interfaces/lib/libxplane_interfaces__rosidl_generator_py.so" to ""
[4.029s] -- Up-to-date: /home/uas/Documents/blue/git_repos/xplane_ros2/install/xplane_interfaces/share/xplane_interfaces/msg/UAVState.idl
[4.029s] -- Up-to-date: /home/uas/Documents/blue/git_repos/xplane_ros2/install/xplane_interfaces/share/xplane_interfaces/msg/UAVGlobalState.idl
[4.029s] -- Up-to-date: /home/uas/Documents/blue/git_repos/xplane_ros2/install/xplane_interfaces/share/xplane_interfaces/msg/UAVLocalState.idl
[4.029s] -- Up-to-date: /home/uas/Documents/blue/git_repos/xplane_ros2/install/xplane_interfaces/share/xplane_interfaces/msg/UAVType.idl
[4.029s] -- Up-to-date: /home/uas/Documents/blue/git_repos/xplane_ros2/install/xplane_interfaces/share/xplane_interfaces/msg/UAVControl.idl
[4.029s] -- Up-to-date: /home/uas/Documents/blue/git_repos/xplane_ros2/install/xplane_interfaces/share/xplane_interfaces/msg/UAVAutoPilot.idl
[4.030s] -- Up-to-date: /home/uas/Documents/blue/git_repos/xplane_ros2/install/xplane_interfaces/share/xplane_interfaces/srv/ParkingBrake.idl
[4.030s] -- Installing: /home/uas/Documents/blue/git_repos/xplane_ros2/install/xplane_interfaces/share/xplane_interfaces/srv/LandingGear.idl
[4.030s] -- Up-to-date: /home/uas/Documents/blue/git_repos/xplane_ros2/install/xplane_interfaces/share/xplane_interfaces/msg/UAVState.msg
[4.030s] -- Up-to-date: /home/uas/Documents/blue/git_repos/xplane_ros2/install/xplane_interfaces/share/xplane_interfaces/msg/UAVGlobalState.msg
[4.030s] -- Up-to-date: /home/uas/Documents/blue/git_repos/xplane_ros2/install/xplane_interfaces/share/xplane_interfaces/msg/UAVLocalState.msg
[4.030s] -- Up-to-date: /home/uas/Documents/blue/git_repos/xplane_ros2/install/xplane_interfaces/share/xplane_interfaces/msg/UAVType.msg
[4.030s] -- Up-to-date: /home/uas/Documents/blue/git_repos/xplane_ros2/install/xplane_interfaces/share/xplane_interfaces/msg/UAVControl.msg
[4.030s] -- Up-to-date: /home/uas/Documents/blue/git_repos/xplane_ros2/install/xplane_interfaces/share/xplane_interfaces/msg/UAVAutoPilot.msg
[4.030s] -- Up-to-date: /home/uas/Documents/blue/git_repos/xplane_ros2/install/xplane_interfaces/share/xplane_interfaces/srv/ParkingBrake.srv
[4.030s] -- Up-to-date: /home/uas/Documents/blue/git_repos/xplane_ros2/install/xplane_interfaces/share/xplane_interfaces/srv/ParkingBrake_Request.msg
[4.030s] -- Up-to-date: /home/uas/Documents/blue/git_repos/xplane_ros2/install/xplane_interfaces/share/xplane_interfaces/srv/ParkingBrake_Response.msg
[4.030s] -- Installing: /home/uas/Documents/blue/git_repos/xplane_ros2/install/xplane_interfaces/share/xplane_interfaces/srv/LandingGear.srv
[4.031s] -- Installing: /home/uas/Documents/blue/git_repos/xplane_ros2/install/xplane_interfaces/share/xplane_interfaces/srv/LandingGear_Request.msg
[4.031s] -- Installing: /home/uas/Documents/blue/git_repos/xplane_ros2/install/xplane_interfaces/share/xplane_interfaces/srv/LandingGear_Response.msg
[4.031s] -- Up-to-date: /home/uas/Documents/blue/git_repos/xplane_ros2/install/xplane_interfaces/share/ament_index/resource_index/package_run_dependencies/xplane_interfaces
[4.031s] -- Up-to-date: /home/uas/Documents/blue/git_repos/xplane_ros2/install/xplane_interfaces/share/ament_index/resource_index/parent_prefix_path/xplane_interfaces
[4.031s] -- Up-to-date: /home/uas/Documents/blue/git_repos/xplane_ros2/install/xplane_interfaces/share/xplane_interfaces/environment/ament_prefix_path.sh
[4.031s] -- Installing: /home/uas/Documents/blue/git_repos/xplane_ros2/install/xplane_interfaces/share/xplane_interfaces/environment/ament_prefix_path.dsv
[4.031s] -- Up-to-date: /home/uas/Documents/blue/git_repos/xplane_ros2/install/xplane_interfaces/share/xplane_interfaces/environment/path.sh
[4.031s] -- Installing: /home/uas/Documents/blue/git_repos/xplane_ros2/install/xplane_interfaces/share/xplane_interfaces/environment/path.dsv
[4.031s] -- Up-to-date: /home/uas/Documents/blue/git_repos/xplane_ros2/install/xplane_interfaces/share/xplane_interfaces/local_setup.bash
[4.031s] -- Up-to-date: /home/uas/Documents/blue/git_repos/xplane_ros2/install/xplane_interfaces/share/xplane_interfaces/local_setup.sh
[4.031s] -- Up-to-date: /home/uas/Documents/blue/git_repos/xplane_ros2/install/xplane_interfaces/share/xplane_interfaces/local_setup.zsh
[4.031s] -- Installing: /home/uas/Documents/blue/git_repos/xplane_ros2/install/xplane_interfaces/share/xplane_interfaces/local_setup.dsv
[4.031s] -- Installing: /home/uas/Documents/blue/git_repos/xplane_ros2/install/xplane_interfaces/share/xplane_interfaces/package.dsv
[4.031s] -- Up-to-date: /home/uas/Documents/blue/git_repos/xplane_ros2/install/xplane_interfaces/share/ament_index/resource_index/packages/xplane_interfaces
[4.031s] -- Up-to-date: /home/uas/Documents/blue/git_repos/xplane_ros2/install/xplane_interfaces/share/xplane_interfaces/cmake/export_xplane_interfaces__rosidl_generator_cExport.cmake
[4.032s] -- Up-to-date: /home/uas/Documents/blue/git_repos/xplane_ros2/install/xplane_interfaces/share/xplane_interfaces/cmake/export_xplane_interfaces__rosidl_generator_cExport-noconfig.cmake
[4.032s] -- Up-to-date: /home/uas/Documents/blue/git_repos/xplane_ros2/install/xplane_interfaces/share/xplane_interfaces/cmake/export_xplane_interfaces__rosidl_typesupport_fastrtps_cExport.cmake
[4.032s] -- Up-to-date: /home/uas/Documents/blue/git_repos/xplane_ros2/install/xplane_interfaces/share/xplane_interfaces/cmake/export_xplane_interfaces__rosidl_typesupport_fastrtps_cExport-noconfig.cmake
[4.032s] -- Up-to-date: /home/uas/Documents/blue/git_repos/xplane_ros2/install/xplane_interfaces/share/xplane_interfaces/cmake/export_xplane_interfaces__rosidl_generator_cppExport.cmake
[4.032s] -- Up-to-date: /home/uas/Documents/blue/git_repos/xplane_ros2/install/xplane_interfaces/share/xplane_interfaces/cmake/export_xplane_interfaces__rosidl_typesupport_fastrtps_cppExport.cmake
[4.033s] -- Up-to-date: /home/uas/Documents/blue/git_repos/xplane_ros2/install/xplane_interfaces/share/xplane_interfaces/cmake/export_xplane_interfaces__rosidl_typesupport_fastrtps_cppExport-noconfig.cmake
[4.033s] -- Up-to-date: /home/uas/Documents/blue/git_repos/xplane_ros2/install/xplane_interfaces/share/xplane_interfaces/cmake/xplane_interfaces__rosidl_typesupport_introspection_cExport.cmake
[4.033s] -- Up-to-date: /home/uas/Documents/blue/git_repos/xplane_ros2/install/xplane_interfaces/share/xplane_interfaces/cmake/xplane_interfaces__rosidl_typesupport_introspection_cExport-noconfig.cmake
[4.033s] -- Up-to-date: /home/uas/Documents/blue/git_repos/xplane_ros2/install/xplane_interfaces/share/xplane_interfaces/cmake/xplane_interfaces__rosidl_typesupport_cExport.cmake
[4.033s] -- Up-to-date: /home/uas/Documents/blue/git_repos/xplane_ros2/install/xplane_interfaces/share/xplane_interfaces/cmake/xplane_interfaces__rosidl_typesupport_cExport-noconfig.cmake
[4.033s] -- Up-to-date: /home/uas/Documents/blue/git_repos/xplane_ros2/install/xplane_interfaces/share/xplane_interfaces/cmake/xplane_interfaces__rosidl_typesupport_introspection_cppExport.cmake
[4.034s] -- Up-to-date: /home/uas/Documents/blue/git_repos/xplane_ros2/install/xplane_interfaces/share/xplane_interfaces/cmake/xplane_interfaces__rosidl_typesupport_introspection_cppExport-noconfig.cmake
[4.034s] -- Up-to-date: /home/uas/Documents/blue/git_repos/xplane_ros2/install/xplane_interfaces/share/xplane_interfaces/cmake/xplane_interfaces__rosidl_typesupport_cppExport.cmake
[4.034s] -- Up-to-date: /home/uas/Documents/blue/git_repos/xplane_ros2/install/xplane_interfaces/share/xplane_interfaces/cmake/xplane_interfaces__rosidl_typesupport_cppExport-noconfig.cmake
[4.034s] -- Up-to-date: /home/uas/Documents/blue/git_repos/xplane_ros2/install/xplane_interfaces/share/xplane_interfaces/cmake/export_xplane_interfaces__rosidl_generator_pyExport.cmake
[4.034s] -- Up-to-date: /home/uas/Documents/blue/git_repos/xplane_ros2/install/xplane_interfaces/share/xplane_interfaces/cmake/export_xplane_interfaces__rosidl_generator_pyExport-noconfig.cmake
[4.034s] -- Installing: /home/uas/Documents/blue/git_repos/xplane_ros2/install/xplane_interfaces/share/xplane_interfaces/cmake/rosidl_cmake-extras.cmake
[4.034s] -- Up-to-date: /home/uas/Documents/blue/git_repos/xplane_ros2/install/xplane_interfaces/share/xplane_interfaces/cmake/ament_cmake_export_dependencies-extras.cmake
[4.035s] -- Up-to-date: /home/uas/Documents/blue/git_repos/xplane_ros2/install/xplane_interfaces/share/xplane_interfaces/cmake/ament_cmake_export_include_directories-extras.cmake
[4.035s] -- Up-to-date: /home/uas/Documents/blue/git_repos/xplane_ros2/install/xplane_interfaces/share/xplane_interfaces/cmake/ament_cmake_export_libraries-extras.cmake
[4.035s] -- Up-to-date: /home/uas/Documents/blue/git_repos/xplane_ros2/install/xplane_interfaces/share/xplane_interfaces/cmake/ament_cmake_export_targets-extras.cmake
[4.036s] -- Up-to-date: /home/uas/Documents/blue/git_repos/xplane_ros2/install/xplane_interfaces/share/xplane_interfaces/cmake/rosidl_cmake_export_typesupport_targets-extras.cmake
[4.036s] -- Up-to-date: /home/uas/Documents/blue/git_repos/xplane_ros2/install/xplane_interfaces/share/xplane_interfaces/cmake/rosidl_cmake_export_typesupport_libraries-extras.cmake
[4.036s] -- Up-to-date: /home/uas/Documents/blue/git_repos/xplane_ros2/install/xplane_interfaces/share/xplane_interfaces/cmake/xplane_interfacesConfig.cmake
[4.036s] -- Up-to-date: /home/uas/Documents/blue/git_repos/xplane_ros2/install/xplane_interfaces/share/xplane_interfaces/cmake/xplane_interfacesConfig-version.cmake
[4.036s] -- Up-to-date: /home/uas/Documents/blue/git_repos/xplane_ros2/install/xplane_interfaces/share/xplane_interfaces/package.xml
[4.036s] Invoked command in '/home/uas/Documents/blue/git_repos/xplane_ros2/build/xplane_interfaces' returned '0': CMAKE_PREFIX_PATH=${CMAKE_PREFIX_PATH}:/home/uas/Documents/blue/git_repos/xplane_ros2/install/xplaneros2_main:/opt/ros/humble /usr/bin/cmake --install /home/uas/Documents/blue/git_repos/xplane_ros2/build/xplane_interfaces
