[0.005s] Invoking command in '/home/uas/Documents/blue/git_repos/xplane_ros2/build/xplane_interfaces': CMAKE_PREFIX_PATH=/opt/ros/humble /usr/bin/cmake --build /home/uas/Documents/blue/git_repos/xplane_ros2/build/xplane_interfaces -- -j24 -l24
[0.018s] -- Found ament_cmake: 1.3.8 (/opt/ros/humble/share/ament_cmake/cmake)
[0.087s] -- Found rclcpp: 16.0.8 (/opt/ros/humble/share/rclcpp/cmake)
[0.102s] -- Found rosidl_generator_c: 3.1.5 (/opt/ros/humble/share/rosidl_generator_c/cmake)
[0.103s] -- Found rosidl_adapter: 3.1.5 (/opt/ros/humble/share/rosidl_adapter/cmake)
[0.106s] -- Found rosidl_generator_cpp: 3.1.5 (/opt/ros/humble/share/rosidl_generator_cpp/cmake)
[0.112s] -- Using all available rosidl_typesupport_c: rosidl_typesupport_fastrtps_c;rosidl_typesupport_introspection_c
[0.120s] -- Using all available rosidl_typesupport_cpp: rosidl_typesupport_fastrtps_cpp;rosidl_typesupport_introspection_cpp
[0.150s] -- Found rmw_implementation_cmake: 6.1.1 (/opt/ros/humble/share/rmw_implementation_cmake/cmake)
[0.150s] -- Found rmw_fastrtps_cpp: 6.2.6 (/opt/ros/humble/share/rmw_fastrtps_cpp/cmake)
[0.210s] -- Using RMW implementation 'rmw_fastrtps_cpp' as default
[0.291s] -- Found rosidl_default_generators: 1.2.0 (/opt/ros/humble/share/rosidl_default_generators/cmake)
[0.295s] -- Found ament_lint_auto: 0.12.10 (/opt/ros/humble/share/ament_lint_auto/cmake)
[0.430s] -- Found ament_cmake_ros: 0.10.0 (/opt/ros/humble/share/ament_cmake_ros/cmake)
[0.608s] -- Using all available rosidl_typesupport_c: rosidl_typesupport_fastrtps_c;rosidl_typesupport_introspection_c
[0.671s] -- Using all available rosidl_typesupport_cpp: rosidl_typesupport_fastrtps_cpp;rosidl_typesupport_introspection_cpp
[0.684s] -- Found PythonInterp: /usr/bin/python3 (found suitable version "3.10.12", minimum required is "3.6") 
[0.685s] -- Found python_cmake_module: 0.10.0 (/opt/ros/humble/share/python_cmake_module/cmake)
[0.699s] -- Found PythonLibs: /usr/lib/x86_64-linux-gnu/libpython3.10.so (found suitable version "3.10.12", minimum required is "3.5") 
[0.699s] -- Using PYTHON_EXECUTABLE: /usr/bin/python3
[0.699s] -- Using PYTHON_INCLUDE_DIRS: /usr/include/python3.10
[0.699s] -- Using PYTHON_LIBRARIES: /usr/lib/x86_64-linux-gnu/libpython3.10.so
[0.710s] -- Found PythonExtra: .so  
[0.729s] -- Added test 'lint_cmake' to check CMake code style
[0.729s] -- Added test 'xmllint' to check XML markup files
[0.731s] -- Configuring done
[0.744s] -- Generating done
[0.745s] -- Build files have been written to: /home/uas/Documents/blue/git_repos/xplane_ros2/build/xplane_interfaces
[0.760s] [  2%] [34m[1mGenerating C code for ROS interfaces[0m
[0.764s] [  5%] [34m[1mGenerating C++ code for ROS interfaces[0m
[0.769s] [  5%] Built target ament_cmake_python_copy_xplane_interfaces
[0.881s] running egg_info
[0.881s] creating xplane_interfaces.egg-info
[0.881s] writing xplane_interfaces.egg-info/PKG-INFO
[0.881s] writing dependency_links to xplane_interfaces.egg-info/dependency_links.txt
[0.881s] writing top-level names to xplane_interfaces.egg-info/top_level.txt
[0.881s] writing manifest file 'xplane_interfaces.egg-info/SOURCES.txt'
[0.882s] reading manifest file 'xplane_interfaces.egg-info/SOURCES.txt'
[0.883s] writing manifest file 'xplane_interfaces.egg-info/SOURCES.txt'
[0.897s] [  5%] Built target ament_cmake_python_build_xplane_interfaces_egg
[0.909s] [  5%] Built target xplane_interfaces__cpp
[0.913s] [ 10%] [32mBuilding C object CMakeFiles/xplane_interfaces__rosidl_generator_c.dir/rosidl_generator_c/xplane_interfaces/msg/detail/uav_control__functions.c.o[0m
[0.913s] [ 10%] [32mBuilding C object CMakeFiles/xplane_interfaces__rosidl_generator_c.dir/rosidl_generator_c/xplane_interfaces/msg/detail/uav_state__functions.c.o[0m
[0.914s] [ 12%] [34m[1mGenerating C++ type support dispatch for ROS interfaces[0m
[0.914s] [ 15%] [34m[1mGenerating C++ type support for eProsima Fast-RTPS[0m
[0.915s] [ 17%] [34m[1mGenerating C++ introspection for ROS interfaces[0m
[0.920s] In file included from [01m[K/home/uas/Documents/blue/git_repos/xplane_ros2/build/xplane_interfaces/rosidl_generator_c/xplane_interfaces/msg/detail/uav_state__functions.h:19[m[K,
[0.920s]                  from [01m[K/home/uas/Documents/blue/git_repos/xplane_ros2/build/xplane_interfaces/rosidl_generator_c/xplane_interfaces/msg/detail/uav_state__functions.c:4[m[K:
[0.920s] [01m[K/home/uas/Documents/blue/git_repos/xplane_ros2/build/xplane_interfaces/rosidl_generator_c/xplane_interfaces/msg/detail/uav_state__struct.h:22:10:[m[K [01;31m[Kfatal error: [m[Kstd_msgs/msg/detail/header__struct.h: No such file or directory
[0.920s]    22 | #include [01;31m[K"std_msgs/msg/detail/header__struct.h"[m[K
[0.920s]       |          [01;31m[K^~~~~~~~~~~~~~~~~~~~~~~~~~~~~~~~~~~~~~[m[K
[0.920s] compilation terminated.
[0.921s] gmake[2]: *** [CMakeFiles/xplane_interfaces__rosidl_generator_c.dir/build.make:121: CMakeFiles/xplane_interfaces__rosidl_generator_c.dir/rosidl_generator_c/xplane_interfaces/msg/detail/uav_state__functions.c.o] Error 1
[0.921s] gmake[2]: *** Waiting for unfinished jobs....
[0.935s] gmake[1]: *** [CMakeFiles/Makefile2:213: CMakeFiles/xplane_interfaces__rosidl_generator_c.dir/all] Error 2
[0.935s] gmake[1]: *** Waiting for unfinished jobs....
[1.041s] [ 20%] [32mBuilding CXX object CMakeFiles/xplane_interfaces__rosidl_typesupport_cpp.dir/rosidl_typesupport_cpp/xplane_interfaces/msg/uav_state__type_support.cpp.o[0m
[1.041s] [ 23%] [32mBuilding CXX object CMakeFiles/xplane_interfaces__rosidl_typesupport_cpp.dir/rosidl_typesupport_cpp/xplane_interfaces/msg/uav_control__type_support.cpp.o[0m
[1.048s] [ 25%] [32mBuilding CXX object CMakeFiles/xplane_interfaces__rosidl_typesupport_introspection_cpp.dir/rosidl_typesupport_introspection_cpp/xplane_interfaces/msg/detail/uav_state__type_support.cpp.o[0m
[1.048s] [ 28%] [32mBuilding CXX object CMakeFiles/xplane_interfaces__rosidl_typesupport_introspection_cpp.dir/rosidl_typesupport_introspection_cpp/xplane_interfaces/msg/detail/uav_control__type_support.cpp.o[0m
[1.057s] [ 33%] [32mBuilding CXX object CMakeFiles/xplane_interfaces__rosidl_typesupport_fastrtps_cpp.dir/rosidl_typesupport_fastrtps_cpp/xplane_interfaces/msg/detail/dds_fastrtps/uav_state__type_support.cpp.o[0m
[1.057s] [ 33%] [32mBuilding CXX object CMakeFiles/xplane_interfaces__rosidl_typesupport_fastrtps_cpp.dir/rosidl_typesupport_fastrtps_cpp/xplane_interfaces/msg/detail/dds_fastrtps/uav_control__type_support.cpp.o[0m
[1.067s] In file included from [01m[K/home/uas/Documents/blue/git_repos/xplane_ros2/build/xplane_interfaces/rosidl_typesupport_cpp/xplane_interfaces/msg/uav_state__type_support.cpp:7[m[K:
[1.067s] [01m[K/home/uas/Documents/blue/git_repos/xplane_ros2/build/xplane_interfaces/rosidl_generator_cpp/xplane_interfaces/msg/detail/uav_state__struct.hpp:20:10:[m[K [01;31m[Kfatal error: [m[Kstd_msgs/msg/detail/header__struct.hpp: No such file or directory
[1.067s]    20 | #include [01;31m[K"std_msgs/msg/detail/header__struct.hpp"[m[K
[1.067s]       |          [01;31m[K^~~~~~~~~~~~~~~~~~~~~~~~~~~~~~~~~~~~~~~~[m[K
[1.067s] compilation terminated.
[1.076s] gmake[2]: *** [CMakeFiles/xplane_interfaces__rosidl_typesupport_cpp.dir/build.make:90: CMakeFiles/xplane_interfaces__rosidl_typesupport_cpp.dir/rosidl_typesupport_cpp/xplane_interfaces/msg/uav_state__type_support.cpp.o] Error 1
[1.076s] gmake[2]: *** Waiting for unfinished jobs....
[1.077s] In file included from [01m[K/home/uas/Documents/blue/git_repos/xplane_ros2/build/xplane_interfaces/rosidl_typesupport_introspection_cpp/xplane_interfaces/msg/detail/uav_state__type_support.cpp:12[m[K:
[1.077s] [01m[K/home/uas/Documents/blue/git_repos/xplane_ros2/build/xplane_interfaces/rosidl_generator_cpp/xplane_interfaces/msg/detail/uav_state__struct.hpp:20:10:[m[K [01;31m[Kfatal error: [m[Kstd_msgs/msg/detail/header__struct.hpp: No such file or directory
[1.077s]    20 | #include [01;31m[K"std_msgs/msg/detail/header__struct.hpp"[m[K
[1.077s]       |          [01;31m[K^~~~~~~~~~~~~~~~~~~~~~~~~~~~~~~~~~~~~~~~[m[K
[1.077s] compilation terminated.
[1.078s] gmake[2]: *** [CMakeFiles/xplane_interfaces__rosidl_typesupport_introspection_cpp.dir/build.make:98: CMakeFiles/xplane_interfaces__rosidl_typesupport_introspection_cpp.dir/rosidl_typesupport_introspection_cpp/xplane_interfaces/msg/detail/uav_state__type_support.cpp.o] Error 1
[1.078s] gmake[2]: *** Waiting for unfinished jobs....
[1.083s] In file included from [01m[K/home/uas/Documents/blue/git_repos/xplane_ros2/build/xplane_interfaces/rosidl_typesupport_fastrtps_cpp/xplane_interfaces/msg/detail/uav_state__rosidl_typesupport_fastrtps_cpp.hpp:11[m[K,
[1.083s]                  from [01m[K/home/uas/Documents/blue/git_repos/xplane_ros2/build/xplane_interfaces/rosidl_typesupport_fastrtps_cpp/xplane_interfaces/msg/detail/dds_fastrtps/uav_state__type_support.cpp:4[m[K:
[1.083s] [01m[K/home/uas/Documents/blue/git_repos/xplane_ros2/build/xplane_interfaces/rosidl_generator_cpp/xplane_interfaces/msg/detail/uav_state__struct.hpp:20:10:[m[K [01;31m[Kfatal error: [m[Kstd_msgs/msg/detail/header__struct.hpp: No such file or directory
[1.083s]    20 | #include [01;31m[K"std_msgs/msg/detail/header__struct.hpp"[m[K
[1.083s]       |          [01;31m[K^~~~~~~~~~~~~~~~~~~~~~~~~~~~~~~~~~~~~~~~[m[K
[1.083s] compilation terminated.
[1.084s] gmake[2]: *** [CMakeFiles/xplane_interfaces__rosidl_typesupport_fastrtps_cpp.dir/build.make:98: CMakeFiles/xplane_interfaces__rosidl_typesupport_fastrtps_cpp.dir/rosidl_typesupport_fastrtps_cpp/xplane_interfaces/msg/detail/dds_fastrtps/uav_state__type_support.cpp.o] Error 1
[1.084s] gmake[2]: *** Waiting for unfinished jobs....
[1.212s] gmake[1]: *** [CMakeFiles/Makefile2:395: CMakeFiles/xplane_interfaces__rosidl_typesupport_cpp.dir/all] Error 2
[1.216s] gmake[1]: *** [CMakeFiles/Makefile2:369: CMakeFiles/xplane_interfaces__rosidl_typesupport_introspection_cpp.dir/all] Error 2
[1.233s] gmake[1]: *** [CMakeFiles/Makefile2:291: CMakeFiles/xplane_interfaces__rosidl_typesupport_fastrtps_cpp.dir/all] Error 2
[1.233s] gmake: *** [Makefile:146: all] Error 2
[1.235s] Invoked command in '/home/uas/Documents/blue/git_repos/xplane_ros2/build/xplane_interfaces' returned '2': CMAKE_PREFIX_PATH=/opt/ros/humble /usr/bin/cmake --build /home/uas/Documents/blue/git_repos/xplane_ros2/build/xplane_interfaces -- -j24 -l24
