[0.006s] Invoking command in '/home/uas/Documents/blue/git_repos/xplane_ros2/build/xplane_interfaces': CMAKE_PREFIX_PATH=${CMAKE_PREFIX_PATH}:/home/uas/Documents/blue/git_repos/xplane_ros2/install/xplaneros2_main:/opt/ros/humble /usr/bin/cmake --build /home/uas/Documents/blue/git_repos/xplane_ros2/build/xplane_interfaces -- -j24 -l24
[0.023s] -- Found ament_cmake: 1.3.8 (/opt/ros/humble/share/ament_cmake/cmake)
[0.106s] -- Found rclcpp: 16.0.8 (/opt/ros/humble/share/rclcpp/cmake)
[0.125s] -- Found rosidl_generator_c: 3.1.5 (/opt/ros/humble/share/rosidl_generator_c/cmake)
[0.126s] -- Found rosidl_adapter: 3.1.5 (/opt/ros/humble/share/rosidl_adapter/cmake)
[0.130s] -- Found rosidl_generator_cpp: 3.1.5 (/opt/ros/humble/share/rosidl_generator_cpp/cmake)
[0.137s] -- Using all available rosidl_typesupport_c: rosidl_typesupport_fastrtps_c;rosidl_typesupport_introspection_c
[0.147s] -- Using all available rosidl_typesupport_cpp: rosidl_typesupport_fastrtps_cpp;rosidl_typesupport_introspection_cpp
[0.184s] -- Found rmw_implementation_cmake: 6.1.1 (/opt/ros/humble/share/rmw_implementation_cmake/cmake)
[0.185s] -- Found rmw_fastrtps_cpp: 6.2.6 (/opt/ros/humble/share/rmw_fastrtps_cpp/cmake)
[0.257s] -- Using RMW implementation 'rmw_fastrtps_cpp' as default
[0.358s] -- Found rosidl_default_generators: 1.2.0 (/opt/ros/humble/share/rosidl_default_generators/cmake)
[0.363s] -- Found ament_lint_auto: 0.12.10 (/opt/ros/humble/share/ament_lint_auto/cmake)
[0.405s] [31mCMake Error at /opt/ros/humble/share/rosidl_cmake/cmake/rosidl_generate_interfaces.cmake:93 (message):
[0.405s]   rosidl_generate_interfaces() the passed file 'srv/Parking_Brake.srv'
[0.405s]   doesn't exist relative to the CMAKE_CURRENT_SOURCE_DIR
[0.405s]   '/home/uas/Documents/blue/git_repos/xplane_ros2/src/xplane_interfaces'
[0.405s] Call Stack (most recent call first):
[0.405s]   CMakeLists.txt:26 (rosidl_generate_interfaces)
[0.405s] 
[0.405s] [0m
[0.405s] -- Configuring incomplete, errors occurred!
[0.405s] See also "/home/uas/Documents/blue/git_repos/xplane_ros2/build/xplane_interfaces/CMakeFiles/CMakeOutput.log".
[0.409s] gmake: *** [Makefile:1827: cmake_check_build_system] Error 1
[0.412s] Invoked command in '/home/uas/Documents/blue/git_repos/xplane_ros2/build/xplane_interfaces' returned '2': CMAKE_PREFIX_PATH=${CMAKE_PREFIX_PATH}:/home/uas/Documents/blue/git_repos/xplane_ros2/install/xplaneros2_main:/opt/ros/humble /usr/bin/cmake --build /home/uas/Documents/blue/git_repos/xplane_ros2/build/xplane_interfaces -- -j24 -l24
