[0.485s] Invoking command in '/home/uas/Documents/blue/git_repos/xplane_ros2/src/xplaneros2_main': PYTHONPATH=/home/uas/Documents/blue/git_repos/xplane_ros2/build/xplaneros2_main/prefix_override:/home/uas/Documents/blue/git_repos/xplane_ros2/install/xplaneros2_main/lib/python3.10/site-packages:${PYTHONPATH} /usr/bin/python3 -W ignore:setup.py install is deprecated setup.py egg_info --egg-base ../../build/xplaneros2_main build --build-base /home/uas/Documents/blue/git_repos/xplane_ros2/build/xplaneros2_main/build install --record /home/uas/Documents/blue/git_repos/xplane_ros2/build/xplaneros2_main/install.log --single-version-externally-managed install_data
[0.659s] running egg_info
[0.659s] writing ../../build/xplaneros2_main/xplaneros2_main.egg-info/PKG-INFO
[0.659s] writing dependency_links to ../../build/xplaneros2_main/xplaneros2_main.egg-info/dependency_links.txt
[0.660s] writing entry points to ../../build/xplaneros2_main/xplaneros2_main.egg-info/entry_points.txt
[0.660s] writing requirements to ../../build/xplaneros2_main/xplaneros2_main.egg-info/requires.txt
[0.660s] writing top-level names to ../../build/xplaneros2_main/xplaneros2_main.egg-info/top_level.txt
[0.661s] reading manifest file '../../build/xplaneros2_main/xplaneros2_main.egg-info/SOURCES.txt'
[0.669s] writing manifest file '../../build/xplaneros2_main/xplaneros2_main.egg-info/SOURCES.txt'
[0.670s] running build
[0.670s] running build_py
[0.670s] copying xplaneros2_main/uav_state_node.py -> /home/uas/Documents/blue/git_repos/xplane_ros2/build/xplaneros2_main/build/lib/xplaneros2_main
[0.671s] copying xplaneros2_main/additional_controls.py -> /home/uas/Documents/blue/git_repos/xplane_ros2/build/xplaneros2_main/build/lib/xplaneros2_main
[0.671s] running install
[0.671s] running install_lib
[0.672s] copying /home/uas/Documents/blue/git_repos/xplane_ros2/build/xplaneros2_main/build/lib/xplaneros2_main/uav_state_node.py -> /home/uas/Documents/blue/git_repos/xplane_ros2/install/xplaneros2_main/lib/python3.10/site-packages/xplaneros2_main
[0.673s] copying /home/uas/Documents/blue/git_repos/xplane_ros2/build/xplaneros2_main/build/lib/xplaneros2_main/additional_controls.py -> /home/uas/Documents/blue/git_repos/xplane_ros2/install/xplaneros2_main/lib/python3.10/site-packages/xplaneros2_main
[0.673s] byte-compiling /home/uas/Documents/blue/git_repos/xplane_ros2/install/xplaneros2_main/lib/python3.10/site-packages/xplaneros2_main/uav_state_node.py to uav_state_node.cpython-310.pyc
[0.675s] byte-compiling /home/uas/Documents/blue/git_repos/xplane_ros2/install/xplaneros2_main/lib/python3.10/site-packages/xplaneros2_main/additional_controls.py to additional_controls.cpython-310.pyc
[0.675s] byte-compiling /home/uas/Documents/blue/git_repos/xplane_ros2/install/xplaneros2_main/lib/python3.10/site-packages/xplaneros2_main/takeoff (copy).py to takeoff (copy).cpython-310.pyc
[0.676s] Sorry: IndentationError: expected an indented block after function definition on line 190 (takeoff (copy).py, line 217)
[0.676s] running install_data
[0.676s] running install_egg_info
[0.677s] removing '/home/uas/Documents/blue/git_repos/xplane_ros2/install/xplaneros2_main/lib/python3.10/site-packages/xplaneros2_main-0.0.0-py3.10.egg-info' (and everything under it)
[0.678s] Copying ../../build/xplaneros2_main/xplaneros2_main.egg-info to /home/uas/Documents/blue/git_repos/xplane_ros2/install/xplaneros2_main/lib/python3.10/site-packages/xplaneros2_main-0.0.0-py3.10.egg-info
[0.678s] running install_scripts
[0.695s] Installing data_collection script to /home/uas/Documents/blue/git_repos/xplane_ros2/install/xplaneros2_main/lib/xplaneros2_main
[0.695s] Installing uav_control_node script to /home/uas/Documents/blue/git_repos/xplane_ros2/install/xplaneros2_main/lib/xplaneros2_main
[0.696s] Installing uav_state_node script to /home/uas/Documents/blue/git_repos/xplane_ros2/install/xplaneros2_main/lib/xplaneros2_main
[0.696s] writing list of installed files to '/home/uas/Documents/blue/git_repos/xplane_ros2/build/xplaneros2_main/install.log'
[0.719s] Invoked command in '/home/uas/Documents/blue/git_repos/xplane_ros2/src/xplaneros2_main' returned '0': PYTHONPATH=/home/uas/Documents/blue/git_repos/xplane_ros2/build/xplaneros2_main/prefix_override:/home/uas/Documents/blue/git_repos/xplane_ros2/install/xplaneros2_main/lib/python3.10/site-packages:${PYTHONPATH} /usr/bin/python3 -W ignore:setup.py install is deprecated setup.py egg_info --egg-base ../../build/xplaneros2_main build --build-base /home/uas/Documents/blue/git_repos/xplane_ros2/build/xplaneros2_main/build install --record /home/uas/Documents/blue/git_repos/xplane_ros2/build/xplaneros2_main/install.log --single-version-externally-managed install_data
