[0.304s] Invoking command in '/home/uas/Documents/blue/git_repos/xplane_ros2/src/xplaneros2_main': PYTHONPATH=/home/uas/Documents/blue/git_repos/xplane_ros2/build/xplaneros2_main/prefix_override:/home/uas/Documents/blue/git_repos/xplane_ros2/install/xplaneros2_main/lib/python3.10/site-packages:${PYTHONPATH} /usr/bin/python3 -W ignore:setup.py install is deprecated setup.py egg_info --egg-base ../../build/xplaneros2_main build --build-base /home/uas/Documents/blue/git_repos/xplane_ros2/build/xplaneros2_main/build install --record /home/uas/Documents/blue/git_repos/xplane_ros2/build/xplaneros2_main/install.log --single-version-externally-managed install_data
[0.420s] running egg_info
[0.420s] writing ../../build/xplaneros2_main/xplaneros2_main.egg-info/PKG-INFO
[0.420s] writing dependency_links to ../../build/xplaneros2_main/xplaneros2_main.egg-info/dependency_links.txt
[0.420s] writing entry points to ../../build/xplaneros2_main/xplaneros2_main.egg-info/entry_points.txt
[0.420s] writing requirements to ../../build/xplaneros2_main/xplaneros2_main.egg-info/requires.txt
[0.420s] writing top-level names to ../../build/xplaneros2_main/xplaneros2_main.egg-info/top_level.txt
[0.421s] reading manifest file '../../build/xplaneros2_main/xplaneros2_main.egg-info/SOURCES.txt'
[0.422s] writing manifest file '../../build/xplaneros2_main/xplaneros2_main.egg-info/SOURCES.txt'
[0.422s] running build
[0.422s] running build_py
[0.422s] running install
[0.422s] running install_lib
[0.423s] running install_data
[0.423s] running install_egg_info
[0.424s] removing '/home/uas/Documents/blue/git_repos/xplane_ros2/install/xplaneros2_main/lib/python3.10/site-packages/xplaneros2_main-0.0.0-py3.10.egg-info' (and everything under it)
[0.425s] Copying ../../build/xplaneros2_main/xplaneros2_main.egg-info to /home/uas/Documents/blue/git_repos/xplane_ros2/install/xplaneros2_main/lib/python3.10/site-packages/xplaneros2_main-0.0.0-py3.10.egg-info
[0.425s] running install_scripts
[0.437s] writing list of installed files to '/home/uas/Documents/blue/git_repos/xplane_ros2/build/xplaneros2_main/install.log'
[0.453s] Invoked command in '/home/uas/Documents/blue/git_repos/xplane_ros2/src/xplaneros2_main' returned '0': PYTHONPATH=/home/uas/Documents/blue/git_repos/xplane_ros2/build/xplaneros2_main/prefix_override:/home/uas/Documents/blue/git_repos/xplane_ros2/install/xplaneros2_main/lib/python3.10/site-packages:${PYTHONPATH} /usr/bin/python3 -W ignore:setup.py install is deprecated setup.py egg_info --egg-base ../../build/xplaneros2_main build --build-base /home/uas/Documents/blue/git_repos/xplane_ros2/build/xplaneros2_main/build install --record /home/uas/Documents/blue/git_repos/xplane_ros2/build/xplaneros2_main/install.log --single-version-externally-managed install_data
