running egg_info
writing ../../build/xplaneros2_main/xplaneros2_main.egg-info/PKG-INFO
writing dependency_links to ../../build/xplaneros2_main/xplaneros2_main.egg-info/dependency_links.txt
writing entry points to ../../build/xplaneros2_main/xplaneros2_main.egg-info/entry_points.txt
writing requirements to ../../build/xplaneros2_main/xplaneros2_main.egg-info/requires.txt
writing top-level names to ../../build/xplaneros2_main/xplaneros2_main.egg-info/top_level.txt
reading manifest file '../../build/xplaneros2_main/xplaneros2_main.egg-info/SOURCES.txt'
writing manifest file '../../build/xplaneros2_main/xplaneros2_main.egg-info/SOURCES.txt'
running build
running build_py
copying xplaneros2_main/landing_gear_server.py -> /home/uas/Documents/blue/git_repos/xplane_ros2/build/xplaneros2_main/build/lib/xplaneros2_main
copying xplaneros2_main/parking_brake_server.py -> /home/uas/Documents/blue/git_repos/xplane_ros2/build/xplaneros2_main/build/lib/xplaneros2_main
copying xplaneros2_main/test.py -> /home/uas/Documents/blue/git_repos/xplane_ros2/build/xplaneros2_main/build/lib/xplaneros2_main
running install
running install_lib
copying /home/uas/Documents/blue/git_repos/xplane_ros2/build/xplaneros2_main/build/lib/xplaneros2_main/landing_gear_server.py -> /home/uas/Documents/blue/git_repos/xplane_ros2/install/xplaneros2_main/lib/python3.10/site-packages/xplaneros2_main
copying /home/uas/Documents/blue/git_repos/xplane_ros2/build/xplaneros2_main/build/lib/xplaneros2_main/parking_brake_server.py -> /home/uas/Documents/blue/git_repos/xplane_ros2/install/xplaneros2_main/lib/python3.10/site-packages/xplaneros2_main
copying /home/uas/Documents/blue/git_repos/xplane_ros2/build/xplaneros2_main/build/lib/xplaneros2_main/test.py -> /home/uas/Documents/blue/git_repos/xplane_ros2/install/xplaneros2_main/lib/python3.10/site-packages/xplaneros2_main
byte-compiling /home/uas/Documents/blue/git_repos/xplane_ros2/install/xplaneros2_main/lib/python3.10/site-packages/xplaneros2_main/landing_gear_server.py to landing_gear_server.cpython-310.pyc
byte-compiling /home/uas/Documents/blue/git_repos/xplane_ros2/install/xplaneros2_main/lib/python3.10/site-packages/xplaneros2_main/parking_brake_server.py to parking_brake_server.cpython-310.pyc
byte-compiling /home/uas/Documents/blue/git_repos/xplane_ros2/install/xplaneros2_main/lib/python3.10/site-packages/xplaneros2_main/takeoff (copy).py to takeoff (copy).cpython-310.pyc
byte-compiling /home/uas/Documents/blue/git_repos/xplane_ros2/install/xplaneros2_main/lib/python3.10/site-packages/xplaneros2_main/test.py to test.cpython-310.pyc
Sorry: IndentationError: expected an indented block after function definition on line 190 (takeoff (copy).py, line 217)
running install_data
running install_egg_info
removing '/home/uas/Documents/blue/git_repos/xplane_ros2/install/xplaneros2_main/lib/python3.10/site-packages/xplaneros2_main-0.0.0-py3.10.egg-info' (and everything under it)
Copying ../../build/xplaneros2_main/xplaneros2_main.egg-info to /home/uas/Documents/blue/git_repos/xplane_ros2/install/xplaneros2_main/lib/python3.10/site-packages/xplaneros2_main-0.0.0-py3.10.egg-info
running install_scripts
Installing data_collection script to /home/uas/Documents/blue/git_repos/xplane_ros2/install/xplaneros2_main/lib/xplaneros2_main
Installing uav_control_node script to /home/uas/Documents/blue/git_repos/xplane_ros2/install/xplaneros2_main/lib/xplaneros2_main
Installing uav_state_node script to /home/uas/Documents/blue/git_repos/xplane_ros2/install/xplaneros2_main/lib/xplaneros2_main
writing list of installed files to '/home/uas/Documents/blue/git_repos/xplane_ros2/build/xplaneros2_main/install.log'
