[0.007s] Invoking command in '/home/uas/Documents/blue/git_repos/xplane_ros2/build/xplane_interfaces': CMAKE_PREFIX_PATH=${CMAKE_PREFIX_PATH}:/home/uas/Documents/blue/git_repos/xplane_ros2/install/xplaneros2_main:/opt/ros/humble /usr/bin/cmake --build /home/uas/Documents/blue/git_repos/xplane_ros2/build/xplane_interfaces -- -j24 -l24
[0.063s] -- Found ament_cmake: 1.3.8 (/opt/ros/humble/share/ament_cmake/cmake)
[0.159s] -- Found rclcpp: 16.0.8 (/opt/ros/humble/share/rclcpp/cmake)
[0.184s] -- Found rosidl_generator_c: 3.1.5 (/opt/ros/humble/share/rosidl_generator_c/cmake)
[0.186s] -- Found rosidl_adapter: 3.1.5 (/opt/ros/humble/share/rosidl_adapter/cmake)
[0.191s] -- Found rosidl_generator_cpp: 3.1.5 (/opt/ros/humble/share/rosidl_generator_cpp/cmake)
[0.200s] -- Using all available rosidl_typesupport_c: rosidl_typesupport_fastrtps_c;rosidl_typesupport_introspection_c
[0.211s] -- Using all available rosidl_typesupport_cpp: rosidl_typesupport_fastrtps_cpp;rosidl_typesupport_introspection_cpp
[0.253s] -- Found rmw_implementation_cmake: 6.1.1 (/opt/ros/humble/share/rmw_implementation_cmake/cmake)
[0.254s] -- Found rmw_fastrtps_cpp: 6.2.6 (/opt/ros/humble/share/rmw_fastrtps_cpp/cmake)
[0.331s] -- Using RMW implementation 'rmw_fastrtps_cpp' as default
[0.438s] -- Found rosidl_default_generators: 1.2.0 (/opt/ros/humble/share/rosidl_default_generators/cmake)
[0.443s] -- Found ament_lint_auto: 0.12.10 (/opt/ros/humble/share/ament_lint_auto/cmake)
[0.625s] -- Found ament_cmake_ros: 0.10.0 (/opt/ros/humble/share/ament_cmake_ros/cmake)
[0.875s] -- Using all available rosidl_typesupport_c: rosidl_typesupport_fastrtps_c;rosidl_typesupport_introspection_c
[0.970s] -- Using all available rosidl_typesupport_cpp: rosidl_typesupport_fastrtps_cpp;rosidl_typesupport_introspection_cpp
[0.987s] -- Found python_cmake_module: 0.10.0 (/opt/ros/humble/share/python_cmake_module/cmake)
[1.003s] -- Using PYTHON_EXECUTABLE: /usr/bin/python3
[1.003s] -- Using PYTHON_INCLUDE_DIRS: /usr/include/python3.10
[1.003s] -- Using PYTHON_LIBRARIES: /usr/lib/x86_64-linux-gnu/libpython3.10.so
[1.025s] -- Added test 'lint_cmake' to check CMake code style
[1.026s] -- Added test 'xmllint' to check XML markup files
[1.030s] -- Configuring done
[1.060s] -- Generating done
[1.062s] -- Build files have been written to: /home/uas/Documents/blue/git_repos/xplane_ros2/build/xplane_interfaces
[1.080s] [35m[1mConsolidate compiler generated dependencies of target xplane_interfaces__rosidl_generator_c[0m
[1.086s] [  2%] Built target xplane_interfaces__cpp
[1.091s] [ 12%] Built target xplane_interfaces__rosidl_generator_c
[1.095s] [ 12%] Built target ament_cmake_python_copy_xplane_interfaces
[1.095s] [35m[1mConsolidate compiler generated dependencies of target xplane_interfaces__rosidl_typesupport_cpp[0m
[1.096s] [35m[1mConsolidate compiler generated dependencies of target xplane_interfaces__rosidl_typesupport_fastrtps_cpp[0m
[1.096s] [35m[1mConsolidate compiler generated dependencies of target xplane_interfaces__rosidl_typesupport_introspection_cpp[0m
[1.099s] [35m[1mConsolidate compiler generated dependencies of target xplane_interfaces__rosidl_typesupport_fastrtps_c[0m
[1.099s] [35m[1mConsolidate compiler generated dependencies of target xplane_interfaces__rosidl_typesupport_introspection_c[0m
[1.100s] [35m[1mConsolidate compiler generated dependencies of target xplane_interfaces__rosidl_typesupport_c[0m
[1.108s] [ 23%] Built target xplane_interfaces__rosidl_typesupport_cpp
[1.108s] [ 33%] Built target xplane_interfaces__rosidl_typesupport_introspection_cpp
[1.108s] [ 43%] Built target xplane_interfaces__rosidl_typesupport_fastrtps_cpp
[1.108s] [ 53%] Built target xplane_interfaces__rosidl_typesupport_c
[1.109s] [ 64%] Built target xplane_interfaces__rosidl_typesupport_introspection_c
[1.109s] [ 74%] Built target xplane_interfaces__rosidl_typesupport_fastrtps_c
[1.121s] [ 74%] Built target xplane_interfaces
[1.134s] [ 76%] Built target xplane_interfaces__py
[1.141s] [35m[1mConsolidate compiler generated dependencies of target xplane_interfaces__rosidl_generator_py[0m
[1.150s] [ 84%] Built target xplane_interfaces__rosidl_generator_py
[1.157s] [35m[1mConsolidate compiler generated dependencies of target xplane_interfaces__rosidl_typesupport_fastrtps_c__pyext[0m
[1.157s] [35m[1mConsolidate compiler generated dependencies of target xplane_interfaces__rosidl_typesupport_introspection_c__pyext[0m
[1.157s] [35m[1mConsolidate compiler generated dependencies of target xplane_interfaces__rosidl_typesupport_c__pyext[0m
[1.165s] [ 89%] Built target xplane_interfaces__rosidl_typesupport_fastrtps_c__pyext
[1.165s] [ 94%] Built target xplane_interfaces__rosidl_typesupport_introspection_c__pyext
[1.165s] [100%] Built target xplane_interfaces__rosidl_typesupport_c__pyext
[1.239s] running egg_info
[1.239s] writing xplane_interfaces.egg-info/PKG-INFO
[1.239s] writing dependency_links to xplane_interfaces.egg-info/dependency_links.txt
[1.239s] writing top-level names to xplane_interfaces.egg-info/top_level.txt
[1.241s] reading manifest file 'xplane_interfaces.egg-info/SOURCES.txt'
[1.241s] writing manifest file 'xplane_interfaces.egg-info/SOURCES.txt'
[1.257s] [100%] Built target ament_cmake_python_build_xplane_interfaces_egg
[1.265s] Invoked command in '/home/uas/Documents/blue/git_repos/xplane_ros2/build/xplane_interfaces' returned '0': CMAKE_PREFIX_PATH=${CMAKE_PREFIX_PATH}:/home/uas/Documents/blue/git_repos/xplane_ros2/install/xplaneros2_main:/opt/ros/humble /usr/bin/cmake --build /home/uas/Documents/blue/git_repos/xplane_ros2/build/xplane_interfaces -- -j24 -l24
[1.364s] Invoking command in '/home/uas/Documents/blue/git_repos/xplane_ros2/build/xplane_interfaces': CMAKE_PREFIX_PATH=${CMAKE_PREFIX_PATH}:/home/uas/Documents/blue/git_repos/xplane_ros2/install/xplaneros2_main:/opt/ros/humble /usr/bin/cmake --install /home/uas/Documents/blue/git_repos/xplane_ros2/build/xplane_interfaces
[1.373s] -- Install configuration: ""
[1.382s] -- Up-to-date: /home/uas/Documents/blue/git_repos/xplane_ros2/install/xplane_interfaces/share/ament_index/resource_index/rosidl_interfaces/xplane_interfaces
[1.383s] -- Up-to-date: /home/uas/Documents/blue/git_repos/xplane_ros2/install/xplane_interfaces/include/xplane_interfaces/xplane_interfaces
[1.384s] -- Up-to-date: /home/uas/Documents/blue/git_repos/xplane_ros2/install/xplane_interfaces/include/xplane_interfaces/xplane_interfaces/msg
[1.384s] -- Up-to-date: /home/uas/Documents/blue/git_repos/xplane_ros2/install/xplane_interfaces/include/xplane_interfaces/xplane_interfaces/msg/uav_state.h
[1.384s] -- Up-to-date: /home/uas/Documents/blue/git_repos/xplane_ros2/install/xplane_interfaces/include/xplane_interfaces/xplane_interfaces/msg/detail
[1.384s] -- Up-to-date: /home/uas/Documents/blue/git_repos/xplane_ros2/install/xplane_interfaces/include/xplane_interfaces/xplane_interfaces/msg/detail/uav_control__struct.h
[1.384s] -- Up-to-date: /home/uas/Documents/blue/git_repos/xplane_ros2/install/xplane_interfaces/include/xplane_interfaces/xplane_interfaces/msg/detail/uav_state__struct.h
[1.384s] -- Up-to-date: /home/uas/Documents/blue/git_repos/xplane_ros2/install/xplane_interfaces/include/xplane_interfaces/xplane_interfaces/msg/detail/uav_state__functions.c
[1.385s] -- Up-to-date: /home/uas/Documents/blue/git_repos/xplane_ros2/install/xplane_interfaces/include/xplane_interfaces/xplane_interfaces/msg/detail/uav_state__type_support.h
[1.385s] -- Up-to-date: /home/uas/Documents/blue/git_repos/xplane_ros2/install/xplane_interfaces/include/xplane_interfaces/xplane_interfaces/msg/detail/uav_control__functions.h
[1.385s] -- Up-to-date: /home/uas/Documents/blue/git_repos/xplane_ros2/install/xplane_interfaces/include/xplane_interfaces/xplane_interfaces/msg/detail/uav_state__functions.h
[1.385s] -- Up-to-date: /home/uas/Documents/blue/git_repos/xplane_ros2/install/xplane_interfaces/include/xplane_interfaces/xplane_interfaces/msg/detail/uav_control__functions.c
[1.385s] -- Up-to-date: /home/uas/Documents/blue/git_repos/xplane_ros2/install/xplane_interfaces/include/xplane_interfaces/xplane_interfaces/msg/detail/uav_control__type_support.h
[1.385s] -- Up-to-date: /home/uas/Documents/blue/git_repos/xplane_ros2/install/xplane_interfaces/include/xplane_interfaces/xplane_interfaces/msg/rosidl_generator_c__visibility_control.h
[1.386s] -- Up-to-date: /home/uas/Documents/blue/git_repos/xplane_ros2/install/xplane_interfaces/include/xplane_interfaces/xplane_interfaces/msg/uav_control.h
[1.386s] -- Up-to-date: /home/uas/Documents/blue/git_repos/xplane_ros2/install/xplane_interfaces/share/xplane_interfaces/environment/library_path.sh
[1.386s] -- Installing: /home/uas/Documents/blue/git_repos/xplane_ros2/install/xplane_interfaces/share/xplane_interfaces/environment/library_path.dsv
[1.386s] -- Up-to-date: /home/uas/Documents/blue/git_repos/xplane_ros2/install/xplane_interfaces/lib/libxplane_interfaces__rosidl_generator_c.so
[1.386s] -- Up-to-date: /home/uas/Documents/blue/git_repos/xplane_ros2/install/xplane_interfaces/include/xplane_interfaces/xplane_interfaces
[1.387s] -- Up-to-date: /home/uas/Documents/blue/git_repos/xplane_ros2/install/xplane_interfaces/include/xplane_interfaces/xplane_interfaces/msg
[1.387s] -- Up-to-date: /home/uas/Documents/blue/git_repos/xplane_ros2/install/xplane_interfaces/include/xplane_interfaces/xplane_interfaces/msg/rosidl_typesupport_fastrtps_c__visibility_control.h
[1.387s] -- Up-to-date: /home/uas/Documents/blue/git_repos/xplane_ros2/install/xplane_interfaces/include/xplane_interfaces/xplane_interfaces/msg/detail
[1.387s] -- Up-to-date: /home/uas/Documents/blue/git_repos/xplane_ros2/install/xplane_interfaces/include/xplane_interfaces/xplane_interfaces/msg/detail/uav_state__rosidl_typesupport_fastrtps_c.h
[1.387s] -- Up-to-date: /home/uas/Documents/blue/git_repos/xplane_ros2/install/xplane_interfaces/include/xplane_interfaces/xplane_interfaces/msg/detail/uav_control__rosidl_typesupport_fastrtps_c.h
[1.387s] -- Up-to-date: /home/uas/Documents/blue/git_repos/xplane_ros2/install/xplane_interfaces/lib/libxplane_interfaces__rosidl_typesupport_fastrtps_c.so
[1.387s] -- Up-to-date: /home/uas/Documents/blue/git_repos/xplane_ros2/install/xplane_interfaces/include/xplane_interfaces/xplane_interfaces
[1.387s] -- Up-to-date: /home/uas/Documents/blue/git_repos/xplane_ros2/install/xplane_interfaces/include/xplane_interfaces/xplane_interfaces/msg
[1.387s] -- Up-to-date: /home/uas/Documents/blue/git_repos/xplane_ros2/install/xplane_interfaces/include/xplane_interfaces/xplane_interfaces/msg/uav_state.hpp
[1.388s] -- Up-to-date: /home/uas/Documents/blue/git_repos/xplane_ros2/install/xplane_interfaces/include/xplane_interfaces/xplane_interfaces/msg/uav_control.hpp
[1.388s] -- Up-to-date: /home/uas/Documents/blue/git_repos/xplane_ros2/install/xplane_interfaces/include/xplane_interfaces/xplane_interfaces/msg/detail
[1.388s] -- Up-to-date: /home/uas/Documents/blue/git_repos/xplane_ros2/install/xplane_interfaces/include/xplane_interfaces/xplane_interfaces/msg/detail/uav_state__traits.hpp
[1.388s] -- Up-to-date: /home/uas/Documents/blue/git_repos/xplane_ros2/install/xplane_interfaces/include/xplane_interfaces/xplane_interfaces/msg/detail/uav_control__struct.hpp
[1.388s] -- Up-to-date: /home/uas/Documents/blue/git_repos/xplane_ros2/install/xplane_interfaces/include/xplane_interfaces/xplane_interfaces/msg/detail/uav_state__struct.hpp
[1.388s] -- Up-to-date: /home/uas/Documents/blue/git_repos/xplane_ros2/install/xplane_interfaces/include/xplane_interfaces/xplane_interfaces/msg/detail/uav_control__builder.hpp
[1.388s] -- Up-to-date: /home/uas/Documents/blue/git_repos/xplane_ros2/install/xplane_interfaces/include/xplane_interfaces/xplane_interfaces/msg/detail/uav_control__traits.hpp
[1.388s] -- Up-to-date: /home/uas/Documents/blue/git_repos/xplane_ros2/install/xplane_interfaces/include/xplane_interfaces/xplane_interfaces/msg/detail/uav_state__builder.hpp
[1.388s] -- Up-to-date: /home/uas/Documents/blue/git_repos/xplane_ros2/install/xplane_interfaces/include/xplane_interfaces/xplane_interfaces
[1.388s] -- Up-to-date: /home/uas/Documents/blue/git_repos/xplane_ros2/install/xplane_interfaces/include/xplane_interfaces/xplane_interfaces/msg
[1.388s] -- Up-to-date: /home/uas/Documents/blue/git_repos/xplane_ros2/install/xplane_interfaces/include/xplane_interfaces/xplane_interfaces/msg/rosidl_typesupport_fastrtps_cpp__visibility_control.h
[1.389s] -- Up-to-date: /home/uas/Documents/blue/git_repos/xplane_ros2/install/xplane_interfaces/include/xplane_interfaces/xplane_interfaces/msg/detail
[1.389s] -- Up-to-date: /home/uas/Documents/blue/git_repos/xplane_ros2/install/xplane_interfaces/include/xplane_interfaces/xplane_interfaces/msg/detail/uav_control__rosidl_typesupport_fastrtps_cpp.hpp
[1.389s] -- Up-to-date: /home/uas/Documents/blue/git_repos/xplane_ros2/install/xplane_interfaces/include/xplane_interfaces/xplane_interfaces/msg/detail/dds_fastrtps
[1.389s] -- Up-to-date: /home/uas/Documents/blue/git_repos/xplane_ros2/install/xplane_interfaces/include/xplane_interfaces/xplane_interfaces/msg/detail/uav_state__rosidl_typesupport_fastrtps_cpp.hpp
[1.389s] -- Up-to-date: /home/uas/Documents/blue/git_repos/xplane_ros2/install/xplane_interfaces/lib/libxplane_interfaces__rosidl_typesupport_fastrtps_cpp.so
[1.389s] -- Up-to-date: /home/uas/Documents/blue/git_repos/xplane_ros2/install/xplane_interfaces/include/xplane_interfaces/xplane_interfaces
[1.389s] -- Up-to-date: /home/uas/Documents/blue/git_repos/xplane_ros2/install/xplane_interfaces/include/xplane_interfaces/xplane_interfaces/msg
[1.389s] -- Up-to-date: /home/uas/Documents/blue/git_repos/xplane_ros2/install/xplane_interfaces/include/xplane_interfaces/xplane_interfaces/msg/rosidl_typesupport_introspection_c__visibility_control.h
[1.389s] -- Up-to-date: /home/uas/Documents/blue/git_repos/xplane_ros2/install/xplane_interfaces/include/xplane_interfaces/xplane_interfaces/msg/detail
[1.389s] -- Up-to-date: /home/uas/Documents/blue/git_repos/xplane_ros2/install/xplane_interfaces/include/xplane_interfaces/xplane_interfaces/msg/detail/uav_control__rosidl_typesupport_introspection_c.h
[1.390s] -- Up-to-date: /home/uas/Documents/blue/git_repos/xplane_ros2/install/xplane_interfaces/include/xplane_interfaces/xplane_interfaces/msg/detail/uav_state__type_support.c
[1.390s] -- Up-to-date: /home/uas/Documents/blue/git_repos/xplane_ros2/install/xplane_interfaces/include/xplane_interfaces/xplane_interfaces/msg/detail/uav_control__type_support.c
[1.390s] -- Up-to-date: /home/uas/Documents/blue/git_repos/xplane_ros2/install/xplane_interfaces/include/xplane_interfaces/xplane_interfaces/msg/detail/uav_state__rosidl_typesupport_introspection_c.h
[1.390s] -- Up-to-date: /home/uas/Documents/blue/git_repos/xplane_ros2/install/xplane_interfaces/lib/libxplane_interfaces__rosidl_typesupport_introspection_c.so
[1.390s] -- Up-to-date: /home/uas/Documents/blue/git_repos/xplane_ros2/install/xplane_interfaces/lib/libxplane_interfaces__rosidl_typesupport_c.so
[1.390s] -- Up-to-date: /home/uas/Documents/blue/git_repos/xplane_ros2/install/xplane_interfaces/include/xplane_interfaces/xplane_interfaces
[1.390s] -- Up-to-date: /home/uas/Documents/blue/git_repos/xplane_ros2/install/xplane_interfaces/include/xplane_interfaces/xplane_interfaces/msg
[1.390s] -- Up-to-date: /home/uas/Documents/blue/git_repos/xplane_ros2/install/xplane_interfaces/include/xplane_interfaces/xplane_interfaces/msg/detail
[1.390s] -- Up-to-date: /home/uas/Documents/blue/git_repos/xplane_ros2/install/xplane_interfaces/include/xplane_interfaces/xplane_interfaces/msg/detail/uav_state__type_support.cpp
[1.390s] -- Up-to-date: /home/uas/Documents/blue/git_repos/xplane_ros2/install/xplane_interfaces/include/xplane_interfaces/xplane_interfaces/msg/detail/uav_control__type_support.cpp
[1.390s] -- Up-to-date: /home/uas/Documents/blue/git_repos/xplane_ros2/install/xplane_interfaces/include/xplane_interfaces/xplane_interfaces/msg/detail/uav_control__rosidl_typesupport_introspection_cpp.hpp
[1.391s] -- Up-to-date: /home/uas/Documents/blue/git_repos/xplane_ros2/install/xplane_interfaces/include/xplane_interfaces/xplane_interfaces/msg/detail/uav_state__rosidl_typesupport_introspection_cpp.hpp
[1.391s] -- Up-to-date: /home/uas/Documents/blue/git_repos/xplane_ros2/install/xplane_interfaces/lib/libxplane_interfaces__rosidl_typesupport_introspection_cpp.so
[1.391s] -- Up-to-date: /home/uas/Documents/blue/git_repos/xplane_ros2/install/xplane_interfaces/lib/libxplane_interfaces__rosidl_typesupport_cpp.so
[1.391s] -- Up-to-date: /home/uas/Documents/blue/git_repos/xplane_ros2/install/xplane_interfaces/share/xplane_interfaces/environment/pythonpath.sh
[1.391s] -- Installing: /home/uas/Documents/blue/git_repos/xplane_ros2/install/xplane_interfaces/share/xplane_interfaces/environment/pythonpath.dsv
[1.391s] -- Up-to-date: /home/uas/Documents/blue/git_repos/xplane_ros2/install/xplane_interfaces/local/lib/python3.10/dist-packages/xplane_interfaces-0.0.0-py3.10.egg-info
[1.391s] -- Installing: /home/uas/Documents/blue/git_repos/xplane_ros2/install/xplane_interfaces/local/lib/python3.10/dist-packages/xplane_interfaces-0.0.0-py3.10.egg-info/dependency_links.txt
[1.391s] -- Installing: /home/uas/Documents/blue/git_repos/xplane_ros2/install/xplane_interfaces/local/lib/python3.10/dist-packages/xplane_interfaces-0.0.0-py3.10.egg-info/SOURCES.txt
[1.391s] -- Installing: /home/uas/Documents/blue/git_repos/xplane_ros2/install/xplane_interfaces/local/lib/python3.10/dist-packages/xplane_interfaces-0.0.0-py3.10.egg-info/top_level.txt
[1.391s] -- Installing: /home/uas/Documents/blue/git_repos/xplane_ros2/install/xplane_interfaces/local/lib/python3.10/dist-packages/xplane_interfaces-0.0.0-py3.10.egg-info/PKG-INFO
[1.391s] -- Up-to-date: /home/uas/Documents/blue/git_repos/xplane_ros2/install/xplane_interfaces/local/lib/python3.10/dist-packages/xplane_interfaces
[1.391s] -- Up-to-date: /home/uas/Documents/blue/git_repos/xplane_ros2/install/xplane_interfaces/local/lib/python3.10/dist-packages/xplane_interfaces/xplane_interfaces_s__rosidl_typesupport_fastrtps_c.cpython-310-x86_64-linux-gnu.so
[1.392s] -- Up-to-date: /home/uas/Documents/blue/git_repos/xplane_ros2/install/xplane_interfaces/local/lib/python3.10/dist-packages/xplane_interfaces/_xplane_interfaces_s.ep.rosidl_typesupport_fastrtps_c.c
[1.392s] -- Up-to-date: /home/uas/Documents/blue/git_repos/xplane_ros2/install/xplane_interfaces/local/lib/python3.10/dist-packages/xplane_interfaces/xplane_interfaces_s__rosidl_typesupport_introspection_c.cpython-310-x86_64-linux-gnu.so
[1.392s] -- Up-to-date: /home/uas/Documents/blue/git_repos/xplane_ros2/install/xplane_interfaces/local/lib/python3.10/dist-packages/xplane_interfaces/msg
[1.392s] -- Up-to-date: /home/uas/Documents/blue/git_repos/xplane_ros2/install/xplane_interfaces/local/lib/python3.10/dist-packages/xplane_interfaces/msg/_uav_control_s.c
[1.392s] -- Up-to-date: /home/uas/Documents/blue/git_repos/xplane_ros2/install/xplane_interfaces/local/lib/python3.10/dist-packages/xplane_interfaces/msg/_uav_state_s.c
[1.392s] -- Up-to-date: /home/uas/Documents/blue/git_repos/xplane_ros2/install/xplane_interfaces/local/lib/python3.10/dist-packages/xplane_interfaces/msg/_uav_state.py
[1.392s] -- Up-to-date: /home/uas/Documents/blue/git_repos/xplane_ros2/install/xplane_interfaces/local/lib/python3.10/dist-packages/xplane_interfaces/msg/__init__.py
[1.392s] -- Up-to-date: /home/uas/Documents/blue/git_repos/xplane_ros2/install/xplane_interfaces/local/lib/python3.10/dist-packages/xplane_interfaces/msg/_uav_control.py
[1.392s] -- Up-to-date: /home/uas/Documents/blue/git_repos/xplane_ros2/install/xplane_interfaces/local/lib/python3.10/dist-packages/xplane_interfaces/_xplane_interfaces_s.ep.rosidl_typesupport_c.c
[1.392s] -- Up-to-date: /home/uas/Documents/blue/git_repos/xplane_ros2/install/xplane_interfaces/local/lib/python3.10/dist-packages/xplane_interfaces/xplane_interfaces_s__rosidl_typesupport_c.cpython-310-x86_64-linux-gnu.so
[1.392s] -- Up-to-date: /home/uas/Documents/blue/git_repos/xplane_ros2/install/xplane_interfaces/local/lib/python3.10/dist-packages/xplane_interfaces/_xplane_interfaces_s.ep.rosidl_typesupport_introspection_c.c
[1.392s] -- Up-to-date: /home/uas/Documents/blue/git_repos/xplane_ros2/install/xplane_interfaces/local/lib/python3.10/dist-packages/xplane_interfaces/libxplane_interfaces__rosidl_generator_py.so
[1.392s] -- Installing: /home/uas/Documents/blue/git_repos/xplane_ros2/install/xplane_interfaces/local/lib/python3.10/dist-packages/xplane_interfaces/__init__.py
[1.423s] Listing '/home/uas/Documents/blue/git_repos/xplane_ros2/install/xplane_interfaces/local/lib/python3.10/dist-packages/xplane_interfaces'...
[1.423s] Compiling '/home/uas/Documents/blue/git_repos/xplane_ros2/install/xplane_interfaces/local/lib/python3.10/dist-packages/xplane_interfaces/__init__.py'...
[1.423s] Listing '/home/uas/Documents/blue/git_repos/xplane_ros2/install/xplane_interfaces/local/lib/python3.10/dist-packages/xplane_interfaces/msg'...
[1.426s] -- Up-to-date: /home/uas/Documents/blue/git_repos/xplane_ros2/install/xplane_interfaces/local/lib/python3.10/dist-packages/xplane_interfaces/xplane_interfaces_s__rosidl_typesupport_fastrtps_c.cpython-310-x86_64-linux-gnu.so
[1.426s] -- Up-to-date: /home/uas/Documents/blue/git_repos/xplane_ros2/install/xplane_interfaces/local/lib/python3.10/dist-packages/xplane_interfaces/xplane_interfaces_s__rosidl_typesupport_introspection_c.cpython-310-x86_64-linux-gnu.so
[1.426s] -- Up-to-date: /home/uas/Documents/blue/git_repos/xplane_ros2/install/xplane_interfaces/local/lib/python3.10/dist-packages/xplane_interfaces/xplane_interfaces_s__rosidl_typesupport_c.cpython-310-x86_64-linux-gnu.so
[1.427s] -- Up-to-date: /home/uas/Documents/blue/git_repos/xplane_ros2/install/xplane_interfaces/lib/libxplane_interfaces__rosidl_generator_py.so
[1.427s] -- Up-to-date: /home/uas/Documents/blue/git_repos/xplane_ros2/install/xplane_interfaces/share/xplane_interfaces/msg/UAVState.idl
[1.427s] -- Up-to-date: /home/uas/Documents/blue/git_repos/xplane_ros2/install/xplane_interfaces/share/xplane_interfaces/msg/UAVControl.idl
[1.427s] -- Installing: /home/uas/Documents/blue/git_repos/xplane_ros2/install/xplane_interfaces/share/xplane_interfaces/msg/UAVState.msg
[1.427s] -- Up-to-date: /home/uas/Documents/blue/git_repos/xplane_ros2/install/xplane_interfaces/share/xplane_interfaces/msg/UAVControl.msg
[1.427s] -- Up-to-date: /home/uas/Documents/blue/git_repos/xplane_ros2/install/xplane_interfaces/share/ament_index/resource_index/package_run_dependencies/xplane_interfaces
[1.427s] -- Up-to-date: /home/uas/Documents/blue/git_repos/xplane_ros2/install/xplane_interfaces/share/ament_index/resource_index/parent_prefix_path/xplane_interfaces
[1.427s] -- Up-to-date: /home/uas/Documents/blue/git_repos/xplane_ros2/install/xplane_interfaces/share/xplane_interfaces/environment/ament_prefix_path.sh
[1.427s] -- Installing: /home/uas/Documents/blue/git_repos/xplane_ros2/install/xplane_interfaces/share/xplane_interfaces/environment/ament_prefix_path.dsv
[1.427s] -- Up-to-date: /home/uas/Documents/blue/git_repos/xplane_ros2/install/xplane_interfaces/share/xplane_interfaces/environment/path.sh
[1.427s] -- Installing: /home/uas/Documents/blue/git_repos/xplane_ros2/install/xplane_interfaces/share/xplane_interfaces/environment/path.dsv
[1.427s] -- Up-to-date: /home/uas/Documents/blue/git_repos/xplane_ros2/install/xplane_interfaces/share/xplane_interfaces/local_setup.bash
[1.427s] -- Up-to-date: /home/uas/Documents/blue/git_repos/xplane_ros2/install/xplane_interfaces/share/xplane_interfaces/local_setup.sh
[1.427s] -- Up-to-date: /home/uas/Documents/blue/git_repos/xplane_ros2/install/xplane_interfaces/share/xplane_interfaces/local_setup.zsh
[1.427s] -- Installing: /home/uas/Documents/blue/git_repos/xplane_ros2/install/xplane_interfaces/share/xplane_interfaces/local_setup.dsv
[1.427s] -- Installing: /home/uas/Documents/blue/git_repos/xplane_ros2/install/xplane_interfaces/share/xplane_interfaces/package.dsv
[1.427s] -- Up-to-date: /home/uas/Documents/blue/git_repos/xplane_ros2/install/xplane_interfaces/share/ament_index/resource_index/packages/xplane_interfaces
[1.427s] -- Up-to-date: /home/uas/Documents/blue/git_repos/xplane_ros2/install/xplane_interfaces/share/xplane_interfaces/cmake/export_xplane_interfaces__rosidl_generator_cExport.cmake
[1.427s] -- Up-to-date: /home/uas/Documents/blue/git_repos/xplane_ros2/install/xplane_interfaces/share/xplane_interfaces/cmake/export_xplane_interfaces__rosidl_generator_cExport-noconfig.cmake
[1.427s] -- Up-to-date: /home/uas/Documents/blue/git_repos/xplane_ros2/install/xplane_interfaces/share/xplane_interfaces/cmake/export_xplane_interfaces__rosidl_typesupport_fastrtps_cExport.cmake
[1.428s] -- Up-to-date: /home/uas/Documents/blue/git_repos/xplane_ros2/install/xplane_interfaces/share/xplane_interfaces/cmake/export_xplane_interfaces__rosidl_typesupport_fastrtps_cExport-noconfig.cmake
[1.428s] -- Up-to-date: /home/uas/Documents/blue/git_repos/xplane_ros2/install/xplane_interfaces/share/xplane_interfaces/cmake/export_xplane_interfaces__rosidl_generator_cppExport.cmake
[1.428s] -- Up-to-date: /home/uas/Documents/blue/git_repos/xplane_ros2/install/xplane_interfaces/share/xplane_interfaces/cmake/export_xplane_interfaces__rosidl_typesupport_fastrtps_cppExport.cmake
[1.428s] -- Up-to-date: /home/uas/Documents/blue/git_repos/xplane_ros2/install/xplane_interfaces/share/xplane_interfaces/cmake/export_xplane_interfaces__rosidl_typesupport_fastrtps_cppExport-noconfig.cmake
[1.428s] -- Up-to-date: /home/uas/Documents/blue/git_repos/xplane_ros2/install/xplane_interfaces/share/xplane_interfaces/cmake/xplane_interfaces__rosidl_typesupport_introspection_cExport.cmake
[1.428s] -- Up-to-date: /home/uas/Documents/blue/git_repos/xplane_ros2/install/xplane_interfaces/share/xplane_interfaces/cmake/xplane_interfaces__rosidl_typesupport_introspection_cExport-noconfig.cmake
[1.428s] -- Up-to-date: /home/uas/Documents/blue/git_repos/xplane_ros2/install/xplane_interfaces/share/xplane_interfaces/cmake/xplane_interfaces__rosidl_typesupport_cExport.cmake
[1.428s] -- Up-to-date: /home/uas/Documents/blue/git_repos/xplane_ros2/install/xplane_interfaces/share/xplane_interfaces/cmake/xplane_interfaces__rosidl_typesupport_cExport-noconfig.cmake
[1.428s] -- Up-to-date: /home/uas/Documents/blue/git_repos/xplane_ros2/install/xplane_interfaces/share/xplane_interfaces/cmake/xplane_interfaces__rosidl_typesupport_introspection_cppExport.cmake
[1.428s] -- Up-to-date: /home/uas/Documents/blue/git_repos/xplane_ros2/install/xplane_interfaces/share/xplane_interfaces/cmake/xplane_interfaces__rosidl_typesupport_introspection_cppExport-noconfig.cmake
[1.428s] -- Up-to-date: /home/uas/Documents/blue/git_repos/xplane_ros2/install/xplane_interfaces/share/xplane_interfaces/cmake/xplane_interfaces__rosidl_typesupport_cppExport.cmake
[1.428s] -- Up-to-date: /home/uas/Documents/blue/git_repos/xplane_ros2/install/xplane_interfaces/share/xplane_interfaces/cmake/xplane_interfaces__rosidl_typesupport_cppExport-noconfig.cmake
[1.428s] -- Up-to-date: /home/uas/Documents/blue/git_repos/xplane_ros2/install/xplane_interfaces/share/xplane_interfaces/cmake/export_xplane_interfaces__rosidl_generator_pyExport.cmake
[1.428s] -- Up-to-date: /home/uas/Documents/blue/git_repos/xplane_ros2/install/xplane_interfaces/share/xplane_interfaces/cmake/export_xplane_interfaces__rosidl_generator_pyExport-noconfig.cmake
[1.428s] -- Up-to-date: /home/uas/Documents/blue/git_repos/xplane_ros2/install/xplane_interfaces/share/xplane_interfaces/cmake/rosidl_cmake-extras.cmake
[1.428s] -- Up-to-date: /home/uas/Documents/blue/git_repos/xplane_ros2/install/xplane_interfaces/share/xplane_interfaces/cmake/ament_cmake_export_dependencies-extras.cmake
[1.428s] -- Up-to-date: /home/uas/Documents/blue/git_repos/xplane_ros2/install/xplane_interfaces/share/xplane_interfaces/cmake/ament_cmake_export_include_directories-extras.cmake
[1.428s] -- Up-to-date: /home/uas/Documents/blue/git_repos/xplane_ros2/install/xplane_interfaces/share/xplane_interfaces/cmake/ament_cmake_export_libraries-extras.cmake
[1.428s] -- Up-to-date: /home/uas/Documents/blue/git_repos/xplane_ros2/install/xplane_interfaces/share/xplane_interfaces/cmake/ament_cmake_export_targets-extras.cmake
[1.428s] -- Up-to-date: /home/uas/Documents/blue/git_repos/xplane_ros2/install/xplane_interfaces/share/xplane_interfaces/cmake/rosidl_cmake_export_typesupport_targets-extras.cmake
[1.428s] -- Up-to-date: /home/uas/Documents/blue/git_repos/xplane_ros2/install/xplane_interfaces/share/xplane_interfaces/cmake/rosidl_cmake_export_typesupport_libraries-extras.cmake
[1.428s] -- Up-to-date: /home/uas/Documents/blue/git_repos/xplane_ros2/install/xplane_interfaces/share/xplane_interfaces/cmake/xplane_interfacesConfig.cmake
[1.428s] -- Up-to-date: /home/uas/Documents/blue/git_repos/xplane_ros2/install/xplane_interfaces/share/xplane_interfaces/cmake/xplane_interfacesConfig-version.cmake
[1.429s] -- Up-to-date: /home/uas/Documents/blue/git_repos/xplane_ros2/install/xplane_interfaces/share/xplane_interfaces/package.xml
[1.430s] Invoked command in '/home/uas/Documents/blue/git_repos/xplane_ros2/build/xplane_interfaces' returned '0': CMAKE_PREFIX_PATH=${CMAKE_PREFIX_PATH}:/home/uas/Documents/blue/git_repos/xplane_ros2/install/xplaneros2_main:/opt/ros/humble /usr/bin/cmake --install /home/uas/Documents/blue/git_repos/xplane_ros2/build/xplane_interfaces
