[0.474s] Invoking command in '/home/uas/Documents/blue/git_repos/xplane_ros2/src/xplaneros2_main': PYTHONPATH=/home/uas/Documents/blue/git_repos/xplane_ros2/build/xplaneros2_main/prefix_override:/home/uas/Documents/blue/git_repos/xplane_ros2/install/xplaneros2_main/lib/python3.10/site-packages:${PYTHONPATH} /usr/bin/python3 -W ignore:setup.py install is deprecated setup.py egg_info --egg-base ../../build/xplaneros2_main build --build-base /home/uas/Documents/blue/git_repos/xplane_ros2/build/xplaneros2_main/build install --record /home/uas/Documents/blue/git_repos/xplane_ros2/build/xplaneros2_main/install.log --single-version-externally-managed install_data
[0.649s] running egg_info
[0.649s] writing ../../build/xplaneros2_main/xplaneros2_main.egg-info/PKG-INFO
[0.650s] writing dependency_links to ../../build/xplaneros2_main/xplaneros2_main.egg-info/dependency_links.txt
[0.650s] writing entry points to ../../build/xplaneros2_main/xplaneros2_main.egg-info/entry_points.txt
[0.650s] writing requirements to ../../build/xplaneros2_main/xplaneros2_main.egg-info/requires.txt
[0.650s] writing top-level names to ../../build/xplaneros2_main/xplaneros2_main.egg-info/top_level.txt
[0.651s] reading manifest file '../../build/xplaneros2_main/xplaneros2_main.egg-info/SOURCES.txt'
[0.652s] writing manifest file '../../build/xplaneros2_main/xplaneros2_main.egg-info/SOURCES.txt'
[0.653s] running build
[0.653s] running build_py
[0.653s] copying xplaneros2_main/uav_control_node.py -> /home/uas/Documents/blue/git_repos/xplane_ros2/build/xplaneros2_main/build/lib/xplaneros2_main
[0.653s] copying xplaneros2_main/uav_state_node.py -> /home/uas/Documents/blue/git_repos/xplane_ros2/build/xplaneros2_main/build/lib/xplaneros2_main
[0.654s] copying xplaneros2_main/test.py -> /home/uas/Documents/blue/git_repos/xplane_ros2/build/xplaneros2_main/build/lib/xplaneros2_main
[0.654s] running install
[0.654s] running install_lib
[0.656s] copying /home/uas/Documents/blue/git_repos/xplane_ros2/build/xplaneros2_main/build/lib/xplaneros2_main/uav_control_node.py -> /home/uas/Documents/blue/git_repos/xplane_ros2/install/xplaneros2_main/lib/python3.10/site-packages/xplaneros2_main
[0.656s] copying /home/uas/Documents/blue/git_repos/xplane_ros2/build/xplaneros2_main/build/lib/xplaneros2_main/uav_state_node.py -> /home/uas/Documents/blue/git_repos/xplane_ros2/install/xplaneros2_main/lib/python3.10/site-packages/xplaneros2_main
[0.656s] copying /home/uas/Documents/blue/git_repos/xplane_ros2/build/xplaneros2_main/build/lib/xplaneros2_main/test.py -> /home/uas/Documents/blue/git_repos/xplane_ros2/install/xplaneros2_main/lib/python3.10/site-packages/xplaneros2_main
[0.657s] byte-compiling /home/uas/Documents/blue/git_repos/xplane_ros2/install/xplaneros2_main/lib/python3.10/site-packages/xplaneros2_main/uav_control_node.py to uav_control_node.cpython-310.pyc
[0.658s] byte-compiling /home/uas/Documents/blue/git_repos/xplane_ros2/install/xplaneros2_main/lib/python3.10/site-packages/xplaneros2_main/uav_state_node.py to uav_state_node.cpython-310.pyc
[0.661s] byte-compiling /home/uas/Documents/blue/git_repos/xplane_ros2/install/xplaneros2_main/lib/python3.10/site-packages/xplaneros2_main/takeoff (copy).py to takeoff (copy).cpython-310.pyc
[0.662s] byte-compiling /home/uas/Documents/blue/git_repos/xplane_ros2/install/xplaneros2_main/lib/python3.10/site-packages/xplaneros2_main/test.py to test.cpython-310.pyc
[0.662s] Sorry: IndentationError: expected an indented block after function definition on line 190 (takeoff (copy).py, line 217)
[0.663s] running install_data
[0.663s] running install_egg_info
[0.664s] removing '/home/uas/Documents/blue/git_repos/xplane_ros2/install/xplaneros2_main/lib/python3.10/site-packages/xplaneros2_main-0.0.0-py3.10.egg-info' (and everything under it)
[0.665s] Copying ../../build/xplaneros2_main/xplaneros2_main.egg-info to /home/uas/Documents/blue/git_repos/xplane_ros2/install/xplaneros2_main/lib/python3.10/site-packages/xplaneros2_main-0.0.0-py3.10.egg-info
[0.665s] running install_scripts
[0.682s] Installing data_collection script to /home/uas/Documents/blue/git_repos/xplane_ros2/install/xplaneros2_main/lib/xplaneros2_main
[0.682s] Installing uav_control_node script to /home/uas/Documents/blue/git_repos/xplane_ros2/install/xplaneros2_main/lib/xplaneros2_main
[0.683s] Installing uav_state_node script to /home/uas/Documents/blue/git_repos/xplane_ros2/install/xplaneros2_main/lib/xplaneros2_main
[0.683s] writing list of installed files to '/home/uas/Documents/blue/git_repos/xplane_ros2/build/xplaneros2_main/install.log'
[0.706s] Invoked command in '/home/uas/Documents/blue/git_repos/xplane_ros2/src/xplaneros2_main' returned '0': PYTHONPATH=/home/uas/Documents/blue/git_repos/xplane_ros2/build/xplaneros2_main/prefix_override:/home/uas/Documents/blue/git_repos/xplane_ros2/install/xplaneros2_main/lib/python3.10/site-packages:${PYTHONPATH} /usr/bin/python3 -W ignore:setup.py install is deprecated setup.py egg_info --egg-base ../../build/xplaneros2_main build --build-base /home/uas/Documents/blue/git_repos/xplane_ros2/build/xplaneros2_main/build install --record /home/uas/Documents/blue/git_repos/xplane_ros2/build/xplaneros2_main/install.log --single-version-externally-managed install_data
