-- Found ament_cmake: 1.3.8 (/opt/ros/humble/share/ament_cmake/cmake)
-- Found rclcpp: 16.0.8 (/opt/ros/humble/share/rclcpp/cmake)
-- Found rosidl_generator_c: 3.1.5 (/opt/ros/humble/share/rosidl_generator_c/cmake)
-- Found rosidl_adapter: 3.1.5 (/opt/ros/humble/share/rosidl_adapter/cmake)
-- Found rosidl_generator_cpp: 3.1.5 (/opt/ros/humble/share/rosidl_generator_cpp/cmake)
-- Using all available rosidl_typesupport_c: rosidl_typesupport_fastrtps_c;rosidl_typesupport_introspection_c
-- Using all available rosidl_typesupport_cpp: rosidl_typesupport_fastrtps_cpp;rosidl_typesupport_introspection_cpp
-- Found rmw_implementation_cmake: 6.1.1 (/opt/ros/humble/share/rmw_implementation_cmake/cmake)
-- Found rmw_fastrtps_cpp: 6.2.6 (/opt/ros/humble/share/rmw_fastrtps_cpp/cmake)
-- Using RMW implementation 'rmw_fastrtps_cpp' as default
-- Found rosidl_default_generators: 1.2.0 (/opt/ros/humble/share/rosidl_default_generators/cmake)
-- Found ament_lint_auto: 0.12.10 (/opt/ros/humble/share/ament_lint_auto/cmake)
-- Found ament_cmake_ros: 0.10.0 (/opt/ros/humble/share/ament_cmake_ros/cmake)
-- Using all available rosidl_typesupport_c: rosidl_typesupport_fastrtps_c;rosidl_typesupport_introspection_c
-- Using all available rosidl_typesupport_cpp: rosidl_typesupport_fastrtps_cpp;rosidl_typesupport_introspection_cpp
-- Found python_cmake_module: 0.10.0 (/opt/ros/humble/share/python_cmake_module/cmake)
-- Using PYTHON_EXECUTABLE: /usr/bin/python3
-- Using PYTHON_INCLUDE_DIRS: /usr/include/python3.10
-- Using PYTHON_LIBRARIES: /usr/lib/x86_64-linux-gnu/libpython3.10.so
-- Added test 'lint_cmake' to check CMake code style
-- Added test 'xmllint' to check XML markup files
-- Configuring done
-- Generating done
-- Build files have been written to: /home/uas/Documents/blue/git_repos/xplane_ros2/build/xplane_interfaces
[  1%] [34m[1mGenerating C code for ROS interfaces[0m
[  3%] [34m[1mGenerating C++ code for ROS interfaces[0m
[  3%] Built target ament_cmake_python_copy_xplane_interfaces
running egg_info
writing xplane_interfaces.egg-info/PKG-INFO
writing dependency_links to xplane_interfaces.egg-info/dependency_links.txt
writing top-level names to xplane_interfaces.egg-info/top_level.txt
reading manifest file 'xplane_interfaces.egg-info/SOURCES.txt'
writing manifest file 'xplane_interfaces.egg-info/SOURCES.txt'
[  3%] Built target ament_cmake_python_build_xplane_interfaces_egg
[  3%] Built target xplane_interfaces__cpp
[  6%] [34m[1mGenerating C++ type support for eProsima Fast-RTPS[0m
[  6%] [34m[1mGenerating C++ type support dispatch for ROS interfaces[0m
[  7%] [34m[1mGenerating C++ introspection for ROS interfaces[0m
[35m[1mConsolidate compiler generated dependencies of target xplane_interfaces__rosidl_generator_c[0m
[  9%] [32mBuilding C object CMakeFiles/xplane_interfaces__rosidl_generator_c.dir/rosidl_generator_c/xplane_interfaces/msg/detail/uav_global_state__functions.c.o[0m
[ 12%] [32mBuilding C object CMakeFiles/xplane_interfaces__rosidl_generator_c.dir/rosidl_generator_c/xplane_interfaces/msg/detail/uav_type__functions.c.o[0m
[ 14%] [32mBuilding C object CMakeFiles/xplane_interfaces__rosidl_generator_c.dir/rosidl_generator_c/xplane_interfaces/msg/detail/uav_local_state__functions.c.o[0m
[ 14%] [32mBuilding C object CMakeFiles/xplane_interfaces__rosidl_generator_c.dir/rosidl_generator_c/xplane_interfaces/msg/detail/uav_state__functions.c.o[0m
[ 15%] [32mBuilding C object CMakeFiles/xplane_interfaces__rosidl_generator_c.dir/rosidl_generator_c/xplane_interfaces/msg/detail/uav_control__functions.c.o[0m
[ 17%] [32m[1mLinking C shared library libxplane_interfaces__rosidl_generator_c.so[0m
[ 17%] Built target xplane_interfaces__rosidl_generator_c
[ 20%] [34m[1mGenerating C type support dispatch for ROS interfaces[0m
[ 20%] [34m[1mGenerating C introspection for ROS interfaces[0m
[ 22%] [34m[1mGenerating C type support for eProsima Fast-RTPS[0m
[35m[1mConsolidate compiler generated dependencies of target xplane_interfaces__rosidl_typesupport_cpp[0m
[ 23%] [32mBuilding CXX object CMakeFiles/xplane_interfaces__rosidl_typesupport_cpp.dir/rosidl_typesupport_cpp/xplane_interfaces/msg/uav_state__type_support.cpp.o[0m
[ 26%] [32mBuilding CXX object CMakeFiles/xplane_interfaces__rosidl_typesupport_cpp.dir/rosidl_typesupport_cpp/xplane_interfaces/msg/uav_control__type_support.cpp.o[0m
[ 26%] [32mBuilding CXX object CMakeFiles/xplane_interfaces__rosidl_typesupport_cpp.dir/rosidl_typesupport_cpp/xplane_interfaces/msg/uav_type__type_support.cpp.o[0m
[ 28%] [32mBuilding CXX object CMakeFiles/xplane_interfaces__rosidl_typesupport_cpp.dir/rosidl_typesupport_cpp/xplane_interfaces/msg/uav_global_state__type_support.cpp.o[0m
[ 30%] [32mBuilding CXX object CMakeFiles/xplane_interfaces__rosidl_typesupport_cpp.dir/rosidl_typesupport_cpp/xplane_interfaces/msg/uav_local_state__type_support.cpp.o[0m
[35m[1mConsolidate compiler generated dependencies of target xplane_interfaces__rosidl_typesupport_introspection_cpp[0m
[ 33%] [32mBuilding CXX object CMakeFiles/xplane_interfaces__rosidl_typesupport_introspection_cpp.dir/rosidl_typesupport_introspection_cpp/xplane_interfaces/msg/detail/uav_state__type_support.cpp.o[0m
[ 33%] [32mBuilding CXX object CMakeFiles/xplane_interfaces__rosidl_typesupport_introspection_cpp.dir/rosidl_typesupport_introspection_cpp/xplane_interfaces/msg/detail/uav_global_state__type_support.cpp.o[0m
[ 34%] [32mBuilding CXX object CMakeFiles/xplane_interfaces__rosidl_typesupport_introspection_cpp.dir/rosidl_typesupport_introspection_cpp/xplane_interfaces/msg/detail/uav_local_state__type_support.cpp.o[0m
[ 36%] [32mBuilding CXX object CMakeFiles/xplane_interfaces__rosidl_typesupport_introspection_cpp.dir/rosidl_typesupport_introspection_cpp/xplane_interfaces/msg/detail/uav_control__type_support.cpp.o[0m
[ 38%] [32mBuilding CXX object CMakeFiles/xplane_interfaces__rosidl_typesupport_introspection_cpp.dir/rosidl_typesupport_introspection_cpp/xplane_interfaces/msg/detail/uav_type__type_support.cpp.o[0m
[35m[1mConsolidate compiler generated dependencies of target xplane_interfaces__rosidl_typesupport_fastrtps_cpp[0m
[ 39%] [32mBuilding CXX object CMakeFiles/xplane_interfaces__rosidl_typesupport_fastrtps_cpp.dir/rosidl_typesupport_fastrtps_cpp/xplane_interfaces/msg/detail/dds_fastrtps/uav_state__type_support.cpp.o[0m
[ 42%] [32mBuilding CXX object CMakeFiles/xplane_interfaces__rosidl_typesupport_fastrtps_cpp.dir/rosidl_typesupport_fastrtps_cpp/xplane_interfaces/msg/detail/dds_fastrtps/uav_global_state__type_support.cpp.o[0m
[ 42%] [32mBuilding CXX object CMakeFiles/xplane_interfaces__rosidl_typesupport_fastrtps_cpp.dir/rosidl_typesupport_fastrtps_cpp/xplane_interfaces/msg/detail/dds_fastrtps/uav_type__type_support.cpp.o[0m
[ 44%] [32mBuilding CXX object CMakeFiles/xplane_interfaces__rosidl_typesupport_fastrtps_cpp.dir/rosidl_typesupport_fastrtps_cpp/xplane_interfaces/msg/detail/dds_fastrtps/uav_local_state__type_support.cpp.o[0m
[ 46%] [32mBuilding CXX object CMakeFiles/xplane_interfaces__rosidl_typesupport_fastrtps_cpp.dir/rosidl_typesupport_fastrtps_cpp/xplane_interfaces/msg/detail/dds_fastrtps/uav_control__type_support.cpp.o[0m
[35m[1mConsolidate compiler generated dependencies of target xplane_interfaces__rosidl_typesupport_c[0m
[ 47%] [32mBuilding CXX object CMakeFiles/xplane_interfaces__rosidl_typesupport_c.dir/rosidl_typesupport_c/xplane_interfaces/msg/uav_global_state__type_support.cpp.o[0m
[ 50%] [32mBuilding CXX object CMakeFiles/xplane_interfaces__rosidl_typesupport_c.dir/rosidl_typesupport_c/xplane_interfaces/msg/uav_local_state__type_support.cpp.o[0m
[ 50%] [32mBuilding CXX object CMakeFiles/xplane_interfaces__rosidl_typesupport_c.dir/rosidl_typesupport_c/xplane_interfaces/msg/uav_state__type_support.cpp.o[0m
[ 52%] [32mBuilding CXX object CMakeFiles/xplane_interfaces__rosidl_typesupport_c.dir/rosidl_typesupport_c/xplane_interfaces/msg/uav_type__type_support.cpp.o[0m
[ 53%] [32mBuilding CXX object CMakeFiles/xplane_interfaces__rosidl_typesupport_c.dir/rosidl_typesupport_c/xplane_interfaces/msg/uav_control__type_support.cpp.o[0m
[ 55%] [32m[1mLinking CXX shared library libxplane_interfaces__rosidl_typesupport_c.so[0m
[ 55%] Built target xplane_interfaces__rosidl_typesupport_c
[35m[1mConsolidate compiler generated dependencies of target xplane_interfaces__rosidl_typesupport_introspection_c[0m
[35m[1mConsolidate compiler generated dependencies of target xplane_interfaces__rosidl_typesupport_fastrtps_c[0m
[ 60%] [32mBuilding C object CMakeFiles/xplane_interfaces__rosidl_typesupport_introspection_c.dir/rosidl_typesupport_introspection_c/xplane_interfaces/msg/detail/uav_local_state__type_support.c.o[0m
[ 60%] [32mBuilding C object CMakeFiles/xplane_interfaces__rosidl_typesupport_introspection_c.dir/rosidl_typesupport_introspection_c/xplane_interfaces/msg/detail/uav_global_state__type_support.c.o[0m
[ 60%] [32mBuilding C object CMakeFiles/xplane_interfaces__rosidl_typesupport_introspection_c.dir/rosidl_typesupport_introspection_c/xplane_interfaces/msg/detail/uav_type__type_support.c.o[0m
[ 61%] [32mBuilding C object CMakeFiles/xplane_interfaces__rosidl_typesupport_introspection_c.dir/rosidl_typesupport_introspection_c/xplane_interfaces/msg/detail/uav_control__type_support.c.o[0m
[ 63%] [32mBuilding C object CMakeFiles/xplane_interfaces__rosidl_typesupport_introspection_c.dir/rosidl_typesupport_introspection_c/xplane_interfaces/msg/detail/uav_state__type_support.c.o[0m
[ 65%] [32mBuilding CXX object CMakeFiles/xplane_interfaces__rosidl_typesupport_fastrtps_c.dir/rosidl_typesupport_fastrtps_c/xplane_interfaces/msg/detail/uav_state__type_support_c.cpp.o[0m
[ 66%] [32mBuilding CXX object CMakeFiles/xplane_interfaces__rosidl_typesupport_fastrtps_c.dir/rosidl_typesupport_fastrtps_c/xplane_interfaces/msg/detail/uav_local_state__type_support_c.cpp.o[0m
[ 68%] [32mBuilding CXX object CMakeFiles/xplane_interfaces__rosidl_typesupport_fastrtps_c.dir/rosidl_typesupport_fastrtps_c/xplane_interfaces/msg/detail/uav_global_state__type_support_c.cpp.o[0m
[ 69%] [32mBuilding CXX object CMakeFiles/xplane_interfaces__rosidl_typesupport_fastrtps_c.dir/rosidl_typesupport_fastrtps_c/xplane_interfaces/msg/detail/uav_type__type_support_c.cpp.o[0m
[ 71%] [32mBuilding CXX object CMakeFiles/xplane_interfaces__rosidl_typesupport_fastrtps_c.dir/rosidl_typesupport_fastrtps_c/xplane_interfaces/msg/detail/uav_control__type_support_c.cpp.o[0m
[ 73%] [32m[1mLinking C shared library libxplane_interfaces__rosidl_typesupport_introspection_c.so[0m
[ 74%] [32m[1mLinking CXX shared library libxplane_interfaces__rosidl_typesupport_cpp.so[0m
[ 74%] Built target xplane_interfaces__rosidl_typesupport_introspection_c
[ 74%] Built target xplane_interfaces__rosidl_typesupport_cpp
[ 76%] [32m[1mLinking CXX shared library libxplane_interfaces__rosidl_typesupport_fastrtps_cpp.so[0m
[ 77%] [32m[1mLinking CXX shared library libxplane_interfaces__rosidl_typesupport_introspection_cpp.so[0m
[ 77%] Built target xplane_interfaces__rosidl_typesupport_introspection_cpp
[ 77%] Built target xplane_interfaces__rosidl_typesupport_fastrtps_cpp
[ 79%] [32m[1mLinking CXX shared library libxplane_interfaces__rosidl_typesupport_fastrtps_c.so[0m
[ 79%] Built target xplane_interfaces__rosidl_typesupport_fastrtps_c
[ 79%] Built target xplane_interfaces
[ 80%] [34m[1mGenerating Python code for ROS interfaces[0m
[ 80%] Built target xplane_interfaces__py
[35m[1mConsolidate compiler generated dependencies of target xplane_interfaces__rosidl_generator_py[0m
[ 85%] [32mBuilding C object CMakeFiles/xplane_interfaces__rosidl_generator_py.dir/rosidl_generator_py/xplane_interfaces/msg/_uav_state_s.c.o[0m
[ 85%] [32mBuilding C object CMakeFiles/xplane_interfaces__rosidl_generator_py.dir/rosidl_generator_py/xplane_interfaces/msg/_uav_local_state_s.c.o[0m
[ 85%] [32mBuilding C object CMakeFiles/xplane_interfaces__rosidl_generator_py.dir/rosidl_generator_py/xplane_interfaces/msg/_uav_global_state_s.c.o[0m
[ 87%] [32mBuilding C object CMakeFiles/xplane_interfaces__rosidl_generator_py.dir/rosidl_generator_py/xplane_interfaces/msg/_uav_type_s.c.o[0m
[ 88%] [32mBuilding C object CMakeFiles/xplane_interfaces__rosidl_generator_py.dir/rosidl_generator_py/xplane_interfaces/msg/_uav_control_s.c.o[0m
[ 90%] [32m[1mLinking C shared library rosidl_generator_py/xplane_interfaces/libxplane_interfaces__rosidl_generator_py.so[0m
[ 90%] Built target xplane_interfaces__rosidl_generator_py
[35m[1mConsolidate compiler generated dependencies of target xplane_interfaces__rosidl_typesupport_fastrtps_c__pyext[0m
[35m[1mConsolidate compiler generated dependencies of target xplane_interfaces__rosidl_typesupport_c__pyext[0m
[35m[1mConsolidate compiler generated dependencies of target xplane_interfaces__rosidl_typesupport_introspection_c__pyext[0m
[ 93%] [32mBuilding C object CMakeFiles/xplane_interfaces__rosidl_typesupport_c__pyext.dir/rosidl_generator_py/xplane_interfaces/_xplane_interfaces_s.ep.rosidl_typesupport_c.c.o[0m
[ 93%] [32mBuilding C object CMakeFiles/xplane_interfaces__rosidl_typesupport_fastrtps_c__pyext.dir/rosidl_generator_py/xplane_interfaces/_xplane_interfaces_s.ep.rosidl_typesupport_fastrtps_c.c.o[0m
[ 95%] [32mBuilding C object CMakeFiles/xplane_interfaces__rosidl_typesupport_introspection_c__pyext.dir/rosidl_generator_py/xplane_interfaces/_xplane_interfaces_s.ep.rosidl_typesupport_introspection_c.c.o[0m
[ 96%] [32m[1mLinking C shared library rosidl_generator_py/xplane_interfaces/xplane_interfaces_s__rosidl_typesupport_fastrtps_c.cpython-310-x86_64-linux-gnu.so[0m
[ 98%] [32m[1mLinking C shared library rosidl_generator_py/xplane_interfaces/xplane_interfaces_s__rosidl_typesupport_c.cpython-310-x86_64-linux-gnu.so[0m
[100%] [32m[1mLinking C shared library rosidl_generator_py/xplane_interfaces/xplane_interfaces_s__rosidl_typesupport_introspection_c.cpython-310-x86_64-linux-gnu.so[0m
[100%] Built target xplane_interfaces__rosidl_typesupport_fastrtps_c__pyext
[100%] Built target xplane_interfaces__rosidl_typesupport_c__pyext
[100%] Built target xplane_interfaces__rosidl_typesupport_introspection_c__pyext
-- Install configuration: ""
-- Installing: /home/uas/Documents/blue/git_repos/xplane_ros2/install/xplane_interfaces/share/ament_index/resource_index/rosidl_interfaces/xplane_interfaces
-- Up-to-date: /home/uas/Documents/blue/git_repos/xplane_ros2/install/xplane_interfaces/include/xplane_interfaces/xplane_interfaces
-- Up-to-date: /home/uas/Documents/blue/git_repos/xplane_ros2/install/xplane_interfaces/include/xplane_interfaces/xplane_interfaces/msg
-- Installing: /home/uas/Documents/blue/git_repos/xplane_ros2/install/xplane_interfaces/include/xplane_interfaces/xplane_interfaces/msg/uav_state.h
-- Installing: /home/uas/Documents/blue/git_repos/xplane_ros2/install/xplane_interfaces/include/xplane_interfaces/xplane_interfaces/msg/uav_local_state.h
-- Installing: /home/uas/Documents/blue/git_repos/xplane_ros2/install/xplane_interfaces/include/xplane_interfaces/xplane_interfaces/msg/uav_global_state.h
-- Installing: /home/uas/Documents/blue/git_repos/xplane_ros2/install/xplane_interfaces/include/xplane_interfaces/xplane_interfaces/msg/uav_type.h
-- Up-to-date: /home/uas/Documents/blue/git_repos/xplane_ros2/install/xplane_interfaces/include/xplane_interfaces/xplane_interfaces/msg/detail
-- Installing: /home/uas/Documents/blue/git_repos/xplane_ros2/install/xplane_interfaces/include/xplane_interfaces/xplane_interfaces/msg/detail/uav_control__struct.h
-- Installing: /home/uas/Documents/blue/git_repos/xplane_ros2/install/xplane_interfaces/include/xplane_interfaces/xplane_interfaces/msg/detail/uav_state__struct.h
-- Installing: /home/uas/Documents/blue/git_repos/xplane_ros2/install/xplane_interfaces/include/xplane_interfaces/xplane_interfaces/msg/detail/uav_state__functions.c
-- Installing: /home/uas/Documents/blue/git_repos/xplane_ros2/install/xplane_interfaces/include/xplane_interfaces/xplane_interfaces/msg/detail/uav_state__type_support.h
-- Installing: /home/uas/Documents/blue/git_repos/xplane_ros2/install/xplane_interfaces/include/xplane_interfaces/xplane_interfaces/msg/detail/uav_local_state__struct.h
-- Installing: /home/uas/Documents/blue/git_repos/xplane_ros2/install/xplane_interfaces/include/xplane_interfaces/xplane_interfaces/msg/detail/uav_type__type_support.h
-- Installing: /home/uas/Documents/blue/git_repos/xplane_ros2/install/xplane_interfaces/include/xplane_interfaces/xplane_interfaces/msg/detail/uav_global_state__struct.h
-- Installing: /home/uas/Documents/blue/git_repos/xplane_ros2/install/xplane_interfaces/include/xplane_interfaces/xplane_interfaces/msg/detail/uav_global_state__type_support.h
-- Installing: /home/uas/Documents/blue/git_repos/xplane_ros2/install/xplane_interfaces/include/xplane_interfaces/xplane_interfaces/msg/detail/uav_control__functions.h
-- Installing: /home/uas/Documents/blue/git_repos/xplane_ros2/install/xplane_interfaces/include/xplane_interfaces/xplane_interfaces/msg/detail/uav_global_state__functions.h
-- Installing: /home/uas/Documents/blue/git_repos/xplane_ros2/install/xplane_interfaces/include/xplane_interfaces/xplane_interfaces/msg/detail/uav_state__functions.h
-- Installing: /home/uas/Documents/blue/git_repos/xplane_ros2/install/xplane_interfaces/include/xplane_interfaces/xplane_interfaces/msg/detail/uav_type__functions.h
-- Installing: /home/uas/Documents/blue/git_repos/xplane_ros2/install/xplane_interfaces/include/xplane_interfaces/xplane_interfaces/msg/detail/uav_local_state__type_support.h
-- Installing: /home/uas/Documents/blue/git_repos/xplane_ros2/install/xplane_interfaces/include/xplane_interfaces/xplane_interfaces/msg/detail/uav_type__struct.h
-- Installing: /home/uas/Documents/blue/git_repos/xplane_ros2/install/xplane_interfaces/include/xplane_interfaces/xplane_interfaces/msg/detail/uav_control__functions.c
-- Installing: /home/uas/Documents/blue/git_repos/xplane_ros2/install/xplane_interfaces/include/xplane_interfaces/xplane_interfaces/msg/detail/uav_local_state__functions.h
-- Installing: /home/uas/Documents/blue/git_repos/xplane_ros2/install/xplane_interfaces/include/xplane_interfaces/xplane_interfaces/msg/detail/uav_control__type_support.h
-- Installing: /home/uas/Documents/blue/git_repos/xplane_ros2/install/xplane_interfaces/include/xplane_interfaces/xplane_interfaces/msg/detail/uav_local_state__functions.c
-- Installing: /home/uas/Documents/blue/git_repos/xplane_ros2/install/xplane_interfaces/include/xplane_interfaces/xplane_interfaces/msg/detail/uav_type__functions.c
-- Installing: /home/uas/Documents/blue/git_repos/xplane_ros2/install/xplane_interfaces/include/xplane_interfaces/xplane_interfaces/msg/detail/uav_global_state__functions.c
-- Up-to-date: /home/uas/Documents/blue/git_repos/xplane_ros2/install/xplane_interfaces/include/xplane_interfaces/xplane_interfaces/msg/rosidl_generator_c__visibility_control.h
-- Installing: /home/uas/Documents/blue/git_repos/xplane_ros2/install/xplane_interfaces/include/xplane_interfaces/xplane_interfaces/msg/uav_control.h
-- Up-to-date: /home/uas/Documents/blue/git_repos/xplane_ros2/install/xplane_interfaces/share/xplane_interfaces/environment/library_path.sh
-- Installing: /home/uas/Documents/blue/git_repos/xplane_ros2/install/xplane_interfaces/share/xplane_interfaces/environment/library_path.dsv
-- Installing: /home/uas/Documents/blue/git_repos/xplane_ros2/install/xplane_interfaces/lib/libxplane_interfaces__rosidl_generator_c.so
-- Set runtime path of "/home/uas/Documents/blue/git_repos/xplane_ros2/install/xplane_interfaces/lib/libxplane_interfaces__rosidl_generator_c.so" to ""
-- Up-to-date: /home/uas/Documents/blue/git_repos/xplane_ros2/install/xplane_interfaces/include/xplane_interfaces/xplane_interfaces
-- Up-to-date: /home/uas/Documents/blue/git_repos/xplane_ros2/install/xplane_interfaces/include/xplane_interfaces/xplane_interfaces/msg
-- Up-to-date: /home/uas/Documents/blue/git_repos/xplane_ros2/install/xplane_interfaces/include/xplane_interfaces/xplane_interfaces/msg/rosidl_typesupport_fastrtps_c__visibility_control.h
-- Up-to-date: /home/uas/Documents/blue/git_repos/xplane_ros2/install/xplane_interfaces/include/xplane_interfaces/xplane_interfaces/msg/detail
-- Installing: /home/uas/Documents/blue/git_repos/xplane_ros2/install/xplane_interfaces/include/xplane_interfaces/xplane_interfaces/msg/detail/uav_state__rosidl_typesupport_fastrtps_c.h
-- Installing: /home/uas/Documents/blue/git_repos/xplane_ros2/install/xplane_interfaces/include/xplane_interfaces/xplane_interfaces/msg/detail/uav_type__rosidl_typesupport_fastrtps_c.h
-- Installing: /home/uas/Documents/blue/git_repos/xplane_ros2/install/xplane_interfaces/include/xplane_interfaces/xplane_interfaces/msg/detail/uav_control__rosidl_typesupport_fastrtps_c.h
-- Installing: /home/uas/Documents/blue/git_repos/xplane_ros2/install/xplane_interfaces/include/xplane_interfaces/xplane_interfaces/msg/detail/uav_global_state__rosidl_typesupport_fastrtps_c.h
-- Installing: /home/uas/Documents/blue/git_repos/xplane_ros2/install/xplane_interfaces/include/xplane_interfaces/xplane_interfaces/msg/detail/uav_local_state__rosidl_typesupport_fastrtps_c.h
-- Installing: /home/uas/Documents/blue/git_repos/xplane_ros2/install/xplane_interfaces/lib/libxplane_interfaces__rosidl_typesupport_fastrtps_c.so
-- Set runtime path of "/home/uas/Documents/blue/git_repos/xplane_ros2/install/xplane_interfaces/lib/libxplane_interfaces__rosidl_typesupport_fastrtps_c.so" to ""
-- Up-to-date: /home/uas/Documents/blue/git_repos/xplane_ros2/install/xplane_interfaces/include/xplane_interfaces/xplane_interfaces
-- Up-to-date: /home/uas/Documents/blue/git_repos/xplane_ros2/install/xplane_interfaces/include/xplane_interfaces/xplane_interfaces/msg
-- Installing: /home/uas/Documents/blue/git_repos/xplane_ros2/install/xplane_interfaces/include/xplane_interfaces/xplane_interfaces/msg/uav_state.hpp
-- Installing: /home/uas/Documents/blue/git_repos/xplane_ros2/install/xplane_interfaces/include/xplane_interfaces/xplane_interfaces/msg/uav_global_state.hpp
-- Installing: /home/uas/Documents/blue/git_repos/xplane_ros2/install/xplane_interfaces/include/xplane_interfaces/xplane_interfaces/msg/uav_local_state.hpp
-- Installing: /home/uas/Documents/blue/git_repos/xplane_ros2/install/xplane_interfaces/include/xplane_interfaces/xplane_interfaces/msg/uav_control.hpp
-- Installing: /home/uas/Documents/blue/git_repos/xplane_ros2/install/xplane_interfaces/include/xplane_interfaces/xplane_interfaces/msg/uav_type.hpp
-- Up-to-date: /home/uas/Documents/blue/git_repos/xplane_ros2/install/xplane_interfaces/include/xplane_interfaces/xplane_interfaces/msg/detail
-- Installing: /home/uas/Documents/blue/git_repos/xplane_ros2/install/xplane_interfaces/include/xplane_interfaces/xplane_interfaces/msg/detail/uav_state__traits.hpp
-- Installing: /home/uas/Documents/blue/git_repos/xplane_ros2/install/xplane_interfaces/include/xplane_interfaces/xplane_interfaces/msg/detail/uav_control__struct.hpp
-- Installing: /home/uas/Documents/blue/git_repos/xplane_ros2/install/xplane_interfaces/include/xplane_interfaces/xplane_interfaces/msg/detail/uav_state__struct.hpp
-- Installing: /home/uas/Documents/blue/git_repos/xplane_ros2/install/xplane_interfaces/include/xplane_interfaces/xplane_interfaces/msg/detail/uav_type__builder.hpp
-- Installing: /home/uas/Documents/blue/git_repos/xplane_ros2/install/xplane_interfaces/include/xplane_interfaces/xplane_interfaces/msg/detail/uav_local_state__builder.hpp
-- Installing: /home/uas/Documents/blue/git_repos/xplane_ros2/install/xplane_interfaces/include/xplane_interfaces/xplane_interfaces/msg/detail/uav_local_state__struct.hpp
-- Installing: /home/uas/Documents/blue/git_repos/xplane_ros2/install/xplane_interfaces/include/xplane_interfaces/xplane_interfaces/msg/detail/uav_global_state__traits.hpp
-- Installing: /home/uas/Documents/blue/git_repos/xplane_ros2/install/xplane_interfaces/include/xplane_interfaces/xplane_interfaces/msg/detail/uav_type__struct.hpp
-- Installing: /home/uas/Documents/blue/git_repos/xplane_ros2/install/xplane_interfaces/include/xplane_interfaces/xplane_interfaces/msg/detail/uav_control__builder.hpp
-- Installing: /home/uas/Documents/blue/git_repos/xplane_ros2/install/xplane_interfaces/include/xplane_interfaces/xplane_interfaces/msg/detail/uav_local_state__traits.hpp
-- Installing: /home/uas/Documents/blue/git_repos/xplane_ros2/install/xplane_interfaces/include/xplane_interfaces/xplane_interfaces/msg/detail/uav_global_state__builder.hpp
-- Installing: /home/uas/Documents/blue/git_repos/xplane_ros2/install/xplane_interfaces/include/xplane_interfaces/xplane_interfaces/msg/detail/uav_global_state__struct.hpp
-- Installing: /home/uas/Documents/blue/git_repos/xplane_ros2/install/xplane_interfaces/include/xplane_interfaces/xplane_interfaces/msg/detail/uav_type__traits.hpp
-- Installing: /home/uas/Documents/blue/git_repos/xplane_ros2/install/xplane_interfaces/include/xplane_interfaces/xplane_interfaces/msg/detail/uav_control__traits.hpp
-- Installing: /home/uas/Documents/blue/git_repos/xplane_ros2/install/xplane_interfaces/include/xplane_interfaces/xplane_interfaces/msg/detail/uav_state__builder.hpp
-- Up-to-date: /home/uas/Documents/blue/git_repos/xplane_ros2/install/xplane_interfaces/include/xplane_interfaces/xplane_interfaces
-- Up-to-date: /home/uas/Documents/blue/git_repos/xplane_ros2/install/xplane_interfaces/include/xplane_interfaces/xplane_interfaces/msg
-- Up-to-date: /home/uas/Documents/blue/git_repos/xplane_ros2/install/xplane_interfaces/include/xplane_interfaces/xplane_interfaces/msg/rosidl_typesupport_fastrtps_cpp__visibility_control.h
-- Up-to-date: /home/uas/Documents/blue/git_repos/xplane_ros2/install/xplane_interfaces/include/xplane_interfaces/xplane_interfaces/msg/detail
-- Installing: /home/uas/Documents/blue/git_repos/xplane_ros2/install/xplane_interfaces/include/xplane_interfaces/xplane_interfaces/msg/detail/uav_type__rosidl_typesupport_fastrtps_cpp.hpp
-- Installing: /home/uas/Documents/blue/git_repos/xplane_ros2/install/xplane_interfaces/include/xplane_interfaces/xplane_interfaces/msg/detail/uav_control__rosidl_typesupport_fastrtps_cpp.hpp
-- Installing: /home/uas/Documents/blue/git_repos/xplane_ros2/install/xplane_interfaces/include/xplane_interfaces/xplane_interfaces/msg/detail/uav_global_state__rosidl_typesupport_fastrtps_cpp.hpp
-- Installing: /home/uas/Documents/blue/git_repos/xplane_ros2/install/xplane_interfaces/include/xplane_interfaces/xplane_interfaces/msg/detail/uav_local_state__rosidl_typesupport_fastrtps_cpp.hpp
-- Up-to-date: /home/uas/Documents/blue/git_repos/xplane_ros2/install/xplane_interfaces/include/xplane_interfaces/xplane_interfaces/msg/detail/dds_fastrtps
-- Installing: /home/uas/Documents/blue/git_repos/xplane_ros2/install/xplane_interfaces/include/xplane_interfaces/xplane_interfaces/msg/detail/uav_state__rosidl_typesupport_fastrtps_cpp.hpp
-- Installing: /home/uas/Documents/blue/git_repos/xplane_ros2/install/xplane_interfaces/lib/libxplane_interfaces__rosidl_typesupport_fastrtps_cpp.so
-- Set runtime path of "/home/uas/Documents/blue/git_repos/xplane_ros2/install/xplane_interfaces/lib/libxplane_interfaces__rosidl_typesupport_fastrtps_cpp.so" to ""
-- Up-to-date: /home/uas/Documents/blue/git_repos/xplane_ros2/install/xplane_interfaces/include/xplane_interfaces/xplane_interfaces
-- Up-to-date: /home/uas/Documents/blue/git_repos/xplane_ros2/install/xplane_interfaces/include/xplane_interfaces/xplane_interfaces/msg
-- Up-to-date: /home/uas/Documents/blue/git_repos/xplane_ros2/install/xplane_interfaces/include/xplane_interfaces/xplane_interfaces/msg/rosidl_typesupport_introspection_c__visibility_control.h
-- Up-to-date: /home/uas/Documents/blue/git_repos/xplane_ros2/install/xplane_interfaces/include/xplane_interfaces/xplane_interfaces/msg/detail
-- Installing: /home/uas/Documents/blue/git_repos/xplane_ros2/install/xplane_interfaces/include/xplane_interfaces/xplane_interfaces/msg/detail/uav_local_state__type_support.c
-- Installing: /home/uas/Documents/blue/git_repos/xplane_ros2/install/xplane_interfaces/include/xplane_interfaces/xplane_interfaces/msg/detail/uav_type__rosidl_typesupport_introspection_c.h
-- Installing: /home/uas/Documents/blue/git_repos/xplane_ros2/install/xplane_interfaces/include/xplane_interfaces/xplane_interfaces/msg/detail/uav_control__rosidl_typesupport_introspection_c.h
-- Installing: /home/uas/Documents/blue/git_repos/xplane_ros2/install/xplane_interfaces/include/xplane_interfaces/xplane_interfaces/msg/detail/uav_global_state__type_support.c
-- Installing: /home/uas/Documents/blue/git_repos/xplane_ros2/install/xplane_interfaces/include/xplane_interfaces/xplane_interfaces/msg/detail/uav_state__type_support.c
-- Installing: /home/uas/Documents/blue/git_repos/xplane_ros2/install/xplane_interfaces/include/xplane_interfaces/xplane_interfaces/msg/detail/uav_control__type_support.c
-- Installing: /home/uas/Documents/blue/git_repos/xplane_ros2/install/xplane_interfaces/include/xplane_interfaces/xplane_interfaces/msg/detail/uav_global_state__rosidl_typesupport_introspection_c.h
-- Installing: /home/uas/Documents/blue/git_repos/xplane_ros2/install/xplane_interfaces/include/xplane_interfaces/xplane_interfaces/msg/detail/uav_state__rosidl_typesupport_introspection_c.h
-- Installing: /home/uas/Documents/blue/git_repos/xplane_ros2/install/xplane_interfaces/include/xplane_interfaces/xplane_interfaces/msg/detail/uav_type__type_support.c
-- Installing: /home/uas/Documents/blue/git_repos/xplane_ros2/install/xplane_interfaces/include/xplane_interfaces/xplane_interfaces/msg/detail/uav_local_state__rosidl_typesupport_introspection_c.h
-- Installing: /home/uas/Documents/blue/git_repos/xplane_ros2/install/xplane_interfaces/lib/libxplane_interfaces__rosidl_typesupport_introspection_c.so
-- Set runtime path of "/home/uas/Documents/blue/git_repos/xplane_ros2/install/xplane_interfaces/lib/libxplane_interfaces__rosidl_typesupport_introspection_c.so" to ""
-- Installing: /home/uas/Documents/blue/git_repos/xplane_ros2/install/xplane_interfaces/lib/libxplane_interfaces__rosidl_typesupport_c.so
-- Set runtime path of "/home/uas/Documents/blue/git_repos/xplane_ros2/install/xplane_interfaces/lib/libxplane_interfaces__rosidl_typesupport_c.so" to ""
-- Up-to-date: /home/uas/Documents/blue/git_repos/xplane_ros2/install/xplane_interfaces/include/xplane_interfaces/xplane_interfaces
-- Up-to-date: /home/uas/Documents/blue/git_repos/xplane_ros2/install/xplane_interfaces/include/xplane_interfaces/xplane_interfaces/msg
-- Up-to-date: /home/uas/Documents/blue/git_repos/xplane_ros2/install/xplane_interfaces/include/xplane_interfaces/xplane_interfaces/msg/detail
-- Installing: /home/uas/Documents/blue/git_repos/xplane_ros2/install/xplane_interfaces/include/xplane_interfaces/xplane_interfaces/msg/detail/uav_type__rosidl_typesupport_introspection_cpp.hpp
-- Installing: /home/uas/Documents/blue/git_repos/xplane_ros2/install/xplane_interfaces/include/xplane_interfaces/xplane_interfaces/msg/detail/uav_state__type_support.cpp
-- Installing: /home/uas/Documents/blue/git_repos/xplane_ros2/install/xplane_interfaces/include/xplane_interfaces/xplane_interfaces/msg/detail/uav_control__type_support.cpp
-- Installing: /home/uas/Documents/blue/git_repos/xplane_ros2/install/xplane_interfaces/include/xplane_interfaces/xplane_interfaces/msg/detail/uav_local_state__type_support.cpp
-- Installing: /home/uas/Documents/blue/git_repos/xplane_ros2/install/xplane_interfaces/include/xplane_interfaces/xplane_interfaces/msg/detail/uav_global_state__type_support.cpp
-- Installing: /home/uas/Documents/blue/git_repos/xplane_ros2/install/xplane_interfaces/include/xplane_interfaces/xplane_interfaces/msg/detail/uav_local_state__rosidl_typesupport_introspection_cpp.hpp
-- Installing: /home/uas/Documents/blue/git_repos/xplane_ros2/install/xplane_interfaces/include/xplane_interfaces/xplane_interfaces/msg/detail/uav_global_state__rosidl_typesupport_introspection_cpp.hpp
-- Installing: /home/uas/Documents/blue/git_repos/xplane_ros2/install/xplane_interfaces/include/xplane_interfaces/xplane_interfaces/msg/detail/uav_control__rosidl_typesupport_introspection_cpp.hpp
-- Installing: /home/uas/Documents/blue/git_repos/xplane_ros2/install/xplane_interfaces/include/xplane_interfaces/xplane_interfaces/msg/detail/uav_state__rosidl_typesupport_introspection_cpp.hpp
-- Installing: /home/uas/Documents/blue/git_repos/xplane_ros2/install/xplane_interfaces/include/xplane_interfaces/xplane_interfaces/msg/detail/uav_type__type_support.cpp
-- Installing: /home/uas/Documents/blue/git_repos/xplane_ros2/install/xplane_interfaces/lib/libxplane_interfaces__rosidl_typesupport_introspection_cpp.so
-- Set runtime path of "/home/uas/Documents/blue/git_repos/xplane_ros2/install/xplane_interfaces/lib/libxplane_interfaces__rosidl_typesupport_introspection_cpp.so" to ""
-- Installing: /home/uas/Documents/blue/git_repos/xplane_ros2/install/xplane_interfaces/lib/libxplane_interfaces__rosidl_typesupport_cpp.so
-- Set runtime path of "/home/uas/Documents/blue/git_repos/xplane_ros2/install/xplane_interfaces/lib/libxplane_interfaces__rosidl_typesupport_cpp.so" to ""
-- Up-to-date: /home/uas/Documents/blue/git_repos/xplane_ros2/install/xplane_interfaces/share/xplane_interfaces/environment/pythonpath.sh
-- Installing: /home/uas/Documents/blue/git_repos/xplane_ros2/install/xplane_interfaces/share/xplane_interfaces/environment/pythonpath.dsv
-- Up-to-date: /home/uas/Documents/blue/git_repos/xplane_ros2/install/xplane_interfaces/local/lib/python3.10/dist-packages/xplane_interfaces-0.0.0-py3.10.egg-info
-- Installing: /home/uas/Documents/blue/git_repos/xplane_ros2/install/xplane_interfaces/local/lib/python3.10/dist-packages/xplane_interfaces-0.0.0-py3.10.egg-info/dependency_links.txt
-- Installing: /home/uas/Documents/blue/git_repos/xplane_ros2/install/xplane_interfaces/local/lib/python3.10/dist-packages/xplane_interfaces-0.0.0-py3.10.egg-info/SOURCES.txt
-- Installing: /home/uas/Documents/blue/git_repos/xplane_ros2/install/xplane_interfaces/local/lib/python3.10/dist-packages/xplane_interfaces-0.0.0-py3.10.egg-info/top_level.txt
-- Installing: /home/uas/Documents/blue/git_repos/xplane_ros2/install/xplane_interfaces/local/lib/python3.10/dist-packages/xplane_interfaces-0.0.0-py3.10.egg-info/PKG-INFO
-- Up-to-date: /home/uas/Documents/blue/git_repos/xplane_ros2/install/xplane_interfaces/local/lib/python3.10/dist-packages/xplane_interfaces
-- Installing: /home/uas/Documents/blue/git_repos/xplane_ros2/install/xplane_interfaces/local/lib/python3.10/dist-packages/xplane_interfaces/xplane_interfaces_s__rosidl_typesupport_fastrtps_c.cpython-310-x86_64-linux-gnu.so
-- Installing: /home/uas/Documents/blue/git_repos/xplane_ros2/install/xplane_interfaces/local/lib/python3.10/dist-packages/xplane_interfaces/_xplane_interfaces_s.ep.rosidl_typesupport_fastrtps_c.c
-- Installing: /home/uas/Documents/blue/git_repos/xplane_ros2/install/xplane_interfaces/local/lib/python3.10/dist-packages/xplane_interfaces/xplane_interfaces_s__rosidl_typesupport_introspection_c.cpython-310-x86_64-linux-gnu.so
-- Up-to-date: /home/uas/Documents/blue/git_repos/xplane_ros2/install/xplane_interfaces/local/lib/python3.10/dist-packages/xplane_interfaces/msg
-- Installing: /home/uas/Documents/blue/git_repos/xplane_ros2/install/xplane_interfaces/local/lib/python3.10/dist-packages/xplane_interfaces/msg/_uav_global_state.py
-- Installing: /home/uas/Documents/blue/git_repos/xplane_ros2/install/xplane_interfaces/local/lib/python3.10/dist-packages/xplane_interfaces/msg/_uav_control_s.c
-- Installing: /home/uas/Documents/blue/git_repos/xplane_ros2/install/xplane_interfaces/local/lib/python3.10/dist-packages/xplane_interfaces/msg/_uav_type_s.c
-- Installing: /home/uas/Documents/blue/git_repos/xplane_ros2/install/xplane_interfaces/local/lib/python3.10/dist-packages/xplane_interfaces/msg/_uav_type.py
-- Installing: /home/uas/Documents/blue/git_repos/xplane_ros2/install/xplane_interfaces/local/lib/python3.10/dist-packages/xplane_interfaces/msg/_uav_local_state.py
-- Installing: /home/uas/Documents/blue/git_repos/xplane_ros2/install/xplane_interfaces/local/lib/python3.10/dist-packages/xplane_interfaces/msg/_uav_state_s.c
-- Installing: /home/uas/Documents/blue/git_repos/xplane_ros2/install/xplane_interfaces/local/lib/python3.10/dist-packages/xplane_interfaces/msg/_uav_state.py
-- Installing: /home/uas/Documents/blue/git_repos/xplane_ros2/install/xplane_interfaces/local/lib/python3.10/dist-packages/xplane_interfaces/msg/_uav_global_state_s.c
-- Installing: /home/uas/Documents/blue/git_repos/xplane_ros2/install/xplane_interfaces/local/lib/python3.10/dist-packages/xplane_interfaces/msg/_uav_local_state_s.c
-- Installing: /home/uas/Documents/blue/git_repos/xplane_ros2/install/xplane_interfaces/local/lib/python3.10/dist-packages/xplane_interfaces/msg/__init__.py
-- Installing: /home/uas/Documents/blue/git_repos/xplane_ros2/install/xplane_interfaces/local/lib/python3.10/dist-packages/xplane_interfaces/msg/_uav_control.py
-- Installing: /home/uas/Documents/blue/git_repos/xplane_ros2/install/xplane_interfaces/local/lib/python3.10/dist-packages/xplane_interfaces/_xplane_interfaces_s.ep.rosidl_typesupport_c.c
-- Installing: /home/uas/Documents/blue/git_repos/xplane_ros2/install/xplane_interfaces/local/lib/python3.10/dist-packages/xplane_interfaces/xplane_interfaces_s__rosidl_typesupport_c.cpython-310-x86_64-linux-gnu.so
-- Installing: /home/uas/Documents/blue/git_repos/xplane_ros2/install/xplane_interfaces/local/lib/python3.10/dist-packages/xplane_interfaces/_xplane_interfaces_s.ep.rosidl_typesupport_introspection_c.c
-- Installing: /home/uas/Documents/blue/git_repos/xplane_ros2/install/xplane_interfaces/local/lib/python3.10/dist-packages/xplane_interfaces/libxplane_interfaces__rosidl_generator_py.so
-- Installing: /home/uas/Documents/blue/git_repos/xplane_ros2/install/xplane_interfaces/local/lib/python3.10/dist-packages/xplane_interfaces/__init__.py
Listing '/home/uas/Documents/blue/git_repos/xplane_ros2/install/xplane_interfaces/local/lib/python3.10/dist-packages/xplane_interfaces'...
Compiling '/home/uas/Documents/blue/git_repos/xplane_ros2/install/xplane_interfaces/local/lib/python3.10/dist-packages/xplane_interfaces/__init__.py'...
Listing '/home/uas/Documents/blue/git_repos/xplane_ros2/install/xplane_interfaces/local/lib/python3.10/dist-packages/xplane_interfaces/msg'...
Compiling '/home/uas/Documents/blue/git_repos/xplane_ros2/install/xplane_interfaces/local/lib/python3.10/dist-packages/xplane_interfaces/msg/__init__.py'...
Compiling '/home/uas/Documents/blue/git_repos/xplane_ros2/install/xplane_interfaces/local/lib/python3.10/dist-packages/xplane_interfaces/msg/_uav_control.py'...
Compiling '/home/uas/Documents/blue/git_repos/xplane_ros2/install/xplane_interfaces/local/lib/python3.10/dist-packages/xplane_interfaces/msg/_uav_global_state.py'...
Compiling '/home/uas/Documents/blue/git_repos/xplane_ros2/install/xplane_interfaces/local/lib/python3.10/dist-packages/xplane_interfaces/msg/_uav_local_state.py'...
Compiling '/home/uas/Documents/blue/git_repos/xplane_ros2/install/xplane_interfaces/local/lib/python3.10/dist-packages/xplane_interfaces/msg/_uav_state.py'...
Compiling '/home/uas/Documents/blue/git_repos/xplane_ros2/install/xplane_interfaces/local/lib/python3.10/dist-packages/xplane_interfaces/msg/_uav_type.py'...
-- Installing: /home/uas/Documents/blue/git_repos/xplane_ros2/install/xplane_interfaces/local/lib/python3.10/dist-packages/xplane_interfaces/xplane_interfaces_s__rosidl_typesupport_fastrtps_c.cpython-310-x86_64-linux-gnu.so
-- Set runtime path of "/home/uas/Documents/blue/git_repos/xplane_ros2/install/xplane_interfaces/local/lib/python3.10/dist-packages/xplane_interfaces/xplane_interfaces_s__rosidl_typesupport_fastrtps_c.cpython-310-x86_64-linux-gnu.so" to ""
-- Installing: /home/uas/Documents/blue/git_repos/xplane_ros2/install/xplane_interfaces/local/lib/python3.10/dist-packages/xplane_interfaces/xplane_interfaces_s__rosidl_typesupport_introspection_c.cpython-310-x86_64-linux-gnu.so
-- Set runtime path of "/home/uas/Documents/blue/git_repos/xplane_ros2/install/xplane_interfaces/local/lib/python3.10/dist-packages/xplane_interfaces/xplane_interfaces_s__rosidl_typesupport_introspection_c.cpython-310-x86_64-linux-gnu.so" to ""
-- Installing: /home/uas/Documents/blue/git_repos/xplane_ros2/install/xplane_interfaces/local/lib/python3.10/dist-packages/xplane_interfaces/xplane_interfaces_s__rosidl_typesupport_c.cpython-310-x86_64-linux-gnu.so
-- Set runtime path of "/home/uas/Documents/blue/git_repos/xplane_ros2/install/xplane_interfaces/local/lib/python3.10/dist-packages/xplane_interfaces/xplane_interfaces_s__rosidl_typesupport_c.cpython-310-x86_64-linux-gnu.so" to ""
-- Installing: /home/uas/Documents/blue/git_repos/xplane_ros2/install/xplane_interfaces/lib/libxplane_interfaces__rosidl_generator_py.so
-- Set runtime path of "/home/uas/Documents/blue/git_repos/xplane_ros2/install/xplane_interfaces/lib/libxplane_interfaces__rosidl_generator_py.so" to ""
-- Up-to-date: /home/uas/Documents/blue/git_repos/xplane_ros2/install/xplane_interfaces/share/xplane_interfaces/msg/UAVState.idl
-- Installing: /home/uas/Documents/blue/git_repos/xplane_ros2/install/xplane_interfaces/share/xplane_interfaces/msg/UAVGlobalState.idl
-- Installing: /home/uas/Documents/blue/git_repos/xplane_ros2/install/xplane_interfaces/share/xplane_interfaces/msg/UAVLocalState.idl
-- Up-to-date: /home/uas/Documents/blue/git_repos/xplane_ros2/install/xplane_interfaces/share/xplane_interfaces/msg/UAVType.idl
-- Up-to-date: /home/uas/Documents/blue/git_repos/xplane_ros2/install/xplane_interfaces/share/xplane_interfaces/msg/UAVControl.idl
-- Up-to-date: /home/uas/Documents/blue/git_repos/xplane_ros2/install/xplane_interfaces/share/xplane_interfaces/msg/UAVState.msg
-- Installing: /home/uas/Documents/blue/git_repos/xplane_ros2/install/xplane_interfaces/share/xplane_interfaces/msg/UAVGlobalState.msg
-- Installing: /home/uas/Documents/blue/git_repos/xplane_ros2/install/xplane_interfaces/share/xplane_interfaces/msg/UAVLocalState.msg
-- Up-to-date: /home/uas/Documents/blue/git_repos/xplane_ros2/install/xplane_interfaces/share/xplane_interfaces/msg/UAVType.msg
-- Up-to-date: /home/uas/Documents/blue/git_repos/xplane_ros2/install/xplane_interfaces/share/xplane_interfaces/msg/UAVControl.msg
-- Up-to-date: /home/uas/Documents/blue/git_repos/xplane_ros2/install/xplane_interfaces/share/ament_index/resource_index/package_run_dependencies/xplane_interfaces
-- Up-to-date: /home/uas/Documents/blue/git_repos/xplane_ros2/install/xplane_interfaces/share/ament_index/resource_index/parent_prefix_path/xplane_interfaces
-- Up-to-date: /home/uas/Documents/blue/git_repos/xplane_ros2/install/xplane_interfaces/share/xplane_interfaces/environment/ament_prefix_path.sh
-- Installing: /home/uas/Documents/blue/git_repos/xplane_ros2/install/xplane_interfaces/share/xplane_interfaces/environment/ament_prefix_path.dsv
-- Up-to-date: /home/uas/Documents/blue/git_repos/xplane_ros2/install/xplane_interfaces/share/xplane_interfaces/environment/path.sh
-- Installing: /home/uas/Documents/blue/git_repos/xplane_ros2/install/xplane_interfaces/share/xplane_interfaces/environment/path.dsv
-- Up-to-date: /home/uas/Documents/blue/git_repos/xplane_ros2/install/xplane_interfaces/share/xplane_interfaces/local_setup.bash
-- Up-to-date: /home/uas/Documents/blue/git_repos/xplane_ros2/install/xplane_interfaces/share/xplane_interfaces/local_setup.sh
-- Up-to-date: /home/uas/Documents/blue/git_repos/xplane_ros2/install/xplane_interfaces/share/xplane_interfaces/local_setup.zsh
-- Installing: /home/uas/Documents/blue/git_repos/xplane_ros2/install/xplane_interfaces/share/xplane_interfaces/local_setup.dsv
-- Installing: /home/uas/Documents/blue/git_repos/xplane_ros2/install/xplane_interfaces/share/xplane_interfaces/package.dsv
-- Up-to-date: /home/uas/Documents/blue/git_repos/xplane_ros2/install/xplane_interfaces/share/ament_index/resource_index/packages/xplane_interfaces
-- Up-to-date: /home/uas/Documents/blue/git_repos/xplane_ros2/install/xplane_interfaces/share/xplane_interfaces/cmake/export_xplane_interfaces__rosidl_generator_cExport.cmake
-- Up-to-date: /home/uas/Documents/blue/git_repos/xplane_ros2/install/xplane_interfaces/share/xplane_interfaces/cmake/export_xplane_interfaces__rosidl_generator_cExport-noconfig.cmake
-- Up-to-date: /home/uas/Documents/blue/git_repos/xplane_ros2/install/xplane_interfaces/share/xplane_interfaces/cmake/export_xplane_interfaces__rosidl_typesupport_fastrtps_cExport.cmake
-- Up-to-date: /home/uas/Documents/blue/git_repos/xplane_ros2/install/xplane_interfaces/share/xplane_interfaces/cmake/export_xplane_interfaces__rosidl_typesupport_fastrtps_cExport-noconfig.cmake
-- Up-to-date: /home/uas/Documents/blue/git_repos/xplane_ros2/install/xplane_interfaces/share/xplane_interfaces/cmake/export_xplane_interfaces__rosidl_generator_cppExport.cmake
-- Up-to-date: /home/uas/Documents/blue/git_repos/xplane_ros2/install/xplane_interfaces/share/xplane_interfaces/cmake/export_xplane_interfaces__rosidl_typesupport_fastrtps_cppExport.cmake
-- Up-to-date: /home/uas/Documents/blue/git_repos/xplane_ros2/install/xplane_interfaces/share/xplane_interfaces/cmake/export_xplane_interfaces__rosidl_typesupport_fastrtps_cppExport-noconfig.cmake
-- Up-to-date: /home/uas/Documents/blue/git_repos/xplane_ros2/install/xplane_interfaces/share/xplane_interfaces/cmake/xplane_interfaces__rosidl_typesupport_introspection_cExport.cmake
-- Up-to-date: /home/uas/Documents/blue/git_repos/xplane_ros2/install/xplane_interfaces/share/xplane_interfaces/cmake/xplane_interfaces__rosidl_typesupport_introspection_cExport-noconfig.cmake
-- Up-to-date: /home/uas/Documents/blue/git_repos/xplane_ros2/install/xplane_interfaces/share/xplane_interfaces/cmake/xplane_interfaces__rosidl_typesupport_cExport.cmake
-- Up-to-date: /home/uas/Documents/blue/git_repos/xplane_ros2/install/xplane_interfaces/share/xplane_interfaces/cmake/xplane_interfaces__rosidl_typesupport_cExport-noconfig.cmake
-- Up-to-date: /home/uas/Documents/blue/git_repos/xplane_ros2/install/xplane_interfaces/share/xplane_interfaces/cmake/xplane_interfaces__rosidl_typesupport_introspection_cppExport.cmake
-- Up-to-date: /home/uas/Documents/blue/git_repos/xplane_ros2/install/xplane_interfaces/share/xplane_interfaces/cmake/xplane_interfaces__rosidl_typesupport_introspection_cppExport-noconfig.cmake
-- Up-to-date: /home/uas/Documents/blue/git_repos/xplane_ros2/install/xplane_interfaces/share/xplane_interfaces/cmake/xplane_interfaces__rosidl_typesupport_cppExport.cmake
-- Up-to-date: /home/uas/Documents/blue/git_repos/xplane_ros2/install/xplane_interfaces/share/xplane_interfaces/cmake/xplane_interfaces__rosidl_typesupport_cppExport-noconfig.cmake
-- Up-to-date: /home/uas/Documents/blue/git_repos/xplane_ros2/install/xplane_interfaces/share/xplane_interfaces/cmake/export_xplane_interfaces__rosidl_generator_pyExport.cmake
-- Up-to-date: /home/uas/Documents/blue/git_repos/xplane_ros2/install/xplane_interfaces/share/xplane_interfaces/cmake/export_xplane_interfaces__rosidl_generator_pyExport-noconfig.cmake
-- Installing: /home/uas/Documents/blue/git_repos/xplane_ros2/install/xplane_interfaces/share/xplane_interfaces/cmake/rosidl_cmake-extras.cmake
-- Up-to-date: /home/uas/Documents/blue/git_repos/xplane_ros2/install/xplane_interfaces/share/xplane_interfaces/cmake/ament_cmake_export_dependencies-extras.cmake
-- Up-to-date: /home/uas/Documents/blue/git_repos/xplane_ros2/install/xplane_interfaces/share/xplane_interfaces/cmake/ament_cmake_export_include_directories-extras.cmake
-- Up-to-date: /home/uas/Documents/blue/git_repos/xplane_ros2/install/xplane_interfaces/share/xplane_interfaces/cmake/ament_cmake_export_libraries-extras.cmake
-- Up-to-date: /home/uas/Documents/blue/git_repos/xplane_ros2/install/xplane_interfaces/share/xplane_interfaces/cmake/ament_cmake_export_targets-extras.cmake
-- Up-to-date: /home/uas/Documents/blue/git_repos/xplane_ros2/install/xplane_interfaces/share/xplane_interfaces/cmake/rosidl_cmake_export_typesupport_targets-extras.cmake
-- Up-to-date: /home/uas/Documents/blue/git_repos/xplane_ros2/install/xplane_interfaces/share/xplane_interfaces/cmake/rosidl_cmake_export_typesupport_libraries-extras.cmake
-- Up-to-date: /home/uas/Documents/blue/git_repos/xplane_ros2/install/xplane_interfaces/share/xplane_interfaces/cmake/xplane_interfacesConfig.cmake
-- Up-to-date: /home/uas/Documents/blue/git_repos/xplane_ros2/install/xplane_interfaces/share/xplane_interfaces/cmake/xplane_interfacesConfig-version.cmake
-- Up-to-date: /home/uas/Documents/blue/git_repos/xplane_ros2/install/xplane_interfaces/share/xplane_interfaces/package.xml
