[0.059s] DEBUG:colcon:Command line arguments: ['/usr/bin/colcon', 'build']
[0.059s] DEBUG:colcon:Parsed command line arguments: Namespace(log_base=None, log_level=None, verb_name='build', build_base='build', install_base='install', merge_install=False, symlink_install=False, test_result_base=None, continue_on_error=False, executor='parallel', parallel_workers=24, event_handlers=None, ignore_user_meta=False, metas=['./colcon.meta'], base_paths=['.'], packages_ignore=None, packages_ignore_regex=None, paths=None, packages_up_to=None, packages_up_to_regex=None, packages_above=None, packages_above_and_dependencies=None, packages_above_depth=None, packages_select_by_dep=None, packages_skip_by_dep=None, packages_skip_up_to=None, packages_select_build_failed=False, packages_skip_build_finished=False, packages_select_test_failures=False, packages_skip_test_passed=False, packages_select=None, packages_skip=None, packages_select_regex=None, packages_skip_regex=None, packages_start=None, packages_end=None, allow_overriding=[], cmake_args=None, cmake_target=None, cmake_target_skip_unavailable=False, cmake_clean_cache=False, cmake_clean_first=False, cmake_force_configure=False, ament_cmake_args=None, catkin_cmake_args=None, catkin_skip_building_tests=False, mixin_files=None, mixin=None, verb_parser=<colcon_mixin.mixin.mixin_argument.MixinArgumentDecorator object at 0x78c71a4498d0>, verb_extension=<colcon_core.verb.build.BuildVerb object at 0x78c71a542050>, main=<bound method BuildVerb.main of <colcon_core.verb.build.BuildVerb object at 0x78c71a542050>>, mixin_verb=('build',))
[0.139s] Level 1:colcon.colcon_core.package_discovery:discover_packages(colcon_meta) check parameters
[0.139s] Level 1:colcon.colcon_core.package_discovery:discover_packages(recursive) check parameters
[0.139s] Level 1:colcon.colcon_core.package_discovery:discover_packages(ignore) check parameters
[0.139s] Level 1:colcon.colcon_core.package_discovery:discover_packages(path) check parameters
[0.139s] Level 1:colcon.colcon_core.package_discovery:discover_packages(colcon_meta) discover
[0.139s] Level 1:colcon.colcon_core.package_discovery:discover_packages(recursive) discover
[0.139s] INFO:colcon.colcon_core.package_discovery:Crawling recursively for packages in '/home/uas/Documents/blue/git_repos/xplane_ros2'
[0.139s] Level 1:colcon.colcon_core.package_identification:_identify(.) by extensions ['ignore', 'ignore_ament_install']
[0.139s] Level 1:colcon.colcon_core.package_identification:_identify(.) by extension 'ignore'
[0.139s] Level 1:colcon.colcon_core.package_identification:_identify(.) by extension 'ignore_ament_install'
[0.139s] Level 1:colcon.colcon_core.package_identification:_identify(.) by extensions ['colcon_pkg']
[0.139s] Level 1:colcon.colcon_core.package_identification:_identify(.) by extension 'colcon_pkg'
[0.139s] Level 1:colcon.colcon_core.package_identification:_identify(.) by extensions ['colcon_meta']
[0.139s] Level 1:colcon.colcon_core.package_identification:_identify(.) by extension 'colcon_meta'
[0.139s] Level 1:colcon.colcon_core.package_identification:_identify(.) by extensions ['ros']
[0.139s] Level 1:colcon.colcon_core.package_identification:_identify(.) by extension 'ros'
[0.146s] Level 1:colcon.colcon_core.package_identification:_identify(.) by extensions ['cmake', 'python']
[0.146s] Level 1:colcon.colcon_core.package_identification:_identify(.) by extension 'cmake'
[0.146s] Level 1:colcon.colcon_core.package_identification:_identify(.) by extension 'python'
[0.146s] Level 1:colcon.colcon_core.package_identification:_identify(.) by extensions ['python_setup_py']
[0.146s] Level 1:colcon.colcon_core.package_identification:_identify(.) by extension 'python_setup_py'
[0.146s] Level 1:colcon.colcon_core.package_identification:_identify(build) by extensions ['ignore', 'ignore_ament_install']
[0.146s] Level 1:colcon.colcon_core.package_identification:_identify(build) by extension 'ignore'
[0.146s] Level 1:colcon.colcon_core.package_identification:_identify(build) ignored
[0.146s] Level 1:colcon.colcon_core.package_identification:_identify(install) by extensions ['ignore', 'ignore_ament_install']
[0.146s] Level 1:colcon.colcon_core.package_identification:_identify(install) by extension 'ignore'
[0.146s] Level 1:colcon.colcon_core.package_identification:_identify(install) ignored
[0.146s] Level 1:colcon.colcon_core.package_identification:_identify(log) by extensions ['ignore', 'ignore_ament_install']
[0.146s] Level 1:colcon.colcon_core.package_identification:_identify(log) by extension 'ignore'
[0.146s] Level 1:colcon.colcon_core.package_identification:_identify(log) ignored
[0.146s] Level 1:colcon.colcon_core.package_identification:_identify(src) by extensions ['ignore', 'ignore_ament_install']
[0.146s] Level 1:colcon.colcon_core.package_identification:_identify(src) by extension 'ignore'
[0.146s] Level 1:colcon.colcon_core.package_identification:_identify(src) by extension 'ignore_ament_install'
[0.146s] Level 1:colcon.colcon_core.package_identification:_identify(src) by extensions ['colcon_pkg']
[0.146s] Level 1:colcon.colcon_core.package_identification:_identify(src) by extension 'colcon_pkg'
[0.146s] Level 1:colcon.colcon_core.package_identification:_identify(src) by extensions ['colcon_meta']
[0.146s] Level 1:colcon.colcon_core.package_identification:_identify(src) by extension 'colcon_meta'
[0.147s] Level 1:colcon.colcon_core.package_identification:_identify(src) by extensions ['ros']
[0.147s] Level 1:colcon.colcon_core.package_identification:_identify(src) by extension 'ros'
[0.147s] Level 1:colcon.colcon_core.package_identification:_identify(src) by extensions ['cmake', 'python']
[0.147s] Level 1:colcon.colcon_core.package_identification:_identify(src) by extension 'cmake'
[0.147s] Level 1:colcon.colcon_core.package_identification:_identify(src) by extension 'python'
[0.147s] Level 1:colcon.colcon_core.package_identification:_identify(src) by extensions ['python_setup_py']
[0.147s] Level 1:colcon.colcon_core.package_identification:_identify(src) by extension 'python_setup_py'
[0.147s] Level 1:colcon.colcon_core.package_identification:_identify(src/xplane_interfaces) by extensions ['ignore', 'ignore_ament_install']
[0.147s] Level 1:colcon.colcon_core.package_identification:_identify(src/xplane_interfaces) by extension 'ignore'
[0.147s] Level 1:colcon.colcon_core.package_identification:_identify(src/xplane_interfaces) by extension 'ignore_ament_install'
[0.147s] Level 1:colcon.colcon_core.package_identification:_identify(src/xplane_interfaces) by extensions ['colcon_pkg']
[0.147s] Level 1:colcon.colcon_core.package_identification:_identify(src/xplane_interfaces) by extension 'colcon_pkg'
[0.147s] Level 1:colcon.colcon_core.package_identification:_identify(src/xplane_interfaces) by extensions ['colcon_meta']
[0.147s] Level 1:colcon.colcon_core.package_identification:_identify(src/xplane_interfaces) by extension 'colcon_meta'
[0.147s] Level 1:colcon.colcon_core.package_identification:_identify(src/xplane_interfaces) by extensions ['ros']
[0.147s] Level 1:colcon.colcon_core.package_identification:_identify(src/xplane_interfaces) by extension 'ros'
[0.148s] DEBUG:colcon.colcon_core.package_identification:Package 'src/xplane_interfaces' with type 'ros.ament_cmake' and name 'xplane_interfaces'
[0.148s] Level 1:colcon.colcon_core.package_identification:_identify(src/xplaneros2_main) by extensions ['ignore', 'ignore_ament_install']
[0.148s] Level 1:colcon.colcon_core.package_identification:_identify(src/xplaneros2_main) by extension 'ignore'
[0.148s] Level 1:colcon.colcon_core.package_identification:_identify(src/xplaneros2_main) by extension 'ignore_ament_install'
[0.148s] Level 1:colcon.colcon_core.package_identification:_identify(src/xplaneros2_main) by extensions ['colcon_pkg']
[0.148s] Level 1:colcon.colcon_core.package_identification:_identify(src/xplaneros2_main) by extension 'colcon_pkg'
[0.148s] Level 1:colcon.colcon_core.package_identification:_identify(src/xplaneros2_main) by extensions ['colcon_meta']
[0.148s] Level 1:colcon.colcon_core.package_identification:_identify(src/xplaneros2_main) by extension 'colcon_meta'
[0.148s] Level 1:colcon.colcon_core.package_identification:_identify(src/xplaneros2_main) by extensions ['ros']
[0.149s] Level 1:colcon.colcon_core.package_identification:_identify(src/xplaneros2_main) by extension 'ros'
[0.149s] DEBUG:colcon.colcon_core.package_identification:Package 'src/xplaneros2_main' with type 'ros.ament_python' and name 'xplaneros2_main'
[0.149s] Level 1:colcon.colcon_core.package_discovery:discover_packages(recursive) using defaults
[0.149s] Level 1:colcon.colcon_core.package_discovery:discover_packages(ignore) discover
[0.149s] Level 1:colcon.colcon_core.package_discovery:discover_packages(ignore) using defaults
[0.149s] Level 1:colcon.colcon_core.package_discovery:discover_packages(path) discover
[0.149s] Level 1:colcon.colcon_core.package_discovery:discover_packages(path) using defaults
[0.161s] Level 1:colcon.colcon_core.package_discovery:discover_packages(prefix_path) check parameters
[0.161s] Level 1:colcon.colcon_core.package_discovery:discover_packages(prefix_path) discover
[0.170s] DEBUG:colcon.colcon_installed_package_information.package_discovery:Found 2 installed packages in /home/uas/Documents/blue/git_repos/xplane_ros2/install
[0.171s] DEBUG:colcon.colcon_installed_package_information.package_discovery:Found 270 installed packages in /opt/ros/humble
[0.171s] Level 1:colcon.colcon_core.package_discovery:discover_packages(prefix_path) using defaults
[0.189s] Level 5:colcon.colcon_core.verb:set package 'xplane_interfaces' build argument 'cmake_args' from command line to 'None'
[0.189s] Level 5:colcon.colcon_core.verb:set package 'xplane_interfaces' build argument 'cmake_target' from command line to 'None'
[0.189s] Level 5:colcon.colcon_core.verb:set package 'xplane_interfaces' build argument 'cmake_target_skip_unavailable' from command line to 'False'
[0.189s] Level 5:colcon.colcon_core.verb:set package 'xplane_interfaces' build argument 'cmake_clean_cache' from command line to 'False'
[0.189s] Level 5:colcon.colcon_core.verb:set package 'xplane_interfaces' build argument 'cmake_clean_first' from command line to 'False'
[0.189s] Level 5:colcon.colcon_core.verb:set package 'xplane_interfaces' build argument 'cmake_force_configure' from command line to 'False'
[0.189s] Level 5:colcon.colcon_core.verb:set package 'xplane_interfaces' build argument 'ament_cmake_args' from command line to 'None'
[0.189s] Level 5:colcon.colcon_core.verb:set package 'xplane_interfaces' build argument 'catkin_cmake_args' from command line to 'None'
[0.189s] Level 5:colcon.colcon_core.verb:set package 'xplane_interfaces' build argument 'catkin_skip_building_tests' from command line to 'False'
[0.189s] DEBUG:colcon.colcon_core.verb:Building package 'xplane_interfaces' with the following arguments: {'ament_cmake_args': None, 'build_base': '/home/uas/Documents/blue/git_repos/xplane_ros2/build/xplane_interfaces', 'catkin_cmake_args': None, 'catkin_skip_building_tests': False, 'cmake_args': None, 'cmake_clean_cache': False, 'cmake_clean_first': False, 'cmake_force_configure': False, 'cmake_target': None, 'cmake_target_skip_unavailable': False, 'install_base': '/home/uas/Documents/blue/git_repos/xplane_ros2/install/xplane_interfaces', 'merge_install': False, 'path': '/home/uas/Documents/blue/git_repos/xplane_ros2/src/xplane_interfaces', 'symlink_install': False, 'test_result_base': None}
[0.189s] Level 5:colcon.colcon_core.verb:set package 'xplaneros2_main' build argument 'cmake_args' from command line to 'None'
[0.189s] Level 5:colcon.colcon_core.verb:set package 'xplaneros2_main' build argument 'cmake_target' from command line to 'None'
[0.189s] Level 5:colcon.colcon_core.verb:set package 'xplaneros2_main' build argument 'cmake_target_skip_unavailable' from command line to 'False'
[0.189s] Level 5:colcon.colcon_core.verb:set package 'xplaneros2_main' build argument 'cmake_clean_cache' from command line to 'False'
[0.189s] Level 5:colcon.colcon_core.verb:set package 'xplaneros2_main' build argument 'cmake_clean_first' from command line to 'False'
[0.189s] Level 5:colcon.colcon_core.verb:set package 'xplaneros2_main' build argument 'cmake_force_configure' from command line to 'False'
[0.189s] Level 5:colcon.colcon_core.verb:set package 'xplaneros2_main' build argument 'ament_cmake_args' from command line to 'None'
[0.189s] Level 5:colcon.colcon_core.verb:set package 'xplaneros2_main' build argument 'catkin_cmake_args' from command line to 'None'
[0.189s] Level 5:colcon.colcon_core.verb:set package 'xplaneros2_main' build argument 'catkin_skip_building_tests' from command line to 'False'
[0.189s] DEBUG:colcon.colcon_core.verb:Building package 'xplaneros2_main' with the following arguments: {'ament_cmake_args': None, 'build_base': '/home/uas/Documents/blue/git_repos/xplane_ros2/build/xplaneros2_main', 'catkin_cmake_args': None, 'catkin_skip_building_tests': False, 'cmake_args': None, 'cmake_clean_cache': False, 'cmake_clean_first': False, 'cmake_force_configure': False, 'cmake_target': None, 'cmake_target_skip_unavailable': False, 'install_base': '/home/uas/Documents/blue/git_repos/xplane_ros2/install/xplaneros2_main', 'merge_install': False, 'path': '/home/uas/Documents/blue/git_repos/xplane_ros2/src/xplaneros2_main', 'symlink_install': False, 'test_result_base': None}
[0.189s] INFO:colcon.colcon_core.executor:Executing jobs using 'parallel' executor
[0.190s] DEBUG:colcon.colcon_parallel_executor.executor.parallel:run_until_complete
[0.190s] INFO:colcon.colcon_ros.task.ament_cmake.build:Building ROS package in '/home/uas/Documents/blue/git_repos/xplane_ros2/src/xplane_interfaces' with build type 'ament_cmake'
[0.190s] INFO:colcon.colcon_cmake.task.cmake.build:Building CMake package in '/home/uas/Documents/blue/git_repos/xplane_ros2/src/xplane_interfaces'
[0.191s] INFO:colcon.colcon_core.plugin_system:Skipping extension 'colcon_core.shell.bat': Not used on non-Windows systems
[0.192s] INFO:colcon.colcon_core.shell:Skip shell extension 'powershell' for command environment: Not usable outside of PowerShell
[0.192s] DEBUG:colcon.colcon_core.shell:Skip shell extension 'dsv' for command environment
[0.197s] DEBUG:colcon.colcon_core.event_handler.log_command:Invoking command in '/home/uas/Documents/blue/git_repos/xplane_ros2/build/xplane_interfaces': CMAKE_PREFIX_PATH=${CMAKE_PREFIX_PATH}:/home/uas/Documents/blue/git_repos/xplane_ros2/install/xplaneros2_main:/opt/ros/humble /usr/bin/cmake --build /home/uas/Documents/blue/git_repos/xplane_ros2/build/xplane_interfaces -- -j24 -l24
[2.248s] DEBUG:colcon.colcon_core.event_handler.log_command:Invoked command in '/home/uas/Documents/blue/git_repos/xplane_ros2/build/xplane_interfaces' returned '0': CMAKE_PREFIX_PATH=${CMAKE_PREFIX_PATH}:/home/uas/Documents/blue/git_repos/xplane_ros2/install/xplaneros2_main:/opt/ros/humble /usr/bin/cmake --build /home/uas/Documents/blue/git_repos/xplane_ros2/build/xplane_interfaces -- -j24 -l24
[2.294s] DEBUG:colcon.colcon_core.event_handler.log_command:Invoking command in '/home/uas/Documents/blue/git_repos/xplane_ros2/build/xplane_interfaces': CMAKE_PREFIX_PATH=${CMAKE_PREFIX_PATH}:/home/uas/Documents/blue/git_repos/xplane_ros2/install/xplaneros2_main:/opt/ros/humble /usr/bin/cmake --install /home/uas/Documents/blue/git_repos/xplane_ros2/build/xplane_interfaces
[2.332s] Level 1:colcon.colcon_core.environment:create_environment_scripts_only(xplane_interfaces)
[2.335s] Level 1:colcon.colcon_core.environment:checking '/home/uas/Documents/blue/git_repos/xplane_ros2/install/xplane_interfaces' for CMake module files
[2.335s] DEBUG:colcon.colcon_core.event_handler.log_command:Invoked command in '/home/uas/Documents/blue/git_repos/xplane_ros2/build/xplane_interfaces' returned '0': CMAKE_PREFIX_PATH=${CMAKE_PREFIX_PATH}:/home/uas/Documents/blue/git_repos/xplane_ros2/install/xplaneros2_main:/opt/ros/humble /usr/bin/cmake --install /home/uas/Documents/blue/git_repos/xplane_ros2/build/xplane_interfaces
[2.336s] Level 1:colcon.colcon_core.environment:checking '/home/uas/Documents/blue/git_repos/xplane_ros2/install/xplane_interfaces' for CMake config files
[2.336s] Level 1:colcon.colcon_core.shell:create_environment_hook('xplane_interfaces', 'cmake_prefix_path')
[2.336s] INFO:colcon.colcon_core.shell:Creating environment hook '/home/uas/Documents/blue/git_repos/xplane_ros2/install/xplane_interfaces/share/xplane_interfaces/hook/cmake_prefix_path.ps1'
[2.336s] INFO:colcon.colcon_core.shell:Creating environment descriptor '/home/uas/Documents/blue/git_repos/xplane_ros2/install/xplane_interfaces/share/xplane_interfaces/hook/cmake_prefix_path.dsv'
[2.336s] INFO:colcon.colcon_core.shell:Creating environment hook '/home/uas/Documents/blue/git_repos/xplane_ros2/install/xplane_interfaces/share/xplane_interfaces/hook/cmake_prefix_path.sh'
[2.337s] Level 1:colcon.colcon_core.environment:checking '/home/uas/Documents/blue/git_repos/xplane_ros2/install/xplane_interfaces/lib'
[2.337s] Level 1:colcon.colcon_core.shell:create_environment_hook('xplane_interfaces', 'ld_library_path_lib')
[2.337s] INFO:colcon.colcon_core.shell:Creating environment hook '/home/uas/Documents/blue/git_repos/xplane_ros2/install/xplane_interfaces/share/xplane_interfaces/hook/ld_library_path_lib.ps1'
[2.337s] INFO:colcon.colcon_core.shell:Creating environment descriptor '/home/uas/Documents/blue/git_repos/xplane_ros2/install/xplane_interfaces/share/xplane_interfaces/hook/ld_library_path_lib.dsv'
[2.337s] INFO:colcon.colcon_core.shell:Creating environment hook '/home/uas/Documents/blue/git_repos/xplane_ros2/install/xplane_interfaces/share/xplane_interfaces/hook/ld_library_path_lib.sh'
[2.337s] Level 1:colcon.colcon_core.environment:checking '/home/uas/Documents/blue/git_repos/xplane_ros2/install/xplane_interfaces/bin'
[2.338s] Level 1:colcon.colcon_core.environment:checking '/home/uas/Documents/blue/git_repos/xplane_ros2/install/xplane_interfaces/lib/pkgconfig/xplane_interfaces.pc'
[2.338s] Level 1:colcon.colcon_core.environment:checking '/home/uas/Documents/blue/git_repos/xplane_ros2/install/xplane_interfaces/lib/python3.10/site-packages'
[2.338s] Level 1:colcon.colcon_core.environment:checking '/home/uas/Documents/blue/git_repos/xplane_ros2/install/xplane_interfaces/bin'
[2.338s] INFO:colcon.colcon_core.shell:Creating package script '/home/uas/Documents/blue/git_repos/xplane_ros2/install/xplane_interfaces/share/xplane_interfaces/package.ps1'
[2.338s] INFO:colcon.colcon_core.shell:Creating package descriptor '/home/uas/Documents/blue/git_repos/xplane_ros2/install/xplane_interfaces/share/xplane_interfaces/package.dsv'
[2.339s] INFO:colcon.colcon_core.shell:Creating package script '/home/uas/Documents/blue/git_repos/xplane_ros2/install/xplane_interfaces/share/xplane_interfaces/package.sh'
[2.339s] INFO:colcon.colcon_core.shell:Creating package script '/home/uas/Documents/blue/git_repos/xplane_ros2/install/xplane_interfaces/share/xplane_interfaces/package.bash'
[2.339s] INFO:colcon.colcon_core.shell:Creating package script '/home/uas/Documents/blue/git_repos/xplane_ros2/install/xplane_interfaces/share/xplane_interfaces/package.zsh'
[2.339s] Level 1:colcon.colcon_core.environment:create_file_with_runtime_dependencies(/home/uas/Documents/blue/git_repos/xplane_ros2/install/xplane_interfaces/share/colcon-core/packages/xplane_interfaces)
[2.380s] Level 1:colcon.colcon_core.environment:create_environment_scripts_only(xplane_interfaces)
[2.380s] Level 1:colcon.colcon_core.environment:checking '/home/uas/Documents/blue/git_repos/xplane_ros2/install/xplane_interfaces' for CMake module files
[2.380s] Level 1:colcon.colcon_core.environment:checking '/home/uas/Documents/blue/git_repos/xplane_ros2/install/xplane_interfaces' for CMake config files
[2.381s] Level 1:colcon.colcon_core.shell:create_environment_hook('xplane_interfaces', 'cmake_prefix_path')
[2.381s] INFO:colcon.colcon_core.shell:Creating environment hook '/home/uas/Documents/blue/git_repos/xplane_ros2/install/xplane_interfaces/share/xplane_interfaces/hook/cmake_prefix_path.ps1'
[2.381s] INFO:colcon.colcon_core.shell:Creating environment descriptor '/home/uas/Documents/blue/git_repos/xplane_ros2/install/xplane_interfaces/share/xplane_interfaces/hook/cmake_prefix_path.dsv'
[2.381s] INFO:colcon.colcon_core.shell:Creating environment hook '/home/uas/Documents/blue/git_repos/xplane_ros2/install/xplane_interfaces/share/xplane_interfaces/hook/cmake_prefix_path.sh'
[2.382s] Level 1:colcon.colcon_core.environment:checking '/home/uas/Documents/blue/git_repos/xplane_ros2/install/xplane_interfaces/lib'
[2.382s] Level 1:colcon.colcon_core.shell:create_environment_hook('xplane_interfaces', 'ld_library_path_lib')
[2.382s] INFO:colcon.colcon_core.shell:Creating environment hook '/home/uas/Documents/blue/git_repos/xplane_ros2/install/xplane_interfaces/share/xplane_interfaces/hook/ld_library_path_lib.ps1'
[2.382s] INFO:colcon.colcon_core.shell:Creating environment descriptor '/home/uas/Documents/blue/git_repos/xplane_ros2/install/xplane_interfaces/share/xplane_interfaces/hook/ld_library_path_lib.dsv'
[2.382s] INFO:colcon.colcon_core.shell:Creating environment hook '/home/uas/Documents/blue/git_repos/xplane_ros2/install/xplane_interfaces/share/xplane_interfaces/hook/ld_library_path_lib.sh'
[2.383s] Level 1:colcon.colcon_core.environment:checking '/home/uas/Documents/blue/git_repos/xplane_ros2/install/xplane_interfaces/bin'
[2.383s] Level 1:colcon.colcon_core.environment:checking '/home/uas/Documents/blue/git_repos/xplane_ros2/install/xplane_interfaces/lib/pkgconfig/xplane_interfaces.pc'
[2.383s] Level 1:colcon.colcon_core.environment:checking '/home/uas/Documents/blue/git_repos/xplane_ros2/install/xplane_interfaces/lib/python3.10/site-packages'
[2.383s] Level 1:colcon.colcon_core.environment:checking '/home/uas/Documents/blue/git_repos/xplane_ros2/install/xplane_interfaces/bin'
[2.383s] INFO:colcon.colcon_core.shell:Creating package script '/home/uas/Documents/blue/git_repos/xplane_ros2/install/xplane_interfaces/share/xplane_interfaces/package.ps1'
[2.383s] INFO:colcon.colcon_core.shell:Creating package descriptor '/home/uas/Documents/blue/git_repos/xplane_ros2/install/xplane_interfaces/share/xplane_interfaces/package.dsv'
[2.384s] INFO:colcon.colcon_core.shell:Creating package script '/home/uas/Documents/blue/git_repos/xplane_ros2/install/xplane_interfaces/share/xplane_interfaces/package.sh'
[2.384s] INFO:colcon.colcon_core.shell:Creating package script '/home/uas/Documents/blue/git_repos/xplane_ros2/install/xplane_interfaces/share/xplane_interfaces/package.bash'
[2.384s] INFO:colcon.colcon_core.shell:Creating package script '/home/uas/Documents/blue/git_repos/xplane_ros2/install/xplane_interfaces/share/xplane_interfaces/package.zsh'
[2.384s] Level 1:colcon.colcon_core.environment:create_file_with_runtime_dependencies(/home/uas/Documents/blue/git_repos/xplane_ros2/install/xplane_interfaces/share/colcon-core/packages/xplane_interfaces)
[2.384s] INFO:colcon.colcon_ros.task.ament_python.build:Building ROS package in '/home/uas/Documents/blue/git_repos/xplane_ros2/src/xplaneros2_main' with build type 'ament_python'
[2.384s] Level 1:colcon.colcon_core.shell:create_environment_hook('xplaneros2_main', 'ament_prefix_path')
[2.385s] INFO:colcon.colcon_core.shell:Creating environment hook '/home/uas/Documents/blue/git_repos/xplane_ros2/install/xplaneros2_main/share/xplaneros2_main/hook/ament_prefix_path.ps1'
[2.385s] INFO:colcon.colcon_core.shell:Creating environment descriptor '/home/uas/Documents/blue/git_repos/xplane_ros2/install/xplaneros2_main/share/xplaneros2_main/hook/ament_prefix_path.dsv'
[2.385s] INFO:colcon.colcon_core.shell:Creating environment hook '/home/uas/Documents/blue/git_repos/xplane_ros2/install/xplaneros2_main/share/xplaneros2_main/hook/ament_prefix_path.sh'
[2.386s] INFO:colcon.colcon_core.shell:Skip shell extension 'powershell' for command environment: Not usable outside of PowerShell
[2.386s] DEBUG:colcon.colcon_core.shell:Skip shell extension 'dsv' for command environment
[2.513s] INFO:colcon.colcon_core.task.python.build:Building Python package in '/home/uas/Documents/blue/git_repos/xplane_ros2/src/xplaneros2_main'
[2.513s] INFO:colcon.colcon_core.shell:Skip shell extension 'powershell' for command environment: Not usable outside of PowerShell
[2.513s] DEBUG:colcon.colcon_core.shell:Skip shell extension 'dsv' for command environment
[2.690s] DEBUG:colcon.colcon_core.event_handler.log_command:Invoking command in '/home/uas/Documents/blue/git_repos/xplane_ros2/src/xplaneros2_main': PYTHONPATH=/home/uas/Documents/blue/git_repos/xplane_ros2/build/xplaneros2_main/prefix_override:/home/uas/Documents/blue/git_repos/xplane_ros2/install/xplaneros2_main/lib/python3.10/site-packages:${PYTHONPATH} /usr/bin/python3 -W ignore:setup.py install is deprecated setup.py egg_info --egg-base ../../build/xplaneros2_main build --build-base /home/uas/Documents/blue/git_repos/xplane_ros2/build/xplaneros2_main/build install --record /home/uas/Documents/blue/git_repos/xplane_ros2/build/xplaneros2_main/install.log --single-version-externally-managed install_data
[2.838s] Level 1:colcon.colcon_core.environment:checking '/home/uas/Documents/blue/git_repos/xplane_ros2/install/xplaneros2_main' for CMake module files
[2.839s] DEBUG:colcon.colcon_core.event_handler.log_command:Invoked command in '/home/uas/Documents/blue/git_repos/xplane_ros2/src/xplaneros2_main' returned '0': PYTHONPATH=/home/uas/Documents/blue/git_repos/xplane_ros2/build/xplaneros2_main/prefix_override:/home/uas/Documents/blue/git_repos/xplane_ros2/install/xplaneros2_main/lib/python3.10/site-packages:${PYTHONPATH} /usr/bin/python3 -W ignore:setup.py install is deprecated setup.py egg_info --egg-base ../../build/xplaneros2_main build --build-base /home/uas/Documents/blue/git_repos/xplane_ros2/build/xplaneros2_main/build install --record /home/uas/Documents/blue/git_repos/xplane_ros2/build/xplaneros2_main/install.log --single-version-externally-managed install_data
[2.839s] Level 1:colcon.colcon_core.environment:checking '/home/uas/Documents/blue/git_repos/xplane_ros2/install/xplaneros2_main' for CMake config files
[2.839s] Level 1:colcon.colcon_core.environment:checking '/home/uas/Documents/blue/git_repos/xplane_ros2/install/xplaneros2_main/lib'
[2.840s] Level 1:colcon.colcon_core.environment:checking '/home/uas/Documents/blue/git_repos/xplane_ros2/install/xplaneros2_main/bin'
[2.840s] Level 1:colcon.colcon_core.environment:checking '/home/uas/Documents/blue/git_repos/xplane_ros2/install/xplaneros2_main/lib/pkgconfig/xplaneros2_main.pc'
[2.840s] Level 1:colcon.colcon_core.environment:checking '/home/uas/Documents/blue/git_repos/xplane_ros2/install/xplaneros2_main/lib/python3.10/site-packages'
[2.840s] Level 1:colcon.colcon_core.shell:create_environment_hook('xplaneros2_main', 'pythonpath')
[2.840s] INFO:colcon.colcon_core.shell:Creating environment hook '/home/uas/Documents/blue/git_repos/xplane_ros2/install/xplaneros2_main/share/xplaneros2_main/hook/pythonpath.ps1'
[2.841s] INFO:colcon.colcon_core.shell:Creating environment descriptor '/home/uas/Documents/blue/git_repos/xplane_ros2/install/xplaneros2_main/share/xplaneros2_main/hook/pythonpath.dsv'
[2.841s] INFO:colcon.colcon_core.shell:Creating environment hook '/home/uas/Documents/blue/git_repos/xplane_ros2/install/xplaneros2_main/share/xplaneros2_main/hook/pythonpath.sh'
[2.842s] Level 1:colcon.colcon_core.environment:checking '/home/uas/Documents/blue/git_repos/xplane_ros2/install/xplaneros2_main/bin'
[2.842s] Level 1:colcon.colcon_core.environment:create_environment_scripts_only(xplaneros2_main)
[2.842s] INFO:colcon.colcon_core.shell:Creating package script '/home/uas/Documents/blue/git_repos/xplane_ros2/install/xplaneros2_main/share/xplaneros2_main/package.ps1'
[2.843s] INFO:colcon.colcon_core.shell:Creating package descriptor '/home/uas/Documents/blue/git_repos/xplane_ros2/install/xplaneros2_main/share/xplaneros2_main/package.dsv'
[2.843s] INFO:colcon.colcon_core.shell:Creating package script '/home/uas/Documents/blue/git_repos/xplane_ros2/install/xplaneros2_main/share/xplaneros2_main/package.sh'
[2.843s] INFO:colcon.colcon_core.shell:Creating package script '/home/uas/Documents/blue/git_repos/xplane_ros2/install/xplaneros2_main/share/xplaneros2_main/package.bash'
[2.844s] INFO:colcon.colcon_core.shell:Creating package script '/home/uas/Documents/blue/git_repos/xplane_ros2/install/xplaneros2_main/share/xplaneros2_main/package.zsh'
[2.844s] Level 1:colcon.colcon_core.environment:create_file_with_runtime_dependencies(/home/uas/Documents/blue/git_repos/xplane_ros2/install/xplaneros2_main/share/colcon-core/packages/xplaneros2_main)
[2.844s] DEBUG:colcon.colcon_parallel_executor.executor.parallel:closing loop
[2.845s] DEBUG:colcon.colcon_parallel_executor.executor.parallel:loop closed
[2.845s] DEBUG:colcon.colcon_parallel_executor.executor.parallel:run_until_complete finished with '0'
[2.845s] DEBUG:colcon.colcon_core.event_reactor:joining thread
[2.850s] INFO:colcon.colcon_core.plugin_system:Skipping extension 'colcon_notification.desktop_notification.terminal_notifier': Not used on non-Darwin systems
[2.850s] INFO:colcon.colcon_core.plugin_system:Skipping extension 'colcon_notification.desktop_notification.win32': Not used on non-Windows systems
[2.850s] INFO:colcon.colcon_notification.desktop_notification:Sending desktop notification using 'notify2'
[2.859s] DEBUG:colcon.colcon_core.event_reactor:joined thread
[2.860s] INFO:colcon.colcon_core.shell:Creating prefix script '/home/uas/Documents/blue/git_repos/xplane_ros2/install/local_setup.ps1'
[2.861s] INFO:colcon.colcon_core.shell:Creating prefix util module '/home/uas/Documents/blue/git_repos/xplane_ros2/install/_local_setup_util_ps1.py'
[2.862s] INFO:colcon.colcon_core.shell:Creating prefix chain script '/home/uas/Documents/blue/git_repos/xplane_ros2/install/setup.ps1'
[2.863s] INFO:colcon.colcon_core.shell:Creating prefix script '/home/uas/Documents/blue/git_repos/xplane_ros2/install/local_setup.sh'
[2.863s] INFO:colcon.colcon_core.shell:Creating prefix util module '/home/uas/Documents/blue/git_repos/xplane_ros2/install/_local_setup_util_sh.py'
[2.863s] INFO:colcon.colcon_core.shell:Creating prefix chain script '/home/uas/Documents/blue/git_repos/xplane_ros2/install/setup.sh'
[2.864s] INFO:colcon.colcon_core.shell:Creating prefix script '/home/uas/Documents/blue/git_repos/xplane_ros2/install/local_setup.bash'
[2.865s] INFO:colcon.colcon_core.shell:Creating prefix chain script '/home/uas/Documents/blue/git_repos/xplane_ros2/install/setup.bash'
[2.866s] INFO:colcon.colcon_core.shell:Creating prefix script '/home/uas/Documents/blue/git_repos/xplane_ros2/install/local_setup.zsh'
[2.866s] INFO:colcon.colcon_core.shell:Creating prefix chain script '/home/uas/Documents/blue/git_repos/xplane_ros2/install/setup.zsh'
