running egg_info
creating ../../build/xplaneros2_main/xplaneros2_main.egg-info
writing ../../build/xplaneros2_main/xplaneros2_main.egg-info/PKG-INFO
writing dependency_links to ../../build/xplaneros2_main/xplaneros2_main.egg-info/dependency_links.txt
writing entry points to ../../build/xplaneros2_main/xplaneros2_main.egg-info/entry_points.txt
writing requirements to ../../build/xplaneros2_main/xplaneros2_main.egg-info/requires.txt
writing top-level names to ../../build/xplaneros2_main/xplaneros2_main.egg-info/top_level.txt
writing manifest file '../../build/xplaneros2_main/xplaneros2_main.egg-info/SOURCES.txt'
reading manifest file '../../build/xplaneros2_main/xplaneros2_main.egg-info/SOURCES.txt'
writing manifest file '../../build/xplaneros2_main/xplaneros2_main.egg-info/SOURCES.txt'
running build
running build_py
creating /home/uas/Documents/blue/git_repos/xplane_ros2/build/xplaneros2_main/build
creating /home/uas/Documents/blue/git_repos/xplane_ros2/build/xplaneros2_main/build/lib
creating /home/uas/Documents/blue/git_repos/xplane_ros2/build/xplaneros2_main/build/lib/xplaneros2_main
copying xplaneros2_main/__init__.py -> /home/uas/Documents/blue/git_repos/xplane_ros2/build/xplaneros2_main/build/lib/xplaneros2_main
running install
running install_lib
creating /home/uas/Documents/blue/git_repos/xplane_ros2/install/xplaneros2_main/lib/python3.10/site-packages/xplaneros2_main
copying /home/uas/Documents/blue/git_repos/xplane_ros2/build/xplaneros2_main/build/lib/xplaneros2_main/__init__.py -> /home/uas/Documents/blue/git_repos/xplane_ros2/install/xplaneros2_main/lib/python3.10/site-packages/xplaneros2_main
byte-compiling /home/uas/Documents/blue/git_repos/xplane_ros2/install/xplaneros2_main/lib/python3.10/site-packages/xplaneros2_main/__init__.py to __init__.cpython-310.pyc
running install_data
creating /home/uas/Documents/blue/git_repos/xplane_ros2/install/xplaneros2_main/share/ament_index
creating /home/uas/Documents/blue/git_repos/xplane_ros2/install/xplaneros2_main/share/ament_index/resource_index
creating /home/uas/Documents/blue/git_repos/xplane_ros2/install/xplaneros2_main/share/ament_index/resource_index/packages
copying resource/xplaneros2_main -> /home/uas/Documents/blue/git_repos/xplane_ros2/install/xplaneros2_main/share/ament_index/resource_index/packages
copying package.xml -> /home/uas/Documents/blue/git_repos/xplane_ros2/install/xplaneros2_main/share/xplaneros2_main
running install_egg_info
Copying ../../build/xplaneros2_main/xplaneros2_main.egg-info to /home/uas/Documents/blue/git_repos/xplane_ros2/install/xplaneros2_main/lib/python3.10/site-packages/xplaneros2_main-0.0.0-py3.10.egg-info
running install_scripts
writing list of installed files to '/home/uas/Documents/blue/git_repos/xplane_ros2/build/xplaneros2_main/install.log'
