[0.276s] Invoking command in '/home/uas/Documents/blue/git_repos/xplane_ros2/src/xplaneros2_main': AMENT_PREFIX_PATH=/home/uas/Documents/blue/git_repos/xplane_ros2/install/xplane_interfaces:${AMENT_PREFIX_PATH} CMAKE_PREFIX_PATH=/home/uas/Documents/blue/git_repos/xplane_ros2/install/xplane_interfaces LD_LIBRARY_PATH=/home/uas/Documents/blue/git_repos/xplane_ros2/install/xplane_interfaces/lib:${LD_LIBRARY_PATH} PYTHONPATH=/home/uas/Documents/blue/git_repos/xplane_ros2/build/xplaneros2_main/prefix_override:/home/uas/Documents/blue/git_repos/xplane_ros2/install/xplaneros2_main/lib/python3.10/site-packages:/home/uas/Documents/blue/git_repos/xplane_ros2/install/xplane_interfaces/local/lib/python3.10/dist-packages:${PYTHONPATH} /usr/bin/python3 -W ignore:setup.py install is deprecated setup.py egg_info --egg-base ../../build/xplaneros2_main build --build-base /home/uas/Documents/blue/git_repos/xplane_ros2/build/xplaneros2_main/build install --record /home/uas/Documents/blue/git_repos/xplane_ros2/build/xplaneros2_main/install.log --single-version-externally-managed install_data
[0.383s] running egg_info
[0.383s] creating ../../build/xplaneros2_main/xplaneros2_main.egg-info
[0.383s] writing ../../build/xplaneros2_main/xplaneros2_main.egg-info/PKG-INFO
[0.384s] writing dependency_links to ../../build/xplaneros2_main/xplaneros2_main.egg-info/dependency_links.txt
[0.384s] writing entry points to ../../build/xplaneros2_main/xplaneros2_main.egg-info/entry_points.txt
[0.384s] writing requirements to ../../build/xplaneros2_main/xplaneros2_main.egg-info/requires.txt
[0.384s] writing top-level names to ../../build/xplaneros2_main/xplaneros2_main.egg-info/top_level.txt
[0.384s] writing manifest file '../../build/xplaneros2_main/xplaneros2_main.egg-info/SOURCES.txt'
[0.384s] reading manifest file '../../build/xplaneros2_main/xplaneros2_main.egg-info/SOURCES.txt'
[0.385s] writing manifest file '../../build/xplaneros2_main/xplaneros2_main.egg-info/SOURCES.txt'
[0.385s] running build
[0.385s] running build_py
[0.385s] creating /home/uas/Documents/blue/git_repos/xplane_ros2/build/xplaneros2_main/build
[0.385s] creating /home/uas/Documents/blue/git_repos/xplane_ros2/build/xplaneros2_main/build/lib
[0.385s] creating /home/uas/Documents/blue/git_repos/xplane_ros2/build/xplaneros2_main/build/lib/xplaneros2_main
[0.385s] copying xplaneros2_main/__init__.py -> /home/uas/Documents/blue/git_repos/xplane_ros2/build/xplaneros2_main/build/lib/xplaneros2_main
[0.385s] running install
[0.385s] running install_lib
[0.385s] creating /home/uas/Documents/blue/git_repos/xplane_ros2/install/xplaneros2_main/lib/python3.10/site-packages/xplaneros2_main
[0.385s] copying /home/uas/Documents/blue/git_repos/xplane_ros2/build/xplaneros2_main/build/lib/xplaneros2_main/__init__.py -> /home/uas/Documents/blue/git_repos/xplane_ros2/install/xplaneros2_main/lib/python3.10/site-packages/xplaneros2_main
[0.386s] byte-compiling /home/uas/Documents/blue/git_repos/xplane_ros2/install/xplaneros2_main/lib/python3.10/site-packages/xplaneros2_main/__init__.py to __init__.cpython-310.pyc
[0.386s] running install_data
[0.386s] creating /home/uas/Documents/blue/git_repos/xplane_ros2/install/xplaneros2_main/share/ament_index
[0.386s] creating /home/uas/Documents/blue/git_repos/xplane_ros2/install/xplaneros2_main/share/ament_index/resource_index
[0.386s] creating /home/uas/Documents/blue/git_repos/xplane_ros2/install/xplaneros2_main/share/ament_index/resource_index/packages
[0.386s] copying resource/xplaneros2_main -> /home/uas/Documents/blue/git_repos/xplane_ros2/install/xplaneros2_main/share/ament_index/resource_index/packages
[0.386s] copying package.xml -> /home/uas/Documents/blue/git_repos/xplane_ros2/install/xplaneros2_main/share/xplaneros2_main
[0.386s] running install_egg_info
[0.387s] Copying ../../build/xplaneros2_main/xplaneros2_main.egg-info to /home/uas/Documents/blue/git_repos/xplane_ros2/install/xplaneros2_main/lib/python3.10/site-packages/xplaneros2_main-0.0.0-py3.10.egg-info
[0.387s] running install_scripts
[0.398s] writing list of installed files to '/home/uas/Documents/blue/git_repos/xplane_ros2/build/xplaneros2_main/install.log'
[0.410s] Invoked command in '/home/uas/Documents/blue/git_repos/xplane_ros2/src/xplaneros2_main' returned '0': AMENT_PREFIX_PATH=/home/uas/Documents/blue/git_repos/xplane_ros2/install/xplane_interfaces:${AMENT_PREFIX_PATH} CMAKE_PREFIX_PATH=/home/uas/Documents/blue/git_repos/xplane_ros2/install/xplane_interfaces LD_LIBRARY_PATH=/home/uas/Documents/blue/git_repos/xplane_ros2/install/xplane_interfaces/lib:${LD_LIBRARY_PATH} PYTHONPATH=/home/uas/Documents/blue/git_repos/xplane_ros2/build/xplaneros2_main/prefix_override:/home/uas/Documents/blue/git_repos/xplane_ros2/install/xplaneros2_main/lib/python3.10/site-packages:/home/uas/Documents/blue/git_repos/xplane_ros2/install/xplane_interfaces/local/lib/python3.10/dist-packages:${PYTHONPATH} /usr/bin/python3 -W ignore:setup.py install is deprecated setup.py egg_info --egg-base ../../build/xplaneros2_main build --build-base /home/uas/Documents/blue/git_repos/xplane_ros2/build/xplaneros2_main/build install --record /home/uas/Documents/blue/git_repos/xplane_ros2/build/xplaneros2_main/install.log --single-version-externally-managed install_data
