[0.007s] Invoking command in '/home/uas/Documents/blue/git_repos/xplane_ros2/build/xplane_interfaces': CMAKE_PREFIX_PATH=${CMAKE_PREFIX_PATH}:/home/uas/Documents/blue/git_repos/xplane_ros2/install/xplaneros2_main:/opt/ros/humble /usr/bin/cmake --build /home/uas/Documents/blue/git_repos/xplane_ros2/build/xplane_interfaces -- -j24 -l24
[0.024s] -- Found ament_cmake: 1.3.8 (/opt/ros/humble/share/ament_cmake/cmake)
[0.108s] -- Found rclcpp: 16.0.8 (/opt/ros/humble/share/rclcpp/cmake)
[0.129s] -- Found rosidl_generator_c: 3.1.5 (/opt/ros/humble/share/rosidl_generator_c/cmake)
[0.131s] -- Found rosidl_adapter: 3.1.5 (/opt/ros/humble/share/rosidl_adapter/cmake)
[0.135s] -- Found rosidl_generator_cpp: 3.1.5 (/opt/ros/humble/share/rosidl_generator_cpp/cmake)
[0.143s] -- Using all available rosidl_typesupport_c: rosidl_typesupport_fastrtps_c;rosidl_typesupport_introspection_c
[0.154s] -- Using all available rosidl_typesupport_cpp: rosidl_typesupport_fastrtps_cpp;rosidl_typesupport_introspection_cpp
[0.194s] -- Found rmw_implementation_cmake: 6.1.1 (/opt/ros/humble/share/rmw_implementation_cmake/cmake)
[0.195s] -- Found rmw_fastrtps_cpp: 6.2.6 (/opt/ros/humble/share/rmw_fastrtps_cpp/cmake)
[0.269s] -- Using RMW implementation 'rmw_fastrtps_cpp' as default
[0.371s] -- Found rosidl_default_generators: 1.2.0 (/opt/ros/humble/share/rosidl_default_generators/cmake)
[0.376s] -- Found ament_lint_auto: 0.12.10 (/opt/ros/humble/share/ament_lint_auto/cmake)
[0.558s] -- Found ament_cmake_ros: 0.10.0 (/opt/ros/humble/share/ament_cmake_ros/cmake)
[0.773s] -- Using all available rosidl_typesupport_c: rosidl_typesupport_fastrtps_c;rosidl_typesupport_introspection_c
[0.859s] -- Using all available rosidl_typesupport_cpp: rosidl_typesupport_fastrtps_cpp;rosidl_typesupport_introspection_cpp
[0.875s] -- Found python_cmake_module: 0.10.0 (/opt/ros/humble/share/python_cmake_module/cmake)
[0.888s] -- Using PYTHON_EXECUTABLE: /usr/bin/python3
[0.889s] -- Using PYTHON_INCLUDE_DIRS: /usr/include/python3.10
[0.889s] -- Using PYTHON_LIBRARIES: /usr/lib/x86_64-linux-gnu/libpython3.10.so
[0.908s] -- Added test 'lint_cmake' to check CMake code style
[0.908s] -- Added test 'xmllint' to check XML markup files
[0.911s] -- Configuring done
[0.934s] -- Generating done
[0.936s] -- Build files have been written to: /home/uas/Documents/blue/git_repos/xplane_ros2/build/xplane_interfaces
[0.952s] [  1%] [34m[1mGenerating C code for ROS interfaces[0m
[0.958s] [  2%] [34m[1mGenerating C++ code for ROS interfaces[0m
[0.964s] [  2%] Built target ament_cmake_python_copy_xplane_interfaces
[1.107s] running egg_info
[1.107s] writing xplane_interfaces.egg-info/PKG-INFO
[1.107s] writing dependency_links to xplane_interfaces.egg-info/dependency_links.txt
[1.107s] writing top-level names to xplane_interfaces.egg-info/top_level.txt
[1.109s] reading manifest file 'xplane_interfaces.egg-info/SOURCES.txt'
[1.109s] writing manifest file 'xplane_interfaces.egg-info/SOURCES.txt'
[1.127s] [  2%] Built target ament_cmake_python_build_xplane_interfaces_egg
[1.274s] [35m[1mConsolidate compiler generated dependencies of target xplane_interfaces__rosidl_generator_c[0m
[1.277s] [  2%] Built target xplane_interfaces__cpp
[1.282s] [  9%] [32mBuilding C object CMakeFiles/xplane_interfaces__rosidl_generator_c.dir/rosidl_generator_c/xplane_interfaces/msg/detail/uav_state__functions.c.o[0m
[1.282s] [  9%] [32mBuilding C object CMakeFiles/xplane_interfaces__rosidl_generator_c.dir/rosidl_generator_c/xplane_interfaces/msg/detail/uav_global_state__functions.c.o[0m
[1.282s] [  9%] [32mBuilding C object CMakeFiles/xplane_interfaces__rosidl_generator_c.dir/rosidl_generator_c/xplane_interfaces/msg/detail/uav_type__functions.c.o[0m
[1.282s] [  9%] [32mBuilding C object CMakeFiles/xplane_interfaces__rosidl_generator_c.dir/rosidl_generator_c/xplane_interfaces/msg/detail/uav_local_state__functions.c.o[0m
[1.282s] [  9%] [32mBuilding C object CMakeFiles/xplane_interfaces__rosidl_generator_c.dir/rosidl_generator_c/xplane_interfaces/msg/detail/uav_control__functions.c.o[0m
[1.282s] [ 11%] [34m[1mGenerating C++ type support dispatch for ROS interfaces[0m
[1.282s] [ 12%] [34m[1mGenerating C++ type support for eProsima Fast-RTPS[0m
[1.282s] [ 14%] [34m[1mGenerating C++ introspection for ROS interfaces[0m
[1.283s] [ 15%] [32mBuilding C object CMakeFiles/xplane_interfaces__rosidl_generator_c.dir/rosidl_generator_c/xplane_interfaces/msg/detail/uav_auto_pilot__functions.c.o[0m
[1.345s] [ 16%] [32m[1mLinking C shared library libxplane_interfaces__rosidl_generator_c.so[0m
[1.376s] [ 16%] Built target xplane_interfaces__rosidl_generator_c
[1.383s] [ 21%] [34m[1mGenerating C introspection for ROS interfaces[0m
[1.383s] [ 21%] [34m[1mGenerating C type support for eProsima Fast-RTPS[0m
[1.384s] [ 21%] [34m[1mGenerating C type support dispatch for ROS interfaces[0m
[1.506s] [35m[1mConsolidate compiler generated dependencies of target xplane_interfaces__rosidl_typesupport_cpp[0m
[1.517s] [ 28%] [32mBuilding CXX object CMakeFiles/xplane_interfaces__rosidl_typesupport_cpp.dir/rosidl_typesupport_cpp/xplane_interfaces/msg/uav_type__type_support.cpp.o[0m
[1.517s] [ 28%] [32mBuilding CXX object CMakeFiles/xplane_interfaces__rosidl_typesupport_cpp.dir/rosidl_typesupport_cpp/xplane_interfaces/msg/uav_global_state__type_support.cpp.o[0m
[1.517s] [ 28%] [32mBuilding CXX object CMakeFiles/xplane_interfaces__rosidl_typesupport_cpp.dir/rosidl_typesupport_cpp/xplane_interfaces/msg/uav_local_state__type_support.cpp.o[0m
[1.517s] [ 28%] [32mBuilding CXX object CMakeFiles/xplane_interfaces__rosidl_typesupport_cpp.dir/rosidl_typesupport_cpp/xplane_interfaces/msg/uav_control__type_support.cpp.o[0m
[1.517s] [ 28%] [32mBuilding CXX object CMakeFiles/xplane_interfaces__rosidl_typesupport_cpp.dir/rosidl_typesupport_cpp/xplane_interfaces/msg/uav_state__type_support.cpp.o[0m
[1.519s] [ 29%] [32mBuilding CXX object CMakeFiles/xplane_interfaces__rosidl_typesupport_cpp.dir/rosidl_typesupport_cpp/xplane_interfaces/msg/uav_auto_pilot__type_support.cpp.o[0m
[1.585s] [35m[1mConsolidate compiler generated dependencies of target xplane_interfaces__rosidl_typesupport_fastrtps_cpp[0m
[1.600s] [ 32%] [32mBuilding CXX object CMakeFiles/xplane_interfaces__rosidl_typesupport_fastrtps_cpp.dir/rosidl_typesupport_fastrtps_cpp/xplane_interfaces/msg/detail/dds_fastrtps/uav_state__type_support.cpp.o[0m
[1.600s] [ 32%] [32mBuilding CXX object CMakeFiles/xplane_interfaces__rosidl_typesupport_fastrtps_cpp.dir/rosidl_typesupport_fastrtps_cpp/xplane_interfaces/msg/detail/dds_fastrtps/uav_global_state__type_support.cpp.o[0m
[1.602s] [ 33%] [32mBuilding CXX object CMakeFiles/xplane_interfaces__rosidl_typesupport_fastrtps_cpp.dir/rosidl_typesupport_fastrtps_cpp/xplane_interfaces/msg/detail/dds_fastrtps/uav_local_state__type_support.cpp.o[0m
[1.603s] [ 35%] [32mBuilding CXX object CMakeFiles/xplane_interfaces__rosidl_typesupport_fastrtps_cpp.dir/rosidl_typesupport_fastrtps_cpp/xplane_interfaces/msg/detail/dds_fastrtps/uav_type__type_support.cpp.o[0m
[1.604s] [ 36%] [32mBuilding CXX object CMakeFiles/xplane_interfaces__rosidl_typesupport_fastrtps_cpp.dir/rosidl_typesupport_fastrtps_cpp/xplane_interfaces/msg/detail/dds_fastrtps/uav_auto_pilot__type_support.cpp.o[0m
[1.607s] [35m[1mConsolidate compiler generated dependencies of target xplane_interfaces__rosidl_typesupport_introspection_cpp[0m
[1.609s] [ 38%] [32mBuilding CXX object CMakeFiles/xplane_interfaces__rosidl_typesupport_fastrtps_cpp.dir/rosidl_typesupport_fastrtps_cpp/xplane_interfaces/msg/detail/dds_fastrtps/uav_control__type_support.cpp.o[0m
[1.623s] [ 40%] [32mBuilding CXX object CMakeFiles/xplane_interfaces__rosidl_typesupport_introspection_cpp.dir/rosidl_typesupport_introspection_cpp/xplane_interfaces/msg/detail/uav_global_state__type_support.cpp.o[0m
[1.623s] [ 40%] [32mBuilding CXX object CMakeFiles/xplane_interfaces__rosidl_typesupport_introspection_cpp.dir/rosidl_typesupport_introspection_cpp/xplane_interfaces/msg/detail/uav_state__type_support.cpp.o[0m
[1.623s] [ 43%] [32mBuilding CXX object CMakeFiles/xplane_interfaces__rosidl_typesupport_introspection_cpp.dir/rosidl_typesupport_introspection_cpp/xplane_interfaces/msg/detail/uav_auto_pilot__type_support.cpp.o[0m
[1.624s] [ 43%] [32mBuilding CXX object CMakeFiles/xplane_interfaces__rosidl_typesupport_introspection_cpp.dir/rosidl_typesupport_introspection_cpp/xplane_interfaces/msg/detail/uav_type__type_support.cpp.o[0m
[1.624s] [ 45%] [32mBuilding CXX object CMakeFiles/xplane_interfaces__rosidl_typesupport_introspection_cpp.dir/rosidl_typesupport_introspection_cpp/xplane_interfaces/msg/detail/uav_local_state__type_support.cpp.o[0m
[1.624s] [ 46%] [32mBuilding CXX object CMakeFiles/xplane_interfaces__rosidl_typesupport_introspection_cpp.dir/rosidl_typesupport_introspection_cpp/xplane_interfaces/msg/detail/uav_control__type_support.cpp.o[0m
[1.643s] [35m[1mConsolidate compiler generated dependencies of target xplane_interfaces__rosidl_typesupport_c[0m
[1.658s] [ 50%] [32mBuilding CXX object CMakeFiles/xplane_interfaces__rosidl_typesupport_c.dir/rosidl_typesupport_c/xplane_interfaces/msg/uav_state__type_support.cpp.o[0m
[1.658s] [ 50%] [32mBuilding CXX object CMakeFiles/xplane_interfaces__rosidl_typesupport_c.dir/rosidl_typesupport_c/xplane_interfaces/msg/uav_local_state__type_support.cpp.o[0m
[1.658s] [ 50%] [32mBuilding CXX object CMakeFiles/xplane_interfaces__rosidl_typesupport_c.dir/rosidl_typesupport_c/xplane_interfaces/msg/uav_type__type_support.cpp.o[0m
[1.678s] [ 52%] [32mBuilding CXX object CMakeFiles/xplane_interfaces__rosidl_typesupport_c.dir/rosidl_typesupport_c/xplane_interfaces/msg/uav_global_state__type_support.cpp.o[0m
[1.702s] [ 53%] [32mBuilding CXX object CMakeFiles/xplane_interfaces__rosidl_typesupport_c.dir/rosidl_typesupport_c/xplane_interfaces/msg/uav_control__type_support.cpp.o[0m
[1.710s] [ 54%] [32mBuilding CXX object CMakeFiles/xplane_interfaces__rosidl_typesupport_c.dir/rosidl_typesupport_c/xplane_interfaces/msg/uav_auto_pilot__type_support.cpp.o[0m
[1.751s] [ 56%] [32m[1mLinking CXX shared library libxplane_interfaces__rosidl_typesupport_c.so[0m
[1.809s] [ 56%] Built target xplane_interfaces__rosidl_typesupport_c
[1.824s] [35m[1mConsolidate compiler generated dependencies of target xplane_interfaces__rosidl_typesupport_introspection_c[0m
[1.837s] [ 57%] [32mBuilding C object CMakeFiles/xplane_interfaces__rosidl_typesupport_introspection_c.dir/rosidl_typesupport_introspection_c/xplane_interfaces/msg/detail/uav_state__type_support.c.o[0m
[1.838s] [ 59%] [32mBuilding C object CMakeFiles/xplane_interfaces__rosidl_typesupport_introspection_c.dir/rosidl_typesupport_introspection_c/xplane_interfaces/msg/detail/uav_global_state__type_support.c.o[0m
[1.842s] [ 60%] [32mBuilding C object CMakeFiles/xplane_interfaces__rosidl_typesupport_introspection_c.dir/rosidl_typesupport_introspection_c/xplane_interfaces/msg/detail/uav_auto_pilot__type_support.c.o[0m
[1.842s] [ 61%] [32mBuilding C object CMakeFiles/xplane_interfaces__rosidl_typesupport_introspection_c.dir/rosidl_typesupport_introspection_c/xplane_interfaces/msg/detail/uav_local_state__type_support.c.o[0m
[1.843s] [ 63%] [32mBuilding C object CMakeFiles/xplane_interfaces__rosidl_typesupport_introspection_c.dir/rosidl_typesupport_introspection_c/xplane_interfaces/msg/detail/uav_type__type_support.c.o[0m
[1.845s] [ 64%] [32mBuilding C object CMakeFiles/xplane_interfaces__rosidl_typesupport_introspection_c.dir/rosidl_typesupport_introspection_c/xplane_interfaces/msg/detail/uav_control__type_support.c.o[0m
[1.872s] [ 66%] [32m[1mLinking CXX shared library libxplane_interfaces__rosidl_typesupport_cpp.so[0m
[1.891s] [ 67%] [32m[1mLinking C shared library libxplane_interfaces__rosidl_typesupport_introspection_c.so[0m
[1.907s] [ 67%] Built target xplane_interfaces__rosidl_typesupport_cpp
[1.919s] [ 67%] Built target xplane_interfaces__rosidl_typesupport_introspection_c
[1.933s] [35m[1mConsolidate compiler generated dependencies of target xplane_interfaces__rosidl_typesupport_fastrtps_c[0m
[1.945s] [ 69%] [32mBuilding CXX object CMakeFiles/xplane_interfaces__rosidl_typesupport_fastrtps_c.dir/rosidl_typesupport_fastrtps_c/xplane_interfaces/msg/detail/uav_auto_pilot__type_support_c.cpp.o[0m
[1.946s] [ 70%] [32mBuilding CXX object CMakeFiles/xplane_interfaces__rosidl_typesupport_fastrtps_c.dir/rosidl_typesupport_fastrtps_c/xplane_interfaces/msg/detail/uav_state__type_support_c.cpp.o[0m
[1.946s] [ 71%] [32mBuilding CXX object CMakeFiles/xplane_interfaces__rosidl_typesupport_fastrtps_c.dir/rosidl_typesupport_fastrtps_c/xplane_interfaces/msg/detail/uav_local_state__type_support_c.cpp.o[0m
[1.946s] [ 73%] [32mBuilding CXX object CMakeFiles/xplane_interfaces__rosidl_typesupport_fastrtps_c.dir/rosidl_typesupport_fastrtps_c/xplane_interfaces/msg/detail/uav_global_state__type_support_c.cpp.o[0m
[1.947s] [ 74%] [32mBuilding CXX object CMakeFiles/xplane_interfaces__rosidl_typesupport_fastrtps_c.dir/rosidl_typesupport_fastrtps_c/xplane_interfaces/msg/detail/uav_control__type_support_c.cpp.o[0m
[1.947s] [ 76%] [32mBuilding CXX object CMakeFiles/xplane_interfaces__rosidl_typesupport_fastrtps_c.dir/rosidl_typesupport_fastrtps_c/xplane_interfaces/msg/detail/uav_type__type_support_c.cpp.o[0m
[2.109s] [ 77%] [32m[1mLinking CXX shared library libxplane_interfaces__rosidl_typesupport_introspection_cpp.so[0m
[2.110s] [ 78%] [32m[1mLinking CXX shared library libxplane_interfaces__rosidl_typesupport_fastrtps_cpp.so[0m
[2.155s] [ 78%] Built target xplane_interfaces__rosidl_typesupport_introspection_cpp
[2.166s] [ 78%] Built target xplane_interfaces__rosidl_typesupport_fastrtps_cpp
[2.310s] [ 80%] [32m[1mLinking CXX shared library libxplane_interfaces__rosidl_typesupport_fastrtps_c.so[0m
[2.356s] [ 80%] Built target xplane_interfaces__rosidl_typesupport_fastrtps_c
[2.370s] [ 80%] Built target xplane_interfaces
[2.382s] [ 81%] [34m[1mGenerating Python code for ROS interfaces[0m
[2.812s] [ 81%] Built target xplane_interfaces__py
[2.819s] [35m[1mConsolidate compiler generated dependencies of target xplane_interfaces__rosidl_generator_py[0m
[2.832s] [ 84%] [32mBuilding C object CMakeFiles/xplane_interfaces__rosidl_generator_py.dir/rosidl_generator_py/xplane_interfaces/msg/_uav_global_state_s.c.o[0m
[2.832s] [ 84%] [32mBuilding C object CMakeFiles/xplane_interfaces__rosidl_generator_py.dir/rosidl_generator_py/xplane_interfaces/msg/_uav_state_s.c.o[0m
[2.833s] [ 85%] [32mBuilding C object CMakeFiles/xplane_interfaces__rosidl_generator_py.dir/rosidl_generator_py/xplane_interfaces/msg/_uav_local_state_s.c.o[0m
[2.833s] [ 87%] [32mBuilding C object CMakeFiles/xplane_interfaces__rosidl_generator_py.dir/rosidl_generator_py/xplane_interfaces/msg/_uav_type_s.c.o[0m
[2.833s] [ 88%] [32mBuilding C object CMakeFiles/xplane_interfaces__rosidl_generator_py.dir/rosidl_generator_py/xplane_interfaces/msg/_uav_control_s.c.o[0m
[2.833s] [ 90%] [32mBuilding C object CMakeFiles/xplane_interfaces__rosidl_generator_py.dir/rosidl_generator_py/xplane_interfaces/msg/_uav_auto_pilot_s.c.o[0m
[2.914s] [ 91%] [32m[1mLinking C shared library rosidl_generator_py/xplane_interfaces/libxplane_interfaces__rosidl_generator_py.so[0m
[2.939s] [ 91%] Built target xplane_interfaces__rosidl_generator_py
[2.948s] [35m[1mConsolidate compiler generated dependencies of target xplane_interfaces__rosidl_typesupport_c__pyext[0m
[2.948s] [35m[1mConsolidate compiler generated dependencies of target xplane_interfaces__rosidl_typesupport_introspection_c__pyext[0m
[2.948s] [35m[1mConsolidate compiler generated dependencies of target xplane_interfaces__rosidl_typesupport_fastrtps_c__pyext[0m
[2.960s] [ 95%] [32mBuilding C object CMakeFiles/xplane_interfaces__rosidl_typesupport_fastrtps_c__pyext.dir/rosidl_generator_py/xplane_interfaces/_xplane_interfaces_s.ep.rosidl_typesupport_fastrtps_c.c.o[0m
[2.960s] [ 95%] [32mBuilding C object CMakeFiles/xplane_interfaces__rosidl_typesupport_introspection_c__pyext.dir/rosidl_generator_py/xplane_interfaces/_xplane_interfaces_s.ep.rosidl_typesupport_introspection_c.c.o[0m
[2.960s] [ 95%] [32mBuilding C object CMakeFiles/xplane_interfaces__rosidl_typesupport_c__pyext.dir/rosidl_generator_py/xplane_interfaces/_xplane_interfaces_s.ep.rosidl_typesupport_c.c.o[0m
[3.023s] [100%] [32m[1mLinking C shared library rosidl_generator_py/xplane_interfaces/xplane_interfaces_s__rosidl_typesupport_introspection_c.cpython-310-x86_64-linux-gnu.so[0m
[3.023s] [100%] [32m[1mLinking C shared library rosidl_generator_py/xplane_interfaces/xplane_interfaces_s__rosidl_typesupport_c.cpython-310-x86_64-linux-gnu.so[0m
[3.023s] [100%] [32m[1mLinking C shared library rosidl_generator_py/xplane_interfaces/xplane_interfaces_s__rosidl_typesupport_fastrtps_c.cpython-310-x86_64-linux-gnu.so[0m
[3.045s] [100%] Built target xplane_interfaces__rosidl_typesupport_c__pyext
[3.045s] [100%] Built target xplane_interfaces__rosidl_typesupport_fastrtps_c__pyext
[3.045s] [100%] Built target xplane_interfaces__rosidl_typesupport_introspection_c__pyext
[3.052s] Invoked command in '/home/uas/Documents/blue/git_repos/xplane_ros2/build/xplane_interfaces' returned '0': CMAKE_PREFIX_PATH=${CMAKE_PREFIX_PATH}:/home/uas/Documents/blue/git_repos/xplane_ros2/install/xplaneros2_main:/opt/ros/humble /usr/bin/cmake --build /home/uas/Documents/blue/git_repos/xplane_ros2/build/xplane_interfaces -- -j24 -l24
[3.151s] Invoking command in '/home/uas/Documents/blue/git_repos/xplane_ros2/build/xplane_interfaces': CMAKE_PREFIX_PATH=${CMAKE_PREFIX_PATH}:/home/uas/Documents/blue/git_repos/xplane_ros2/install/xplaneros2_main:/opt/ros/humble /usr/bin/cmake --install /home/uas/Documents/blue/git_repos/xplane_ros2/build/xplane_interfaces
[3.158s] -- Install configuration: ""
[3.158s] -- Installing: /home/uas/Documents/blue/git_repos/xplane_ros2/install/xplane_interfaces/share/ament_index/resource_index/rosidl_interfaces/xplane_interfaces
[3.158s] -- Up-to-date: /home/uas/Documents/blue/git_repos/xplane_ros2/install/xplane_interfaces/include/xplane_interfaces/xplane_interfaces
[3.158s] -- Up-to-date: /home/uas/Documents/blue/git_repos/xplane_ros2/install/xplane_interfaces/include/xplane_interfaces/xplane_interfaces/msg
[3.158s] -- Installing: /home/uas/Documents/blue/git_repos/xplane_ros2/install/xplane_interfaces/include/xplane_interfaces/xplane_interfaces/msg/uav_state.h
[3.158s] -- Installing: /home/uas/Documents/blue/git_repos/xplane_ros2/install/xplane_interfaces/include/xplane_interfaces/xplane_interfaces/msg/uav_local_state.h
[3.158s] -- Installing: /home/uas/Documents/blue/git_repos/xplane_ros2/install/xplane_interfaces/include/xplane_interfaces/xplane_interfaces/msg/uav_global_state.h
[3.158s] -- Installing: /home/uas/Documents/blue/git_repos/xplane_ros2/install/xplane_interfaces/include/xplane_interfaces/xplane_interfaces/msg/uav_type.h
[3.158s] -- Up-to-date: /home/uas/Documents/blue/git_repos/xplane_ros2/install/xplane_interfaces/include/xplane_interfaces/xplane_interfaces/msg/detail
[3.158s] -- Installing: /home/uas/Documents/blue/git_repos/xplane_ros2/install/xplane_interfaces/include/xplane_interfaces/xplane_interfaces/msg/detail/uav_control__struct.h
[3.158s] -- Installing: /home/uas/Documents/blue/git_repos/xplane_ros2/install/xplane_interfaces/include/xplane_interfaces/xplane_interfaces/msg/detail/uav_state__struct.h
[3.158s] -- Installing: /home/uas/Documents/blue/git_repos/xplane_ros2/install/xplane_interfaces/include/xplane_interfaces/xplane_interfaces/msg/detail/uav_state__functions.c
[3.158s] -- Installing: /home/uas/Documents/blue/git_repos/xplane_ros2/install/xplane_interfaces/include/xplane_interfaces/xplane_interfaces/msg/detail/uav_state__type_support.h
[3.158s] -- Installing: /home/uas/Documents/blue/git_repos/xplane_ros2/install/xplane_interfaces/include/xplane_interfaces/xplane_interfaces/msg/detail/uav_local_state__struct.h
[3.158s] -- Installing: /home/uas/Documents/blue/git_repos/xplane_ros2/install/xplane_interfaces/include/xplane_interfaces/xplane_interfaces/msg/detail/uav_type__type_support.h
[3.159s] -- Installing: /home/uas/Documents/blue/git_repos/xplane_ros2/install/xplane_interfaces/include/xplane_interfaces/xplane_interfaces/msg/detail/uav_global_state__struct.h
[3.159s] -- Installing: /home/uas/Documents/blue/git_repos/xplane_ros2/install/xplane_interfaces/include/xplane_interfaces/xplane_interfaces/msg/detail/uav_auto_pilot__functions.c
[3.159s] -- Installing: /home/uas/Documents/blue/git_repos/xplane_ros2/install/xplane_interfaces/include/xplane_interfaces/xplane_interfaces/msg/detail/uav_global_state__type_support.h
[3.159s] -- Installing: /home/uas/Documents/blue/git_repos/xplane_ros2/install/xplane_interfaces/include/xplane_interfaces/xplane_interfaces/msg/detail/uav_control__functions.h
[3.159s] -- Installing: /home/uas/Documents/blue/git_repos/xplane_ros2/install/xplane_interfaces/include/xplane_interfaces/xplane_interfaces/msg/detail/uav_global_state__functions.h
[3.159s] -- Installing: /home/uas/Documents/blue/git_repos/xplane_ros2/install/xplane_interfaces/include/xplane_interfaces/xplane_interfaces/msg/detail/uav_auto_pilot__struct.h
[3.159s] -- Installing: /home/uas/Documents/blue/git_repos/xplane_ros2/install/xplane_interfaces/include/xplane_interfaces/xplane_interfaces/msg/detail/uav_state__functions.h
[3.159s] -- Installing: /home/uas/Documents/blue/git_repos/xplane_ros2/install/xplane_interfaces/include/xplane_interfaces/xplane_interfaces/msg/detail/uav_type__functions.h
[3.159s] -- Installing: /home/uas/Documents/blue/git_repos/xplane_ros2/install/xplane_interfaces/include/xplane_interfaces/xplane_interfaces/msg/detail/uav_local_state__type_support.h
[3.159s] -- Installing: /home/uas/Documents/blue/git_repos/xplane_ros2/install/xplane_interfaces/include/xplane_interfaces/xplane_interfaces/msg/detail/uav_auto_pilot__functions.h
[3.159s] -- Installing: /home/uas/Documents/blue/git_repos/xplane_ros2/install/xplane_interfaces/include/xplane_interfaces/xplane_interfaces/msg/detail/uav_type__struct.h
[3.159s] -- Installing: /home/uas/Documents/blue/git_repos/xplane_ros2/install/xplane_interfaces/include/xplane_interfaces/xplane_interfaces/msg/detail/uav_control__functions.c
[3.159s] -- Installing: /home/uas/Documents/blue/git_repos/xplane_ros2/install/xplane_interfaces/include/xplane_interfaces/xplane_interfaces/msg/detail/uav_local_state__functions.h
[3.159s] -- Installing: /home/uas/Documents/blue/git_repos/xplane_ros2/install/xplane_interfaces/include/xplane_interfaces/xplane_interfaces/msg/detail/uav_control__type_support.h
[3.160s] -- Installing: /home/uas/Documents/blue/git_repos/xplane_ros2/install/xplane_interfaces/include/xplane_interfaces/xplane_interfaces/msg/detail/uav_local_state__functions.c
[3.160s] -- Installing: /home/uas/Documents/blue/git_repos/xplane_ros2/install/xplane_interfaces/include/xplane_interfaces/xplane_interfaces/msg/detail/uav_type__functions.c
[3.160s] -- Installing: /home/uas/Documents/blue/git_repos/xplane_ros2/install/xplane_interfaces/include/xplane_interfaces/xplane_interfaces/msg/detail/uav_auto_pilot__type_support.h
[3.160s] -- Installing: /home/uas/Documents/blue/git_repos/xplane_ros2/install/xplane_interfaces/include/xplane_interfaces/xplane_interfaces/msg/detail/uav_global_state__functions.c
[3.160s] -- Up-to-date: /home/uas/Documents/blue/git_repos/xplane_ros2/install/xplane_interfaces/include/xplane_interfaces/xplane_interfaces/msg/rosidl_generator_c__visibility_control.h
[3.160s] -- Installing: /home/uas/Documents/blue/git_repos/xplane_ros2/install/xplane_interfaces/include/xplane_interfaces/xplane_interfaces/msg/uav_control.h
[3.160s] -- Installing: /home/uas/Documents/blue/git_repos/xplane_ros2/install/xplane_interfaces/include/xplane_interfaces/xplane_interfaces/msg/uav_auto_pilot.h
[3.160s] -- Up-to-date: /home/uas/Documents/blue/git_repos/xplane_ros2/install/xplane_interfaces/share/xplane_interfaces/environment/library_path.sh
[3.160s] -- Installing: /home/uas/Documents/blue/git_repos/xplane_ros2/install/xplane_interfaces/share/xplane_interfaces/environment/library_path.dsv
[3.160s] -- Installing: /home/uas/Documents/blue/git_repos/xplane_ros2/install/xplane_interfaces/lib/libxplane_interfaces__rosidl_generator_c.so
[3.161s] -- Set runtime path of "/home/uas/Documents/blue/git_repos/xplane_ros2/install/xplane_interfaces/lib/libxplane_interfaces__rosidl_generator_c.so" to ""
[3.161s] -- Up-to-date: /home/uas/Documents/blue/git_repos/xplane_ros2/install/xplane_interfaces/include/xplane_interfaces/xplane_interfaces
[3.161s] -- Up-to-date: /home/uas/Documents/blue/git_repos/xplane_ros2/install/xplane_interfaces/include/xplane_interfaces/xplane_interfaces/msg
[3.162s] -- Up-to-date: /home/uas/Documents/blue/git_repos/xplane_ros2/install/xplane_interfaces/include/xplane_interfaces/xplane_interfaces/msg/rosidl_typesupport_fastrtps_c__visibility_control.h
[3.162s] -- Up-to-date: /home/uas/Documents/blue/git_repos/xplane_ros2/install/xplane_interfaces/include/xplane_interfaces/xplane_interfaces/msg/detail
[3.162s] -- Installing: /home/uas/Documents/blue/git_repos/xplane_ros2/install/xplane_interfaces/include/xplane_interfaces/xplane_interfaces/msg/detail/uav_state__rosidl_typesupport_fastrtps_c.h
[3.162s] -- Installing: /home/uas/Documents/blue/git_repos/xplane_ros2/install/xplane_interfaces/include/xplane_interfaces/xplane_interfaces/msg/detail/uav_auto_pilot__rosidl_typesupport_fastrtps_c.h
[3.162s] -- Installing: /home/uas/Documents/blue/git_repos/xplane_ros2/install/xplane_interfaces/include/xplane_interfaces/xplane_interfaces/msg/detail/uav_type__rosidl_typesupport_fastrtps_c.h
[3.163s] -- Installing: /home/uas/Documents/blue/git_repos/xplane_ros2/install/xplane_interfaces/include/xplane_interfaces/xplane_interfaces/msg/detail/uav_control__rosidl_typesupport_fastrtps_c.h
[3.163s] -- Installing: /home/uas/Documents/blue/git_repos/xplane_ros2/install/xplane_interfaces/include/xplane_interfaces/xplane_interfaces/msg/detail/uav_global_state__rosidl_typesupport_fastrtps_c.h
[3.163s] -- Installing: /home/uas/Documents/blue/git_repos/xplane_ros2/install/xplane_interfaces/include/xplane_interfaces/xplane_interfaces/msg/detail/uav_local_state__rosidl_typesupport_fastrtps_c.h
[3.164s] -- Installing: /home/uas/Documents/blue/git_repos/xplane_ros2/install/xplane_interfaces/lib/libxplane_interfaces__rosidl_typesupport_fastrtps_c.so
[3.164s] -- Set runtime path of "/home/uas/Documents/blue/git_repos/xplane_ros2/install/xplane_interfaces/lib/libxplane_interfaces__rosidl_typesupport_fastrtps_c.so" to ""
[3.164s] -- Up-to-date: /home/uas/Documents/blue/git_repos/xplane_ros2/install/xplane_interfaces/include/xplane_interfaces/xplane_interfaces
[3.165s] -- Up-to-date: /home/uas/Documents/blue/git_repos/xplane_ros2/install/xplane_interfaces/include/xplane_interfaces/xplane_interfaces/msg
[3.165s] -- Installing: /home/uas/Documents/blue/git_repos/xplane_ros2/install/xplane_interfaces/include/xplane_interfaces/xplane_interfaces/msg/uav_state.hpp
[3.165s] -- Installing: /home/uas/Documents/blue/git_repos/xplane_ros2/install/xplane_interfaces/include/xplane_interfaces/xplane_interfaces/msg/uav_auto_pilot.hpp
[3.165s] -- Installing: /home/uas/Documents/blue/git_repos/xplane_ros2/install/xplane_interfaces/include/xplane_interfaces/xplane_interfaces/msg/uav_global_state.hpp
[3.166s] -- Installing: /home/uas/Documents/blue/git_repos/xplane_ros2/install/xplane_interfaces/include/xplane_interfaces/xplane_interfaces/msg/uav_local_state.hpp
[3.166s] -- Installing: /home/uas/Documents/blue/git_repos/xplane_ros2/install/xplane_interfaces/include/xplane_interfaces/xplane_interfaces/msg/uav_control.hpp
[3.166s] -- Installing: /home/uas/Documents/blue/git_repos/xplane_ros2/install/xplane_interfaces/include/xplane_interfaces/xplane_interfaces/msg/uav_type.hpp
[3.167s] -- Up-to-date: /home/uas/Documents/blue/git_repos/xplane_ros2/install/xplane_interfaces/include/xplane_interfaces/xplane_interfaces/msg/detail
[3.167s] -- Installing: /home/uas/Documents/blue/git_repos/xplane_ros2/install/xplane_interfaces/include/xplane_interfaces/xplane_interfaces/msg/detail/uav_state__traits.hpp
[3.167s] -- Installing: /home/uas/Documents/blue/git_repos/xplane_ros2/install/xplane_interfaces/include/xplane_interfaces/xplane_interfaces/msg/detail/uav_control__struct.hpp
[3.167s] -- Installing: /home/uas/Documents/blue/git_repos/xplane_ros2/install/xplane_interfaces/include/xplane_interfaces/xplane_interfaces/msg/detail/uav_state__struct.hpp
[3.168s] -- Installing: /home/uas/Documents/blue/git_repos/xplane_ros2/install/xplane_interfaces/include/xplane_interfaces/xplane_interfaces/msg/detail/uav_type__builder.hpp
[3.168s] -- Installing: /home/uas/Documents/blue/git_repos/xplane_ros2/install/xplane_interfaces/include/xplane_interfaces/xplane_interfaces/msg/detail/uav_local_state__builder.hpp
[3.168s] -- Installing: /home/uas/Documents/blue/git_repos/xplane_ros2/install/xplane_interfaces/include/xplane_interfaces/xplane_interfaces/msg/detail/uav_local_state__struct.hpp
[3.168s] -- Installing: /home/uas/Documents/blue/git_repos/xplane_ros2/install/xplane_interfaces/include/xplane_interfaces/xplane_interfaces/msg/detail/uav_global_state__traits.hpp
[3.169s] -- Installing: /home/uas/Documents/blue/git_repos/xplane_ros2/install/xplane_interfaces/include/xplane_interfaces/xplane_interfaces/msg/detail/uav_type__struct.hpp
[3.169s] -- Installing: /home/uas/Documents/blue/git_repos/xplane_ros2/install/xplane_interfaces/include/xplane_interfaces/xplane_interfaces/msg/detail/uav_control__builder.hpp
[3.169s] -- Installing: /home/uas/Documents/blue/git_repos/xplane_ros2/install/xplane_interfaces/include/xplane_interfaces/xplane_interfaces/msg/detail/uav_local_state__traits.hpp
[3.169s] -- Installing: /home/uas/Documents/blue/git_repos/xplane_ros2/install/xplane_interfaces/include/xplane_interfaces/xplane_interfaces/msg/detail/uav_global_state__builder.hpp
[3.170s] -- Installing: /home/uas/Documents/blue/git_repos/xplane_ros2/install/xplane_interfaces/include/xplane_interfaces/xplane_interfaces/msg/detail/uav_global_state__struct.hpp
[3.170s] -- Installing: /home/uas/Documents/blue/git_repos/xplane_ros2/install/xplane_interfaces/include/xplane_interfaces/xplane_interfaces/msg/detail/uav_auto_pilot__traits.hpp
[3.170s] -- Installing: /home/uas/Documents/blue/git_repos/xplane_ros2/install/xplane_interfaces/include/xplane_interfaces/xplane_interfaces/msg/detail/uav_type__traits.hpp
[3.170s] -- Installing: /home/uas/Documents/blue/git_repos/xplane_ros2/install/xplane_interfaces/include/xplane_interfaces/xplane_interfaces/msg/detail/uav_auto_pilot__struct.hpp
[3.170s] -- Installing: /home/uas/Documents/blue/git_repos/xplane_ros2/install/xplane_interfaces/include/xplane_interfaces/xplane_interfaces/msg/detail/uav_control__traits.hpp
[3.170s] -- Installing: /home/uas/Documents/blue/git_repos/xplane_ros2/install/xplane_interfaces/include/xplane_interfaces/xplane_interfaces/msg/detail/uav_auto_pilot__builder.hpp
[3.170s] -- Installing: /home/uas/Documents/blue/git_repos/xplane_ros2/install/xplane_interfaces/include/xplane_interfaces/xplane_interfaces/msg/detail/uav_state__builder.hpp
[3.171s] -- Up-to-date: /home/uas/Documents/blue/git_repos/xplane_ros2/install/xplane_interfaces/include/xplane_interfaces/xplane_interfaces
[3.171s] -- Up-to-date: /home/uas/Documents/blue/git_repos/xplane_ros2/install/xplane_interfaces/include/xplane_interfaces/xplane_interfaces/msg
[3.171s] -- Up-to-date: /home/uas/Documents/blue/git_repos/xplane_ros2/install/xplane_interfaces/include/xplane_interfaces/xplane_interfaces/msg/rosidl_typesupport_fastrtps_cpp__visibility_control.h
[3.171s] -- Up-to-date: /home/uas/Documents/blue/git_repos/xplane_ros2/install/xplane_interfaces/include/xplane_interfaces/xplane_interfaces/msg/detail
[3.171s] -- Installing: /home/uas/Documents/blue/git_repos/xplane_ros2/install/xplane_interfaces/include/xplane_interfaces/xplane_interfaces/msg/detail/uav_type__rosidl_typesupport_fastrtps_cpp.hpp
[3.171s] -- Installing: /home/uas/Documents/blue/git_repos/xplane_ros2/install/xplane_interfaces/include/xplane_interfaces/xplane_interfaces/msg/detail/uav_control__rosidl_typesupport_fastrtps_cpp.hpp
[3.171s] -- Installing: /home/uas/Documents/blue/git_repos/xplane_ros2/install/xplane_interfaces/include/xplane_interfaces/xplane_interfaces/msg/detail/uav_global_state__rosidl_typesupport_fastrtps_cpp.hpp
[3.171s] -- Installing: /home/uas/Documents/blue/git_repos/xplane_ros2/install/xplane_interfaces/include/xplane_interfaces/xplane_interfaces/msg/detail/uav_local_state__rosidl_typesupport_fastrtps_cpp.hpp
[3.171s] -- Installing: /home/uas/Documents/blue/git_repos/xplane_ros2/install/xplane_interfaces/include/xplane_interfaces/xplane_interfaces/msg/detail/uav_auto_pilot__rosidl_typesupport_fastrtps_cpp.hpp
[3.172s] -- Up-to-date: /home/uas/Documents/blue/git_repos/xplane_ros2/install/xplane_interfaces/include/xplane_interfaces/xplane_interfaces/msg/detail/dds_fastrtps
[3.172s] -- Installing: /home/uas/Documents/blue/git_repos/xplane_ros2/install/xplane_interfaces/include/xplane_interfaces/xplane_interfaces/msg/detail/uav_state__rosidl_typesupport_fastrtps_cpp.hpp
[3.172s] -- Installing: /home/uas/Documents/blue/git_repos/xplane_ros2/install/xplane_interfaces/lib/libxplane_interfaces__rosidl_typesupport_fastrtps_cpp.so
[3.172s] -- Set runtime path of "/home/uas/Documents/blue/git_repos/xplane_ros2/install/xplane_interfaces/lib/libxplane_interfaces__rosidl_typesupport_fastrtps_cpp.so" to ""
[3.172s] -- Up-to-date: /home/uas/Documents/blue/git_repos/xplane_ros2/install/xplane_interfaces/include/xplane_interfaces/xplane_interfaces
[3.172s] -- Up-to-date: /home/uas/Documents/blue/git_repos/xplane_ros2/install/xplane_interfaces/include/xplane_interfaces/xplane_interfaces/msg
[3.172s] -- Up-to-date: /home/uas/Documents/blue/git_repos/xplane_ros2/install/xplane_interfaces/include/xplane_interfaces/xplane_interfaces/msg/rosidl_typesupport_introspection_c__visibility_control.h
[3.172s] -- Up-to-date: /home/uas/Documents/blue/git_repos/xplane_ros2/install/xplane_interfaces/include/xplane_interfaces/xplane_interfaces/msg/detail
[3.172s] -- Installing: /home/uas/Documents/blue/git_repos/xplane_ros2/install/xplane_interfaces/include/xplane_interfaces/xplane_interfaces/msg/detail/uav_local_state__type_support.c
[3.172s] -- Installing: /home/uas/Documents/blue/git_repos/xplane_ros2/install/xplane_interfaces/include/xplane_interfaces/xplane_interfaces/msg/detail/uav_auto_pilot__type_support.c
[3.172s] -- Installing: /home/uas/Documents/blue/git_repos/xplane_ros2/install/xplane_interfaces/include/xplane_interfaces/xplane_interfaces/msg/detail/uav_type__rosidl_typesupport_introspection_c.h
[3.172s] -- Installing: /home/uas/Documents/blue/git_repos/xplane_ros2/install/xplane_interfaces/include/xplane_interfaces/xplane_interfaces/msg/detail/uav_control__rosidl_typesupport_introspection_c.h
[3.173s] -- Installing: /home/uas/Documents/blue/git_repos/xplane_ros2/install/xplane_interfaces/include/xplane_interfaces/xplane_interfaces/msg/detail/uav_auto_pilot__rosidl_typesupport_introspection_c.h
[3.173s] -- Installing: /home/uas/Documents/blue/git_repos/xplane_ros2/install/xplane_interfaces/include/xplane_interfaces/xplane_interfaces/msg/detail/uav_global_state__type_support.c
[3.173s] -- Installing: /home/uas/Documents/blue/git_repos/xplane_ros2/install/xplane_interfaces/include/xplane_interfaces/xplane_interfaces/msg/detail/uav_state__type_support.c
[3.173s] -- Installing: /home/uas/Documents/blue/git_repos/xplane_ros2/install/xplane_interfaces/include/xplane_interfaces/xplane_interfaces/msg/detail/uav_control__type_support.c
[3.173s] -- Installing: /home/uas/Documents/blue/git_repos/xplane_ros2/install/xplane_interfaces/include/xplane_interfaces/xplane_interfaces/msg/detail/uav_global_state__rosidl_typesupport_introspection_c.h
[3.173s] -- Installing: /home/uas/Documents/blue/git_repos/xplane_ros2/install/xplane_interfaces/include/xplane_interfaces/xplane_interfaces/msg/detail/uav_state__rosidl_typesupport_introspection_c.h
[3.173s] -- Installing: /home/uas/Documents/blue/git_repos/xplane_ros2/install/xplane_interfaces/include/xplane_interfaces/xplane_interfaces/msg/detail/uav_type__type_support.c
[3.173s] -- Installing: /home/uas/Documents/blue/git_repos/xplane_ros2/install/xplane_interfaces/include/xplane_interfaces/xplane_interfaces/msg/detail/uav_local_state__rosidl_typesupport_introspection_c.h
[3.173s] -- Installing: /home/uas/Documents/blue/git_repos/xplane_ros2/install/xplane_interfaces/lib/libxplane_interfaces__rosidl_typesupport_introspection_c.so
[3.173s] -- Set runtime path of "/home/uas/Documents/blue/git_repos/xplane_ros2/install/xplane_interfaces/lib/libxplane_interfaces__rosidl_typesupport_introspection_c.so" to ""
[3.173s] -- Installing: /home/uas/Documents/blue/git_repos/xplane_ros2/install/xplane_interfaces/lib/libxplane_interfaces__rosidl_typesupport_c.so
[3.173s] -- Set runtime path of "/home/uas/Documents/blue/git_repos/xplane_ros2/install/xplane_interfaces/lib/libxplane_interfaces__rosidl_typesupport_c.so" to ""
[3.173s] -- Up-to-date: /home/uas/Documents/blue/git_repos/xplane_ros2/install/xplane_interfaces/include/xplane_interfaces/xplane_interfaces
[3.174s] -- Up-to-date: /home/uas/Documents/blue/git_repos/xplane_ros2/install/xplane_interfaces/include/xplane_interfaces/xplane_interfaces/msg
[3.174s] -- Up-to-date: /home/uas/Documents/blue/git_repos/xplane_ros2/install/xplane_interfaces/include/xplane_interfaces/xplane_interfaces/msg/detail
[3.174s] -- Installing: /home/uas/Documents/blue/git_repos/xplane_ros2/install/xplane_interfaces/include/xplane_interfaces/xplane_interfaces/msg/detail/uav_type__rosidl_typesupport_introspection_cpp.hpp
[3.174s] -- Installing: /home/uas/Documents/blue/git_repos/xplane_ros2/install/xplane_interfaces/include/xplane_interfaces/xplane_interfaces/msg/detail/uav_state__type_support.cpp
[3.174s] -- Installing: /home/uas/Documents/blue/git_repos/xplane_ros2/install/xplane_interfaces/include/xplane_interfaces/xplane_interfaces/msg/detail/uav_control__type_support.cpp
[3.174s] -- Installing: /home/uas/Documents/blue/git_repos/xplane_ros2/install/xplane_interfaces/include/xplane_interfaces/xplane_interfaces/msg/detail/uav_local_state__type_support.cpp
[3.174s] -- Installing: /home/uas/Documents/blue/git_repos/xplane_ros2/install/xplane_interfaces/include/xplane_interfaces/xplane_interfaces/msg/detail/uav_auto_pilot__type_support.cpp
[3.174s] -- Installing: /home/uas/Documents/blue/git_repos/xplane_ros2/install/xplane_interfaces/include/xplane_interfaces/xplane_interfaces/msg/detail/uav_global_state__type_support.cpp
[3.174s] -- Installing: /home/uas/Documents/blue/git_repos/xplane_ros2/install/xplane_interfaces/include/xplane_interfaces/xplane_interfaces/msg/detail/uav_local_state__rosidl_typesupport_introspection_cpp.hpp
[3.174s] -- Installing: /home/uas/Documents/blue/git_repos/xplane_ros2/install/xplane_interfaces/include/xplane_interfaces/xplane_interfaces/msg/detail/uav_global_state__rosidl_typesupport_introspection_cpp.hpp
[3.174s] -- Installing: /home/uas/Documents/blue/git_repos/xplane_ros2/install/xplane_interfaces/include/xplane_interfaces/xplane_interfaces/msg/detail/uav_control__rosidl_typesupport_introspection_cpp.hpp
[3.174s] -- Installing: /home/uas/Documents/blue/git_repos/xplane_ros2/install/xplane_interfaces/include/xplane_interfaces/xplane_interfaces/msg/detail/uav_auto_pilot__rosidl_typesupport_introspection_cpp.hpp
[3.174s] -- Installing: /home/uas/Documents/blue/git_repos/xplane_ros2/install/xplane_interfaces/include/xplane_interfaces/xplane_interfaces/msg/detail/uav_state__rosidl_typesupport_introspection_cpp.hpp
[3.174s] -- Installing: /home/uas/Documents/blue/git_repos/xplane_ros2/install/xplane_interfaces/include/xplane_interfaces/xplane_interfaces/msg/detail/uav_type__type_support.cpp
[3.175s] -- Installing: /home/uas/Documents/blue/git_repos/xplane_ros2/install/xplane_interfaces/lib/libxplane_interfaces__rosidl_typesupport_introspection_cpp.so
[3.175s] -- Set runtime path of "/home/uas/Documents/blue/git_repos/xplane_ros2/install/xplane_interfaces/lib/libxplane_interfaces__rosidl_typesupport_introspection_cpp.so" to ""
[3.175s] -- Installing: /home/uas/Documents/blue/git_repos/xplane_ros2/install/xplane_interfaces/lib/libxplane_interfaces__rosidl_typesupport_cpp.so
[3.175s] -- Set runtime path of "/home/uas/Documents/blue/git_repos/xplane_ros2/install/xplane_interfaces/lib/libxplane_interfaces__rosidl_typesupport_cpp.so" to ""
[3.175s] -- Up-to-date: /home/uas/Documents/blue/git_repos/xplane_ros2/install/xplane_interfaces/share/xplane_interfaces/environment/pythonpath.sh
[3.175s] -- Installing: /home/uas/Documents/blue/git_repos/xplane_ros2/install/xplane_interfaces/share/xplane_interfaces/environment/pythonpath.dsv
[3.175s] -- Up-to-date: /home/uas/Documents/blue/git_repos/xplane_ros2/install/xplane_interfaces/local/lib/python3.10/dist-packages/xplane_interfaces-0.0.0-py3.10.egg-info
[3.175s] -- Installing: /home/uas/Documents/blue/git_repos/xplane_ros2/install/xplane_interfaces/local/lib/python3.10/dist-packages/xplane_interfaces-0.0.0-py3.10.egg-info/dependency_links.txt
[3.175s] -- Installing: /home/uas/Documents/blue/git_repos/xplane_ros2/install/xplane_interfaces/local/lib/python3.10/dist-packages/xplane_interfaces-0.0.0-py3.10.egg-info/SOURCES.txt
[3.175s] -- Installing: /home/uas/Documents/blue/git_repos/xplane_ros2/install/xplane_interfaces/local/lib/python3.10/dist-packages/xplane_interfaces-0.0.0-py3.10.egg-info/top_level.txt
[3.175s] -- Installing: /home/uas/Documents/blue/git_repos/xplane_ros2/install/xplane_interfaces/local/lib/python3.10/dist-packages/xplane_interfaces-0.0.0-py3.10.egg-info/PKG-INFO
[3.175s] -- Up-to-date: /home/uas/Documents/blue/git_repos/xplane_ros2/install/xplane_interfaces/local/lib/python3.10/dist-packages/xplane_interfaces
[3.175s] -- Installing: /home/uas/Documents/blue/git_repos/xplane_ros2/install/xplane_interfaces/local/lib/python3.10/dist-packages/xplane_interfaces/xplane_interfaces_s__rosidl_typesupport_fastrtps_c.cpython-310-x86_64-linux-gnu.so
[3.175s] -- Installing: /home/uas/Documents/blue/git_repos/xplane_ros2/install/xplane_interfaces/local/lib/python3.10/dist-packages/xplane_interfaces/_xplane_interfaces_s.ep.rosidl_typesupport_fastrtps_c.c
[3.175s] -- Installing: /home/uas/Documents/blue/git_repos/xplane_ros2/install/xplane_interfaces/local/lib/python3.10/dist-packages/xplane_interfaces/xplane_interfaces_s__rosidl_typesupport_introspection_c.cpython-310-x86_64-linux-gnu.so
[3.175s] -- Up-to-date: /home/uas/Documents/blue/git_repos/xplane_ros2/install/xplane_interfaces/local/lib/python3.10/dist-packages/xplane_interfaces/msg
[3.176s] -- Installing: /home/uas/Documents/blue/git_repos/xplane_ros2/install/xplane_interfaces/local/lib/python3.10/dist-packages/xplane_interfaces/msg/_uav_global_state.py
[3.176s] -- Installing: /home/uas/Documents/blue/git_repos/xplane_ros2/install/xplane_interfaces/local/lib/python3.10/dist-packages/xplane_interfaces/msg/_uav_control_s.c
[3.176s] -- Installing: /home/uas/Documents/blue/git_repos/xplane_ros2/install/xplane_interfaces/local/lib/python3.10/dist-packages/xplane_interfaces/msg/_uav_auto_pilot_s.c
[3.176s] -- Installing: /home/uas/Documents/blue/git_repos/xplane_ros2/install/xplane_interfaces/local/lib/python3.10/dist-packages/xplane_interfaces/msg/_uav_type_s.c
[3.176s] -- Installing: /home/uas/Documents/blue/git_repos/xplane_ros2/install/xplane_interfaces/local/lib/python3.10/dist-packages/xplane_interfaces/msg/_uav_type.py
[3.176s] -- Installing: /home/uas/Documents/blue/git_repos/xplane_ros2/install/xplane_interfaces/local/lib/python3.10/dist-packages/xplane_interfaces/msg/_uav_local_state.py
[3.176s] -- Installing: /home/uas/Documents/blue/git_repos/xplane_ros2/install/xplane_interfaces/local/lib/python3.10/dist-packages/xplane_interfaces/msg/_uav_state_s.c
[3.176s] -- Installing: /home/uas/Documents/blue/git_repos/xplane_ros2/install/xplane_interfaces/local/lib/python3.10/dist-packages/xplane_interfaces/msg/_uav_state.py
[3.176s] -- Installing: /home/uas/Documents/blue/git_repos/xplane_ros2/install/xplane_interfaces/local/lib/python3.10/dist-packages/xplane_interfaces/msg/_uav_global_state_s.c
[3.176s] -- Installing: /home/uas/Documents/blue/git_repos/xplane_ros2/install/xplane_interfaces/local/lib/python3.10/dist-packages/xplane_interfaces/msg/_uav_local_state_s.c
[3.176s] -- Installing: /home/uas/Documents/blue/git_repos/xplane_ros2/install/xplane_interfaces/local/lib/python3.10/dist-packages/xplane_interfaces/msg/_uav_auto_pilot.py
[3.176s] -- Installing: /home/uas/Documents/blue/git_repos/xplane_ros2/install/xplane_interfaces/local/lib/python3.10/dist-packages/xplane_interfaces/msg/__init__.py
[3.176s] -- Installing: /home/uas/Documents/blue/git_repos/xplane_ros2/install/xplane_interfaces/local/lib/python3.10/dist-packages/xplane_interfaces/msg/_uav_control.py
[3.176s] -- Installing: /home/uas/Documents/blue/git_repos/xplane_ros2/install/xplane_interfaces/local/lib/python3.10/dist-packages/xplane_interfaces/_xplane_interfaces_s.ep.rosidl_typesupport_c.c
[3.176s] -- Installing: /home/uas/Documents/blue/git_repos/xplane_ros2/install/xplane_interfaces/local/lib/python3.10/dist-packages/xplane_interfaces/xplane_interfaces_s__rosidl_typesupport_c.cpython-310-x86_64-linux-gnu.so
[3.176s] -- Installing: /home/uas/Documents/blue/git_repos/xplane_ros2/install/xplane_interfaces/local/lib/python3.10/dist-packages/xplane_interfaces/_xplane_interfaces_s.ep.rosidl_typesupport_introspection_c.c
[3.176s] -- Installing: /home/uas/Documents/blue/git_repos/xplane_ros2/install/xplane_interfaces/local/lib/python3.10/dist-packages/xplane_interfaces/libxplane_interfaces__rosidl_generator_py.so
[3.177s] -- Installing: /home/uas/Documents/blue/git_repos/xplane_ros2/install/xplane_interfaces/local/lib/python3.10/dist-packages/xplane_interfaces/__init__.py
[3.201s] Listing '/home/uas/Documents/blue/git_repos/xplane_ros2/install/xplane_interfaces/local/lib/python3.10/dist-packages/xplane_interfaces'...
[3.201s] Compiling '/home/uas/Documents/blue/git_repos/xplane_ros2/install/xplane_interfaces/local/lib/python3.10/dist-packages/xplane_interfaces/__init__.py'...
[3.201s] Listing '/home/uas/Documents/blue/git_repos/xplane_ros2/install/xplane_interfaces/local/lib/python3.10/dist-packages/xplane_interfaces/msg'...
[3.201s] Compiling '/home/uas/Documents/blue/git_repos/xplane_ros2/install/xplane_interfaces/local/lib/python3.10/dist-packages/xplane_interfaces/msg/__init__.py'...
[3.202s] Compiling '/home/uas/Documents/blue/git_repos/xplane_ros2/install/xplane_interfaces/local/lib/python3.10/dist-packages/xplane_interfaces/msg/_uav_auto_pilot.py'...
[3.202s] Compiling '/home/uas/Documents/blue/git_repos/xplane_ros2/install/xplane_interfaces/local/lib/python3.10/dist-packages/xplane_interfaces/msg/_uav_control.py'...
[3.202s] Compiling '/home/uas/Documents/blue/git_repos/xplane_ros2/install/xplane_interfaces/local/lib/python3.10/dist-packages/xplane_interfaces/msg/_uav_global_state.py'...
[3.202s] Compiling '/home/uas/Documents/blue/git_repos/xplane_ros2/install/xplane_interfaces/local/lib/python3.10/dist-packages/xplane_interfaces/msg/_uav_local_state.py'...
[3.202s] Compiling '/home/uas/Documents/blue/git_repos/xplane_ros2/install/xplane_interfaces/local/lib/python3.10/dist-packages/xplane_interfaces/msg/_uav_state.py'...
[3.202s] Compiling '/home/uas/Documents/blue/git_repos/xplane_ros2/install/xplane_interfaces/local/lib/python3.10/dist-packages/xplane_interfaces/msg/_uav_type.py'...
[3.204s] -- Installing: /home/uas/Documents/blue/git_repos/xplane_ros2/install/xplane_interfaces/local/lib/python3.10/dist-packages/xplane_interfaces/xplane_interfaces_s__rosidl_typesupport_fastrtps_c.cpython-310-x86_64-linux-gnu.so
[3.204s] -- Set runtime path of "/home/uas/Documents/blue/git_repos/xplane_ros2/install/xplane_interfaces/local/lib/python3.10/dist-packages/xplane_interfaces/xplane_interfaces_s__rosidl_typesupport_fastrtps_c.cpython-310-x86_64-linux-gnu.so" to ""
[3.204s] -- Installing: /home/uas/Documents/blue/git_repos/xplane_ros2/install/xplane_interfaces/local/lib/python3.10/dist-packages/xplane_interfaces/xplane_interfaces_s__rosidl_typesupport_introspection_c.cpython-310-x86_64-linux-gnu.so
[3.205s] -- Set runtime path of "/home/uas/Documents/blue/git_repos/xplane_ros2/install/xplane_interfaces/local/lib/python3.10/dist-packages/xplane_interfaces/xplane_interfaces_s__rosidl_typesupport_introspection_c.cpython-310-x86_64-linux-gnu.so" to ""
[3.205s] -- Installing: /home/uas/Documents/blue/git_repos/xplane_ros2/install/xplane_interfaces/local/lib/python3.10/dist-packages/xplane_interfaces/xplane_interfaces_s__rosidl_typesupport_c.cpython-310-x86_64-linux-gnu.so
[3.205s] -- Set runtime path of "/home/uas/Documents/blue/git_repos/xplane_ros2/install/xplane_interfaces/local/lib/python3.10/dist-packages/xplane_interfaces/xplane_interfaces_s__rosidl_typesupport_c.cpython-310-x86_64-linux-gnu.so" to ""
[3.205s] -- Installing: /home/uas/Documents/blue/git_repos/xplane_ros2/install/xplane_interfaces/lib/libxplane_interfaces__rosidl_generator_py.so
[3.205s] -- Set runtime path of "/home/uas/Documents/blue/git_repos/xplane_ros2/install/xplane_interfaces/lib/libxplane_interfaces__rosidl_generator_py.so" to ""
[3.205s] -- Up-to-date: /home/uas/Documents/blue/git_repos/xplane_ros2/install/xplane_interfaces/share/xplane_interfaces/msg/UAVState.idl
[3.205s] -- Up-to-date: /home/uas/Documents/blue/git_repos/xplane_ros2/install/xplane_interfaces/share/xplane_interfaces/msg/UAVGlobalState.idl
[3.205s] -- Up-to-date: /home/uas/Documents/blue/git_repos/xplane_ros2/install/xplane_interfaces/share/xplane_interfaces/msg/UAVLocalState.idl
[3.205s] -- Up-to-date: /home/uas/Documents/blue/git_repos/xplane_ros2/install/xplane_interfaces/share/xplane_interfaces/msg/UAVType.idl
[3.205s] -- Up-to-date: /home/uas/Documents/blue/git_repos/xplane_ros2/install/xplane_interfaces/share/xplane_interfaces/msg/UAVControl.idl
[3.205s] -- Installing: /home/uas/Documents/blue/git_repos/xplane_ros2/install/xplane_interfaces/share/xplane_interfaces/msg/UAVAutoPilot.idl
[3.206s] -- Up-to-date: /home/uas/Documents/blue/git_repos/xplane_ros2/install/xplane_interfaces/share/xplane_interfaces/msg/UAVState.msg
[3.206s] -- Up-to-date: /home/uas/Documents/blue/git_repos/xplane_ros2/install/xplane_interfaces/share/xplane_interfaces/msg/UAVGlobalState.msg
[3.206s] -- Up-to-date: /home/uas/Documents/blue/git_repos/xplane_ros2/install/xplane_interfaces/share/xplane_interfaces/msg/UAVLocalState.msg
[3.206s] -- Up-to-date: /home/uas/Documents/blue/git_repos/xplane_ros2/install/xplane_interfaces/share/xplane_interfaces/msg/UAVType.msg
[3.206s] -- Up-to-date: /home/uas/Documents/blue/git_repos/xplane_ros2/install/xplane_interfaces/share/xplane_interfaces/msg/UAVControl.msg
[3.206s] -- Installing: /home/uas/Documents/blue/git_repos/xplane_ros2/install/xplane_interfaces/share/xplane_interfaces/msg/UAVAutoPilot.msg
[3.206s] -- Up-to-date: /home/uas/Documents/blue/git_repos/xplane_ros2/install/xplane_interfaces/share/ament_index/resource_index/package_run_dependencies/xplane_interfaces
[3.206s] -- Up-to-date: /home/uas/Documents/blue/git_repos/xplane_ros2/install/xplane_interfaces/share/ament_index/resource_index/parent_prefix_path/xplane_interfaces
[3.206s] -- Up-to-date: /home/uas/Documents/blue/git_repos/xplane_ros2/install/xplane_interfaces/share/xplane_interfaces/environment/ament_prefix_path.sh
[3.206s] -- Installing: /home/uas/Documents/blue/git_repos/xplane_ros2/install/xplane_interfaces/share/xplane_interfaces/environment/ament_prefix_path.dsv
[3.206s] -- Up-to-date: /home/uas/Documents/blue/git_repos/xplane_ros2/install/xplane_interfaces/share/xplane_interfaces/environment/path.sh
[3.207s] -- Installing: /home/uas/Documents/blue/git_repos/xplane_ros2/install/xplane_interfaces/share/xplane_interfaces/environment/path.dsv
[3.207s] -- Up-to-date: /home/uas/Documents/blue/git_repos/xplane_ros2/install/xplane_interfaces/share/xplane_interfaces/local_setup.bash
[3.207s] -- Up-to-date: /home/uas/Documents/blue/git_repos/xplane_ros2/install/xplane_interfaces/share/xplane_interfaces/local_setup.sh
[3.207s] -- Up-to-date: /home/uas/Documents/blue/git_repos/xplane_ros2/install/xplane_interfaces/share/xplane_interfaces/local_setup.zsh
[3.207s] -- Installing: /home/uas/Documents/blue/git_repos/xplane_ros2/install/xplane_interfaces/share/xplane_interfaces/local_setup.dsv
[3.207s] -- Installing: /home/uas/Documents/blue/git_repos/xplane_ros2/install/xplane_interfaces/share/xplane_interfaces/package.dsv
[3.207s] -- Up-to-date: /home/uas/Documents/blue/git_repos/xplane_ros2/install/xplane_interfaces/share/ament_index/resource_index/packages/xplane_interfaces
[3.207s] -- Up-to-date: /home/uas/Documents/blue/git_repos/xplane_ros2/install/xplane_interfaces/share/xplane_interfaces/cmake/export_xplane_interfaces__rosidl_generator_cExport.cmake
[3.207s] -- Up-to-date: /home/uas/Documents/blue/git_repos/xplane_ros2/install/xplane_interfaces/share/xplane_interfaces/cmake/export_xplane_interfaces__rosidl_generator_cExport-noconfig.cmake
[3.207s] -- Up-to-date: /home/uas/Documents/blue/git_repos/xplane_ros2/install/xplane_interfaces/share/xplane_interfaces/cmake/export_xplane_interfaces__rosidl_typesupport_fastrtps_cExport.cmake
[3.207s] -- Up-to-date: /home/uas/Documents/blue/git_repos/xplane_ros2/install/xplane_interfaces/share/xplane_interfaces/cmake/export_xplane_interfaces__rosidl_typesupport_fastrtps_cExport-noconfig.cmake
[3.207s] -- Up-to-date: /home/uas/Documents/blue/git_repos/xplane_ros2/install/xplane_interfaces/share/xplane_interfaces/cmake/export_xplane_interfaces__rosidl_generator_cppExport.cmake
[3.207s] -- Up-to-date: /home/uas/Documents/blue/git_repos/xplane_ros2/install/xplane_interfaces/share/xplane_interfaces/cmake/export_xplane_interfaces__rosidl_typesupport_fastrtps_cppExport.cmake
[3.207s] -- Up-to-date: /home/uas/Documents/blue/git_repos/xplane_ros2/install/xplane_interfaces/share/xplane_interfaces/cmake/export_xplane_interfaces__rosidl_typesupport_fastrtps_cppExport-noconfig.cmake
[3.207s] -- Up-to-date: /home/uas/Documents/blue/git_repos/xplane_ros2/install/xplane_interfaces/share/xplane_interfaces/cmake/xplane_interfaces__rosidl_typesupport_introspection_cExport.cmake
[3.208s] -- Up-to-date: /home/uas/Documents/blue/git_repos/xplane_ros2/install/xplane_interfaces/share/xplane_interfaces/cmake/xplane_interfaces__rosidl_typesupport_introspection_cExport-noconfig.cmake
[3.208s] -- Up-to-date: /home/uas/Documents/blue/git_repos/xplane_ros2/install/xplane_interfaces/share/xplane_interfaces/cmake/xplane_interfaces__rosidl_typesupport_cExport.cmake
[3.208s] -- Up-to-date: /home/uas/Documents/blue/git_repos/xplane_ros2/install/xplane_interfaces/share/xplane_interfaces/cmake/xplane_interfaces__rosidl_typesupport_cExport-noconfig.cmake
[3.208s] -- Up-to-date: /home/uas/Documents/blue/git_repos/xplane_ros2/install/xplane_interfaces/share/xplane_interfaces/cmake/xplane_interfaces__rosidl_typesupport_introspection_cppExport.cmake
[3.208s] -- Up-to-date: /home/uas/Documents/blue/git_repos/xplane_ros2/install/xplane_interfaces/share/xplane_interfaces/cmake/xplane_interfaces__rosidl_typesupport_introspection_cppExport-noconfig.cmake
[3.208s] -- Up-to-date: /home/uas/Documents/blue/git_repos/xplane_ros2/install/xplane_interfaces/share/xplane_interfaces/cmake/xplane_interfaces__rosidl_typesupport_cppExport.cmake
[3.208s] -- Up-to-date: /home/uas/Documents/blue/git_repos/xplane_ros2/install/xplane_interfaces/share/xplane_interfaces/cmake/xplane_interfaces__rosidl_typesupport_cppExport-noconfig.cmake
[3.208s] -- Up-to-date: /home/uas/Documents/blue/git_repos/xplane_ros2/install/xplane_interfaces/share/xplane_interfaces/cmake/export_xplane_interfaces__rosidl_generator_pyExport.cmake
[3.208s] -- Up-to-date: /home/uas/Documents/blue/git_repos/xplane_ros2/install/xplane_interfaces/share/xplane_interfaces/cmake/export_xplane_interfaces__rosidl_generator_pyExport-noconfig.cmake
[3.208s] -- Installing: /home/uas/Documents/blue/git_repos/xplane_ros2/install/xplane_interfaces/share/xplane_interfaces/cmake/rosidl_cmake-extras.cmake
[3.208s] -- Up-to-date: /home/uas/Documents/blue/git_repos/xplane_ros2/install/xplane_interfaces/share/xplane_interfaces/cmake/ament_cmake_export_dependencies-extras.cmake
[3.209s] -- Up-to-date: /home/uas/Documents/blue/git_repos/xplane_ros2/install/xplane_interfaces/share/xplane_interfaces/cmake/ament_cmake_export_include_directories-extras.cmake
[3.209s] -- Up-to-date: /home/uas/Documents/blue/git_repos/xplane_ros2/install/xplane_interfaces/share/xplane_interfaces/cmake/ament_cmake_export_libraries-extras.cmake
[3.209s] -- Up-to-date: /home/uas/Documents/blue/git_repos/xplane_ros2/install/xplane_interfaces/share/xplane_interfaces/cmake/ament_cmake_export_targets-extras.cmake
[3.209s] -- Up-to-date: /home/uas/Documents/blue/git_repos/xplane_ros2/install/xplane_interfaces/share/xplane_interfaces/cmake/rosidl_cmake_export_typesupport_targets-extras.cmake
[3.210s] -- Up-to-date: /home/uas/Documents/blue/git_repos/xplane_ros2/install/xplane_interfaces/share/xplane_interfaces/cmake/rosidl_cmake_export_typesupport_libraries-extras.cmake
[3.210s] -- Up-to-date: /home/uas/Documents/blue/git_repos/xplane_ros2/install/xplane_interfaces/share/xplane_interfaces/cmake/xplane_interfacesConfig.cmake
[3.210s] -- Up-to-date: /home/uas/Documents/blue/git_repos/xplane_ros2/install/xplane_interfaces/share/xplane_interfaces/cmake/xplane_interfacesConfig-version.cmake
[3.210s] -- Up-to-date: /home/uas/Documents/blue/git_repos/xplane_ros2/install/xplane_interfaces/share/xplane_interfaces/package.xml
[3.210s] Invoked command in '/home/uas/Documents/blue/git_repos/xplane_ros2/build/xplane_interfaces' returned '0': CMAKE_PREFIX_PATH=${CMAKE_PREFIX_PATH}:/home/uas/Documents/blue/git_repos/xplane_ros2/install/xplaneros2_main:/opt/ros/humble /usr/bin/cmake --install /home/uas/Documents/blue/git_repos/xplane_ros2/build/xplane_interfaces
